GAS LISTING /var/folders/7l/9pmsqbq54pd4f14gcz60xhbh0000gn/T//cczm1UTl.s 			page 1


   1               		.file	"lis331.c"
   2               	__SP_H__ = 0x3e
   3               	__SP_L__ = 0x3d
   4               	__SREG__ = 0x3f
   5               	__tmp_reg__ = 0
   6               	__zero_reg__ = 1
   7               		.text
   8               	.Ltext0:
   9               		.cfi_sections	.debug_frame
  10               		.type	lis331_read_reg, @function
  11               	lis331_read_reg:
  12               	.LFB11:
  13               		.file 1 "lis331.c"
   1:lis331.c      **** /*
   2:lis331.c      ****  * lis331.c
   3:lis331.c      ****  * Source file for lis331 driver.
   4:lis331.c      ****  * Datasheet available at http://www.st.com/resource/en/datasheet/h3lis331dl.pdf
   5:lis331.c      ****  *
   6:lis331.c      ****  * Author: Jonny Dyer
   7:lis331.c      ****  * Date: 4/21/18
   8:lis331.c      ****  */
   9:lis331.c      **** 
  10:lis331.c      **** #include <avrlib/i2c.h>
  11:lis331.c      **** #include <util/delay.h>
  12:lis331.c      **** #include "lis331.h"
  13:lis331.c      **** 
  14:lis331.c      **** static int8_t lis331_write_reg(uint8_t sub, uint8_t val);
  15:lis331.c      **** static uint8_t lis331_read_reg(uint8_t sub);
  16:lis331.c      **** 
  17:lis331.c      **** int8_t lis331_init(void){
  18:lis331.c      ****     int8_t retval = I2C_OK;
  19:lis331.c      **** 
  20:lis331.c      ****     //retval = lis331_write_reg(LIS331_REG_CTRL_REG2, 0x00);
  21:lis331.c      ****     //if(retval != I2C_OK) return retval;
  22:lis331.c      ****     //
  23:lis331.c      ****     // Wait for BOOT bit to clear on startup
  24:lis331.c      ****     while(lis331_read_reg(LIS331_REG_CTRL_REG2) & LIS331_BOOT){
  25:lis331.c      ****         _delay_ms(1);
  26:lis331.c      ****     }
  27:lis331.c      **** 
  28:lis331.c      ****     retval = lis331_write_reg(LIS331_REG_CTRL_REG4, LIS331_BDU | H3LIS331_FS_100G);
  29:lis331.c      ****     if(retval != I2C_OK) return retval;
  30:lis331.c      **** 
  31:lis331.c      ****     retval = lis331_write_reg(LIS331_REG_CTRL_REG3, LIS331_I1_CFG1);    // INT1 configured for Data
  32:lis331.c      ****     if(retval != I2C_OK) return retval;
  33:lis331.c      **** 
  34:lis331.c      ****     retval = lis331_write_reg(LIS331_REG_CTRL_REG1, LIS331_POWER_NORM | 
  35:lis331.c      ****                                                     LIS331_DATA_RATE_400 | 
  36:lis331.c      ****                                                     LIS331_X_ENABLE | 
  37:lis331.c      ****                                                     LIS331_Y_ENABLE | 
  38:lis331.c      ****                                                     LIS331_Z_ENABLE);
  39:lis331.c      ****     if(retval != I2C_OK) return retval;
  40:lis331.c      **** 
  41:lis331.c      ****     return retval;
  42:lis331.c      **** }
  43:lis331.c      **** 
  44:lis331.c      **** uint8_t lis331_data_status(void){
GAS LISTING /var/folders/7l/9pmsqbq54pd4f14gcz60xhbh0000gn/T//cczm1UTl.s 			page 2


  45:lis331.c      ****     return lis331_read_reg(LIS331_REG_STATUS_REG);
  46:lis331.c      **** }
  47:lis331.c      **** 
  48:lis331.c      **** uint8_t lis331_data_ready(void){
  49:lis331.c      ****     return (EXTINT_PIN & EXTINT_LIS331_PIN) > 0;
  50:lis331.c      **** }
  51:lis331.c      **** 
  52:lis331.c      **** int8_t lis331_read(int16_t *x, int16_t *y, int16_t *z){
  53:lis331.c      ****     int8_t retval = I2C_OK;
  54:lis331.c      ****     
  55:lis331.c      ****     // First send address
  56:lis331.c      ****     g_buff[0] = 0x80 | LIS331_REG_OUT_X_L; //0x80 | for multi-byte read
  57:lis331.c      ****     retval = i2cMasterSend(LIS331_ADDR, 1, g_buff);
  58:lis331.c      ****     if(retval != I2C_OK) return retval;
  59:lis331.c      ****     
  60:lis331.c      ****     // Now receive
  61:lis331.c      ****     retval = i2cMasterReceive(LIS331_ADDR, 6, g_buff);
  62:lis331.c      ****     if(retval != I2C_OK) return retval;
  63:lis331.c      **** 
  64:lis331.c      ****     *x = (int16_t)((uint16_t)g_buff[0] | ((uint16_t)g_buff[1]<<8)) >> 4;
  65:lis331.c      ****     *y = (int16_t)((uint16_t)g_buff[2] | ((uint16_t)g_buff[3]<<8)) >> 4;
  66:lis331.c      ****     *z = (int16_t)((uint16_t)g_buff[4] | ((uint16_t)g_buff[5]<<8)) >> 4;
  67:lis331.c      **** 
  68:lis331.c      ****     return retval;
  69:lis331.c      **** }
  70:lis331.c      **** 
  71:lis331.c      **** /* lis331_write_reg
  72:lis331.c      ****  * writes a register at addr
  73:lis331.c      ****  */
  74:lis331.c      **** static int8_t lis331_write_reg(uint8_t sub, uint8_t val){
  75:lis331.c      ****     g_buff[0] = sub;
  76:lis331.c      ****     g_buff[1] = val;
  77:lis331.c      ****     return i2cMasterSend(LIS331_ADDR, 2, g_buff);
  78:lis331.c      **** }
  79:lis331.c      **** 
  80:lis331.c      **** /* lis331_read_reg
  81:lis331.c      ****  * writes a register at addr
  82:lis331.c      ****  */
  83:lis331.c      **** static uint8_t lis331_read_reg(uint8_t sub){
  14               		.loc 1 83 0
  15               		.cfi_startproc
  16               	.LVL0:
  17               	/* prologue: function */
  18               	/* frame size = 0 */
  19               	/* stack size = 0 */
  20               	.L__stack_usage = 0
  84:lis331.c      ****     int8_t retval = I2C_OK;
  85:lis331.c      ****     
  86:lis331.c      ****     // First send address
  87:lis331.c      ****     g_buff[0] = sub;
  21               		.loc 1 87 0
  22 0000 8093 0000 		sts g_buff,r24
  88:lis331.c      ****     retval = i2cMasterSend(LIS331_ADDR, 1, g_buff);
  23               		.loc 1 88 0
  24 0004 40E0      		ldi r20,lo8(g_buff)
  25 0006 50E0      		ldi r21,hi8(g_buff)
  26 0008 61E0      		ldi r22,lo8(1)
GAS LISTING /var/folders/7l/9pmsqbq54pd4f14gcz60xhbh0000gn/T//cczm1UTl.s 			page 3


  27 000a 82E3      		ldi r24,lo8(50)
  28               	.LVL1:
  29 000c 0E94 0000 		call i2cMasterSend
  30               	.LVL2:
  89:lis331.c      ****     if(retval != I2C_OK) return retval;
  31               		.loc 1 89 0
  32 0010 8111      		cpse r24,__zero_reg__
  33 0012 00C0      		rjmp .L3
  34               	.LVL3:
  35               	.LBB6:
  36               	.LBB7:
  90:lis331.c      ****     
  91:lis331.c      ****     // Now receive
  92:lis331.c      ****     retval = i2cMasterReceive(LIS331_ADDR, 1, g_buff);
  37               		.loc 1 92 0
  38 0014 40E0      		ldi r20,lo8(g_buff)
  39 0016 50E0      		ldi r21,hi8(g_buff)
  40 0018 61E0      		ldi r22,lo8(1)
  41 001a 82E3      		ldi r24,lo8(50)
  42               	.LVL4:
  43 001c 0E94 0000 		call i2cMasterReceive
  44               	.LVL5:
  93:lis331.c      ****     if(retval != I2C_OK) return retval;
  45               		.loc 1 93 0
  46 0020 8111      		cpse r24,__zero_reg__
  47 0022 00C0      		rjmp .L3
  94:lis331.c      **** 
  95:lis331.c      ****     return g_buff[0];
  48               		.loc 1 95 0
  49 0024 8091 0000 		lds r24,g_buff
  50               	.LVL6:
  51               	.L3:
  52               	.LBE7:
  53               	.LBE6:
  96:lis331.c      **** }
  54               		.loc 1 96 0
  55 0028 0895      		ret
  56               		.cfi_endproc
  57               	.LFE11:
  58               		.size	lis331_read_reg, .-lis331_read_reg
  59               	.global	lis331_init
  60               		.type	lis331_init, @function
  61               	lis331_init:
  62               	.LFB6:
  17:lis331.c      **** int8_t lis331_init(void){
  63               		.loc 1 17 0
  64               		.cfi_startproc
  65               	/* prologue: function */
  66               	/* frame size = 0 */
  67               	/* stack size = 0 */
  68               	.L__stack_usage = 0
  69               	.LVL7:
  70               	.L8:
  24:lis331.c      ****     while(lis331_read_reg(LIS331_REG_CTRL_REG2) & LIS331_BOOT){
  71               		.loc 1 24 0 discriminator 1
  72 002a 81E2      		ldi r24,lo8(33)
  73 002c 0E94 0000 		call lis331_read_reg
GAS LISTING /var/folders/7l/9pmsqbq54pd4f14gcz60xhbh0000gn/T//cczm1UTl.s 			page 4


  74               	.LVL8:
  75 0030 87FF      		sbrs r24,7
  76 0032 00C0      		rjmp .L11
  77               	.LVL9:
  78               	.LBB16:
  79               	.LBB17:
  80               		.file 2 "/usr/local/CrossPack-AVR-20131216/avr/include/util/delay.h"
   1:/usr/local/CrossPack-AVR-20131216/avr/include/util/delay.h **** /* Copyright (c) 2002, Marek Michalkiewicz
   2:/usr/local/CrossPack-AVR-20131216/avr/include/util/delay.h ****    Copyright (c) 2004,2005,2007 Joerg Wunsch
   3:/usr/local/CrossPack-AVR-20131216/avr/include/util/delay.h ****    Copyright (c) 2007  Florin-Viorel Petrov
   4:/usr/local/CrossPack-AVR-20131216/avr/include/util/delay.h ****    All rights reserved.
   5:/usr/local/CrossPack-AVR-20131216/avr/include/util/delay.h **** 
   6:/usr/local/CrossPack-AVR-20131216/avr/include/util/delay.h ****    Redistribution and use in source and binary forms, with or without
   7:/usr/local/CrossPack-AVR-20131216/avr/include/util/delay.h ****    modification, are permitted provided that the following conditions are met:
   8:/usr/local/CrossPack-AVR-20131216/avr/include/util/delay.h **** 
   9:/usr/local/CrossPack-AVR-20131216/avr/include/util/delay.h ****    * Redistributions of source code must retain the above copyright
  10:/usr/local/CrossPack-AVR-20131216/avr/include/util/delay.h ****      notice, this list of conditions and the following disclaimer.
  11:/usr/local/CrossPack-AVR-20131216/avr/include/util/delay.h **** 
  12:/usr/local/CrossPack-AVR-20131216/avr/include/util/delay.h ****    * Redistributions in binary form must reproduce the above copyright
  13:/usr/local/CrossPack-AVR-20131216/avr/include/util/delay.h ****      notice, this list of conditions and the following disclaimer in
  14:/usr/local/CrossPack-AVR-20131216/avr/include/util/delay.h ****      the documentation and/or other materials provided with the
  15:/usr/local/CrossPack-AVR-20131216/avr/include/util/delay.h ****      distribution.
  16:/usr/local/CrossPack-AVR-20131216/avr/include/util/delay.h **** 
  17:/usr/local/CrossPack-AVR-20131216/avr/include/util/delay.h ****    * Neither the name of the copyright holders nor the names of
  18:/usr/local/CrossPack-AVR-20131216/avr/include/util/delay.h ****      contributors may be used to endorse or promote products derived
  19:/usr/local/CrossPack-AVR-20131216/avr/include/util/delay.h ****      from this software without specific prior written permission.
  20:/usr/local/CrossPack-AVR-20131216/avr/include/util/delay.h **** 
  21:/usr/local/CrossPack-AVR-20131216/avr/include/util/delay.h ****   THIS SOFTWARE IS PROVIDED BY THE COPYRIGHT HOLDERS AND CONTRIBUTORS "AS IS"
  22:/usr/local/CrossPack-AVR-20131216/avr/include/util/delay.h ****   AND ANY EXPRESS OR IMPLIED WARRANTIES, INCLUDING, BUT NOT LIMITED TO, THE
  23:/usr/local/CrossPack-AVR-20131216/avr/include/util/delay.h ****   IMPLIED WARRANTIES OF MERCHANTABILITY AND FITNESS FOR A PARTICULAR PURPOSE
  24:/usr/local/CrossPack-AVR-20131216/avr/include/util/delay.h ****   ARE DISCLAIMED. IN NO EVENT SHALL THE COPYRIGHT OWNER OR CONTRIBUTORS BE
  25:/usr/local/CrossPack-AVR-20131216/avr/include/util/delay.h ****   LIABLE FOR ANY DIRECT, INDIRECT, INCIDENTAL, SPECIAL, EXEMPLARY, OR
  26:/usr/local/CrossPack-AVR-20131216/avr/include/util/delay.h ****   CONSEQUENTIAL DAMAGES (INCLUDING, BUT NOT LIMITED TO, PROCUREMENT OF
  27:/usr/local/CrossPack-AVR-20131216/avr/include/util/delay.h ****   SUBSTITUTE GOODS OR SERVICES; LOSS OF USE, DATA, OR PROFITS; OR BUSINESS
  28:/usr/local/CrossPack-AVR-20131216/avr/include/util/delay.h ****   INTERRUPTION) HOWEVER CAUSED AND ON ANY THEORY OF LIABILITY, WHETHER IN
  29:/usr/local/CrossPack-AVR-20131216/avr/include/util/delay.h ****   CONTRACT, STRICT LIABILITY, OR TORT (INCLUDING NEGLIGENCE OR OTHERWISE)
  30:/usr/local/CrossPack-AVR-20131216/avr/include/util/delay.h ****   ARISING IN ANY WAY OUT OF THE USE OF THIS SOFTWARE, EVEN IF ADVISED OF THE
  31:/usr/local/CrossPack-AVR-20131216/avr/include/util/delay.h ****   POSSIBILITY OF SUCH DAMAGE. */
  32:/usr/local/CrossPack-AVR-20131216/avr/include/util/delay.h **** 
  33:/usr/local/CrossPack-AVR-20131216/avr/include/util/delay.h **** /* $Id$ */
  34:/usr/local/CrossPack-AVR-20131216/avr/include/util/delay.h **** 
  35:/usr/local/CrossPack-AVR-20131216/avr/include/util/delay.h **** #ifndef _UTIL_DELAY_H_
  36:/usr/local/CrossPack-AVR-20131216/avr/include/util/delay.h **** #define _UTIL_DELAY_H_ 1
  37:/usr/local/CrossPack-AVR-20131216/avr/include/util/delay.h **** 
  38:/usr/local/CrossPack-AVR-20131216/avr/include/util/delay.h **** #ifndef __HAS_DELAY_CYCLES
  39:/usr/local/CrossPack-AVR-20131216/avr/include/util/delay.h **** #define __HAS_DELAY_CYCLES 1
  40:/usr/local/CrossPack-AVR-20131216/avr/include/util/delay.h **** #endif
  41:/usr/local/CrossPack-AVR-20131216/avr/include/util/delay.h **** 
  42:/usr/local/CrossPack-AVR-20131216/avr/include/util/delay.h **** #include <inttypes.h>
  43:/usr/local/CrossPack-AVR-20131216/avr/include/util/delay.h **** #include <util/delay_basic.h>
  44:/usr/local/CrossPack-AVR-20131216/avr/include/util/delay.h **** #include <math.h>
  45:/usr/local/CrossPack-AVR-20131216/avr/include/util/delay.h **** 
  46:/usr/local/CrossPack-AVR-20131216/avr/include/util/delay.h **** /** \file */
  47:/usr/local/CrossPack-AVR-20131216/avr/include/util/delay.h **** /** \defgroup util_delay <util/delay.h>: Convenience functions for busy-wait delay loops
  48:/usr/local/CrossPack-AVR-20131216/avr/include/util/delay.h ****     \code
  49:/usr/local/CrossPack-AVR-20131216/avr/include/util/delay.h ****     #define F_CPU 1000000UL  // 1 MHz
  50:/usr/local/CrossPack-AVR-20131216/avr/include/util/delay.h ****     //#define F_CPU 14.7456E6
GAS LISTING /var/folders/7l/9pmsqbq54pd4f14gcz60xhbh0000gn/T//cczm1UTl.s 			page 5


  51:/usr/local/CrossPack-AVR-20131216/avr/include/util/delay.h ****     #include <util/delay.h>
  52:/usr/local/CrossPack-AVR-20131216/avr/include/util/delay.h ****     \endcode
  53:/usr/local/CrossPack-AVR-20131216/avr/include/util/delay.h **** 
  54:/usr/local/CrossPack-AVR-20131216/avr/include/util/delay.h ****     \note As an alternative method, it is possible to pass the
  55:/usr/local/CrossPack-AVR-20131216/avr/include/util/delay.h ****     F_CPU macro down to the compiler from the Makefile.
  56:/usr/local/CrossPack-AVR-20131216/avr/include/util/delay.h ****     Obviously, in that case, no \c \#define statement should be
  57:/usr/local/CrossPack-AVR-20131216/avr/include/util/delay.h ****     used.
  58:/usr/local/CrossPack-AVR-20131216/avr/include/util/delay.h **** 
  59:/usr/local/CrossPack-AVR-20131216/avr/include/util/delay.h ****     The functions in this header file are wrappers around the basic
  60:/usr/local/CrossPack-AVR-20131216/avr/include/util/delay.h ****     busy-wait functions from <util/delay_basic.h>.  They are meant as
  61:/usr/local/CrossPack-AVR-20131216/avr/include/util/delay.h ****     convenience functions where actual time values can be specified
  62:/usr/local/CrossPack-AVR-20131216/avr/include/util/delay.h ****     rather than a number of cycles to wait for.  The idea behind is
  63:/usr/local/CrossPack-AVR-20131216/avr/include/util/delay.h ****     that compile-time constant expressions will be eliminated by
  64:/usr/local/CrossPack-AVR-20131216/avr/include/util/delay.h ****     compiler optimization so floating-point expressions can be used
  65:/usr/local/CrossPack-AVR-20131216/avr/include/util/delay.h ****     to calculate the number of delay cycles needed based on the CPU
  66:/usr/local/CrossPack-AVR-20131216/avr/include/util/delay.h ****     frequency passed by the macro F_CPU.
  67:/usr/local/CrossPack-AVR-20131216/avr/include/util/delay.h **** 
  68:/usr/local/CrossPack-AVR-20131216/avr/include/util/delay.h ****     \note In order for these functions to work as intended, compiler
  69:/usr/local/CrossPack-AVR-20131216/avr/include/util/delay.h ****     optimizations <em>must</em> be enabled, and the delay time
  70:/usr/local/CrossPack-AVR-20131216/avr/include/util/delay.h ****     <em>must</em> be an expression that is a known constant at
  71:/usr/local/CrossPack-AVR-20131216/avr/include/util/delay.h ****     compile-time.  If these requirements are not met, the resulting
  72:/usr/local/CrossPack-AVR-20131216/avr/include/util/delay.h ****     delay will be much longer (and basically unpredictable), and
  73:/usr/local/CrossPack-AVR-20131216/avr/include/util/delay.h ****     applications that otherwise do not use floating-point calculations
  74:/usr/local/CrossPack-AVR-20131216/avr/include/util/delay.h ****     will experience severe code bloat by the floating-point library
  75:/usr/local/CrossPack-AVR-20131216/avr/include/util/delay.h ****     routines linked into the application.
  76:/usr/local/CrossPack-AVR-20131216/avr/include/util/delay.h **** 
  77:/usr/local/CrossPack-AVR-20131216/avr/include/util/delay.h ****     The functions available allow the specification of microsecond, and
  78:/usr/local/CrossPack-AVR-20131216/avr/include/util/delay.h ****     millisecond delays directly, using the application-supplied macro
  79:/usr/local/CrossPack-AVR-20131216/avr/include/util/delay.h ****     F_CPU as the CPU clock frequency (in Hertz).
  80:/usr/local/CrossPack-AVR-20131216/avr/include/util/delay.h **** 
  81:/usr/local/CrossPack-AVR-20131216/avr/include/util/delay.h **** */
  82:/usr/local/CrossPack-AVR-20131216/avr/include/util/delay.h **** 
  83:/usr/local/CrossPack-AVR-20131216/avr/include/util/delay.h **** #if !defined(__DOXYGEN__)
  84:/usr/local/CrossPack-AVR-20131216/avr/include/util/delay.h **** static inline void _delay_us(double __us) __attribute__((always_inline));
  85:/usr/local/CrossPack-AVR-20131216/avr/include/util/delay.h **** static inline void _delay_ms(double __ms) __attribute__((always_inline));
  86:/usr/local/CrossPack-AVR-20131216/avr/include/util/delay.h **** #endif
  87:/usr/local/CrossPack-AVR-20131216/avr/include/util/delay.h **** 
  88:/usr/local/CrossPack-AVR-20131216/avr/include/util/delay.h **** #ifndef F_CPU
  89:/usr/local/CrossPack-AVR-20131216/avr/include/util/delay.h **** /* prevent compiler error by supplying a default */
  90:/usr/local/CrossPack-AVR-20131216/avr/include/util/delay.h **** # warning "F_CPU not defined for <util/delay.h>"
  91:/usr/local/CrossPack-AVR-20131216/avr/include/util/delay.h **** # define F_CPU 1000000UL
  92:/usr/local/CrossPack-AVR-20131216/avr/include/util/delay.h **** #endif
  93:/usr/local/CrossPack-AVR-20131216/avr/include/util/delay.h **** 
  94:/usr/local/CrossPack-AVR-20131216/avr/include/util/delay.h **** #ifndef __OPTIMIZE__
  95:/usr/local/CrossPack-AVR-20131216/avr/include/util/delay.h **** # warning "Compiler optimizations disabled; functions from <util/delay.h> won't work as designed"
  96:/usr/local/CrossPack-AVR-20131216/avr/include/util/delay.h **** #endif
  97:/usr/local/CrossPack-AVR-20131216/avr/include/util/delay.h **** 
  98:/usr/local/CrossPack-AVR-20131216/avr/include/util/delay.h **** #if __HAS_DELAY_CYCLES && defined(__OPTIMIZE__) && \
  99:/usr/local/CrossPack-AVR-20131216/avr/include/util/delay.h ****   !defined(__DELAY_BACKWARD_COMPATIBLE__) &&	   \
 100:/usr/local/CrossPack-AVR-20131216/avr/include/util/delay.h ****   __STDC_HOSTED__
 101:/usr/local/CrossPack-AVR-20131216/avr/include/util/delay.h **** #  include <math.h>
 102:/usr/local/CrossPack-AVR-20131216/avr/include/util/delay.h **** #endif
 103:/usr/local/CrossPack-AVR-20131216/avr/include/util/delay.h **** 
 104:/usr/local/CrossPack-AVR-20131216/avr/include/util/delay.h **** /**
 105:/usr/local/CrossPack-AVR-20131216/avr/include/util/delay.h ****    \ingroup util_delay
 106:/usr/local/CrossPack-AVR-20131216/avr/include/util/delay.h **** 
 107:/usr/local/CrossPack-AVR-20131216/avr/include/util/delay.h ****    Perform a delay of \c __ms milliseconds, using _delay_loop_2().
GAS LISTING /var/folders/7l/9pmsqbq54pd4f14gcz60xhbh0000gn/T//cczm1UTl.s 			page 6


 108:/usr/local/CrossPack-AVR-20131216/avr/include/util/delay.h **** 
 109:/usr/local/CrossPack-AVR-20131216/avr/include/util/delay.h ****    The macro F_CPU is supposed to be defined to a
 110:/usr/local/CrossPack-AVR-20131216/avr/include/util/delay.h ****    constant defining the CPU clock frequency (in Hertz).
 111:/usr/local/CrossPack-AVR-20131216/avr/include/util/delay.h **** 
 112:/usr/local/CrossPack-AVR-20131216/avr/include/util/delay.h ****    The maximal possible delay is 262.14 ms / F_CPU in MHz.
 113:/usr/local/CrossPack-AVR-20131216/avr/include/util/delay.h **** 
 114:/usr/local/CrossPack-AVR-20131216/avr/include/util/delay.h ****    When the user request delay which exceed the maximum possible one,
 115:/usr/local/CrossPack-AVR-20131216/avr/include/util/delay.h ****    _delay_ms() provides a decreased resolution functionality. In this
 116:/usr/local/CrossPack-AVR-20131216/avr/include/util/delay.h ****    mode _delay_ms() will work with a resolution of 1/10 ms, providing
 117:/usr/local/CrossPack-AVR-20131216/avr/include/util/delay.h ****    delays up to 6.5535 seconds (independent from CPU frequency).  The
 118:/usr/local/CrossPack-AVR-20131216/avr/include/util/delay.h ****    user will not be informed about decreased resolution.
 119:/usr/local/CrossPack-AVR-20131216/avr/include/util/delay.h **** 
 120:/usr/local/CrossPack-AVR-20131216/avr/include/util/delay.h ****    If the avr-gcc toolchain has __builtin_avr_delay_cycles(unsigned long)
 121:/usr/local/CrossPack-AVR-20131216/avr/include/util/delay.h ****    support, maximal possible delay is 4294967.295 ms/ F_CPU in MHz. For
 122:/usr/local/CrossPack-AVR-20131216/avr/include/util/delay.h ****    values greater than the maximal possible delay, overflows results in
 123:/usr/local/CrossPack-AVR-20131216/avr/include/util/delay.h ****    no delay i.e., 0ms.
 124:/usr/local/CrossPack-AVR-20131216/avr/include/util/delay.h **** 
 125:/usr/local/CrossPack-AVR-20131216/avr/include/util/delay.h ****    Conversion of __us into clock cycles may not always result in integer.
 126:/usr/local/CrossPack-AVR-20131216/avr/include/util/delay.h ****    By default, the clock cycles rounded up to next integer. This ensures that
 127:/usr/local/CrossPack-AVR-20131216/avr/include/util/delay.h ****    the user gets atleast __us microseconds of delay.
 128:/usr/local/CrossPack-AVR-20131216/avr/include/util/delay.h **** 
 129:/usr/local/CrossPack-AVR-20131216/avr/include/util/delay.h ****    Alternatively, user can define __DELAY_ROUND_DOWN__ and __DELAY_ROUND_CLOSEST__
 130:/usr/local/CrossPack-AVR-20131216/avr/include/util/delay.h ****    to round down and round to closest integer.
 131:/usr/local/CrossPack-AVR-20131216/avr/include/util/delay.h **** 
 132:/usr/local/CrossPack-AVR-20131216/avr/include/util/delay.h ****    Note: The new implementation of _delay_ms(double __ms) with 
 133:/usr/local/CrossPack-AVR-20131216/avr/include/util/delay.h ****     __builtin_avr_delay_cycles(unsigned long) support is not backward compatible. 
 134:/usr/local/CrossPack-AVR-20131216/avr/include/util/delay.h ****    User can define __DELAY_BACKWARD_COMPATIBLE__ to get a backward compatible delay.
 135:/usr/local/CrossPack-AVR-20131216/avr/include/util/delay.h ****    Also, the backward compatible
 136:/usr/local/CrossPack-AVR-20131216/avr/include/util/delay.h ****    algorithm will be chosen if the code is compiled in a <em>freestanding
 137:/usr/local/CrossPack-AVR-20131216/avr/include/util/delay.h ****    environment</em> (GCC option \c -ffreestanding), as the math functions
 138:/usr/local/CrossPack-AVR-20131216/avr/include/util/delay.h ****    required for rounding are not available to the compiler then.
 139:/usr/local/CrossPack-AVR-20131216/avr/include/util/delay.h **** 
 140:/usr/local/CrossPack-AVR-20131216/avr/include/util/delay.h ****  */
 141:/usr/local/CrossPack-AVR-20131216/avr/include/util/delay.h **** void
 142:/usr/local/CrossPack-AVR-20131216/avr/include/util/delay.h **** _delay_ms(double __ms)
 143:/usr/local/CrossPack-AVR-20131216/avr/include/util/delay.h **** {
 144:/usr/local/CrossPack-AVR-20131216/avr/include/util/delay.h **** 	double __tmp ; 
 145:/usr/local/CrossPack-AVR-20131216/avr/include/util/delay.h **** #if __HAS_DELAY_CYCLES && defined(__OPTIMIZE__) && \
 146:/usr/local/CrossPack-AVR-20131216/avr/include/util/delay.h ****   !defined(__DELAY_BACKWARD_COMPATIBLE__) &&	   \
 147:/usr/local/CrossPack-AVR-20131216/avr/include/util/delay.h ****   __STDC_HOSTED__
 148:/usr/local/CrossPack-AVR-20131216/avr/include/util/delay.h **** 	uint32_t __ticks_dc;
 149:/usr/local/CrossPack-AVR-20131216/avr/include/util/delay.h **** 	extern void __builtin_avr_delay_cycles(unsigned long);
 150:/usr/local/CrossPack-AVR-20131216/avr/include/util/delay.h **** 	__tmp = ((F_CPU) / 1e3) * __ms;
 151:/usr/local/CrossPack-AVR-20131216/avr/include/util/delay.h **** 
 152:/usr/local/CrossPack-AVR-20131216/avr/include/util/delay.h **** 	#if defined(__DELAY_ROUND_DOWN__)
 153:/usr/local/CrossPack-AVR-20131216/avr/include/util/delay.h **** 		__ticks_dc = (uint32_t)fabs(__tmp);
 154:/usr/local/CrossPack-AVR-20131216/avr/include/util/delay.h **** 
 155:/usr/local/CrossPack-AVR-20131216/avr/include/util/delay.h **** 	#elif defined(__DELAY_ROUND_CLOSEST__)
 156:/usr/local/CrossPack-AVR-20131216/avr/include/util/delay.h **** 		__ticks_dc = (uint32_t)(fabs(__tmp)+0.5);
 157:/usr/local/CrossPack-AVR-20131216/avr/include/util/delay.h **** 
 158:/usr/local/CrossPack-AVR-20131216/avr/include/util/delay.h **** 	#else
 159:/usr/local/CrossPack-AVR-20131216/avr/include/util/delay.h **** 		//round up by default
 160:/usr/local/CrossPack-AVR-20131216/avr/include/util/delay.h **** 		__ticks_dc = (uint32_t)(ceil(fabs(__tmp)));
 161:/usr/local/CrossPack-AVR-20131216/avr/include/util/delay.h **** 	#endif
 162:/usr/local/CrossPack-AVR-20131216/avr/include/util/delay.h **** 
 163:/usr/local/CrossPack-AVR-20131216/avr/include/util/delay.h **** 	__builtin_avr_delay_cycles(__ticks_dc);
  81               		.loc 2 163 0
GAS LISTING /var/folders/7l/9pmsqbq54pd4f14gcz60xhbh0000gn/T//cczm1UTl.s 			page 7


  82 0034 8FE9      		ldi r24,lo8(3999)
  83 0036 9FE0      		ldi r25,hi8(3999)
  84 0038 0197      		1: sbiw r24,1
  85 003a 01F4      		brne 1b
  86 003c 00C0      		rjmp .
  87 003e 0000      		nop
  88 0040 00C0      		rjmp .L8
  89               	.LVL10:
  90               	.L11:
  91               	.LBE17:
  92               	.LBE16:
  93               	.LBB18:
  94               	.LBB19:
  75:lis331.c      ****     g_buff[0] = sub;
  95               		.loc 1 75 0
  96 0042 83E2      		ldi r24,lo8(35)
  97 0044 8093 0000 		sts g_buff,r24
  76:lis331.c      ****     g_buff[1] = val;
  98               		.loc 1 76 0
  99 0048 80E8      		ldi r24,lo8(-128)
 100 004a 8093 0000 		sts g_buff+1,r24
  77:lis331.c      ****     return i2cMasterSend(LIS331_ADDR, 2, g_buff);
 101               		.loc 1 77 0
 102 004e 40E0      		ldi r20,lo8(g_buff)
 103 0050 50E0      		ldi r21,hi8(g_buff)
 104 0052 62E0      		ldi r22,lo8(2)
 105 0054 82E3      		ldi r24,lo8(50)
 106 0056 0E94 0000 		call i2cMasterSend
 107               	.LVL11:
 108               	.LBE19:
 109               	.LBE18:
  29:lis331.c      ****     if(retval != I2C_OK) return retval;
 110               		.loc 1 29 0
 111 005a 8111      		cpse r24,__zero_reg__
 112 005c 00C0      		rjmp .L10
 113               	.LVL12:
 114               	.LBB20:
 115               	.LBB21:
  75:lis331.c      ****     g_buff[0] = sub;
 116               		.loc 1 75 0
 117 005e 82E2      		ldi r24,lo8(34)
 118 0060 8093 0000 		sts g_buff,r24
  76:lis331.c      ****     g_buff[1] = val;
 119               		.loc 1 76 0
 120 0064 82E0      		ldi r24,lo8(2)
 121 0066 8093 0000 		sts g_buff+1,r24
  77:lis331.c      ****     return i2cMasterSend(LIS331_ADDR, 2, g_buff);
 122               		.loc 1 77 0
 123 006a 40E0      		ldi r20,lo8(g_buff)
 124 006c 50E0      		ldi r21,hi8(g_buff)
 125 006e 62E0      		ldi r22,lo8(2)
 126 0070 82E3      		ldi r24,lo8(50)
 127 0072 0E94 0000 		call i2cMasterSend
 128               	.LVL13:
 129               	.LBE21:
 130               	.LBE20:
  32:lis331.c      ****     if(retval != I2C_OK) return retval;
GAS LISTING /var/folders/7l/9pmsqbq54pd4f14gcz60xhbh0000gn/T//cczm1UTl.s 			page 8


 131               		.loc 1 32 0
 132 0076 8111      		cpse r24,__zero_reg__
 133 0078 00C0      		rjmp .L10
 134               	.LVL14:
 135               	.LBB22:
 136               	.LBB23:
  75:lis331.c      ****     g_buff[0] = sub;
 137               		.loc 1 75 0
 138 007a 80E2      		ldi r24,lo8(32)
 139 007c 8093 0000 		sts g_buff,r24
  76:lis331.c      ****     g_buff[1] = val;
 140               		.loc 1 76 0
 141 0080 87E3      		ldi r24,lo8(55)
 142 0082 8093 0000 		sts g_buff+1,r24
  77:lis331.c      ****     return i2cMasterSend(LIS331_ADDR, 2, g_buff);
 143               		.loc 1 77 0
 144 0086 40E0      		ldi r20,lo8(g_buff)
 145 0088 50E0      		ldi r21,hi8(g_buff)
 146 008a 62E0      		ldi r22,lo8(2)
 147 008c 82E3      		ldi r24,lo8(50)
 148 008e 0C94 0000 		jmp i2cMasterSend
 149               	.LVL15:
 150               	.L10:
 151               	.LBE23:
 152               	.LBE22:
  42:lis331.c      **** }
 153               		.loc 1 42 0
 154 0092 0895      		ret
 155               		.cfi_endproc
 156               	.LFE6:
 157               		.size	lis331_init, .-lis331_init
 158               	.global	lis331_data_status
 159               		.type	lis331_data_status, @function
 160               	lis331_data_status:
 161               	.LFB7:
  44:lis331.c      **** uint8_t lis331_data_status(void){
 162               		.loc 1 44 0
 163               		.cfi_startproc
 164               	/* prologue: function */
 165               	/* frame size = 0 */
 166               	/* stack size = 0 */
 167               	.L__stack_usage = 0
  45:lis331.c      ****     return lis331_read_reg(LIS331_REG_STATUS_REG);
 168               		.loc 1 45 0
 169 0094 87E2      		ldi r24,lo8(39)
 170 0096 0C94 0000 		jmp lis331_read_reg
 171               	.LVL16:
 172               		.cfi_endproc
 173               	.LFE7:
 174               		.size	lis331_data_status, .-lis331_data_status
 175               	.global	lis331_data_ready
 176               		.type	lis331_data_ready, @function
 177               	lis331_data_ready:
 178               	.LFB8:
  48:lis331.c      **** uint8_t lis331_data_ready(void){
 179               		.loc 1 48 0
 180               		.cfi_startproc
GAS LISTING /var/folders/7l/9pmsqbq54pd4f14gcz60xhbh0000gn/T//cczm1UTl.s 			page 9


 181               	/* prologue: function */
 182               	/* frame size = 0 */
 183               	/* stack size = 0 */
 184               	.L__stack_usage = 0
  49:lis331.c      ****     return (EXTINT_PIN & EXTINT_LIS331_PIN) > 0;
 185               		.loc 1 49 0
 186 009a 81E0      		ldi r24,lo8(1)
 187 009c 329B      		sbis 0x6,2
 188 009e 80E0      		ldi r24,0
 189               	.L14:
  50:lis331.c      **** }
 190               		.loc 1 50 0
 191 00a0 0895      		ret
 192               		.cfi_endproc
 193               	.LFE8:
 194               		.size	lis331_data_ready, .-lis331_data_ready
 195               	.global	lis331_read
 196               		.type	lis331_read, @function
 197               	lis331_read:
 198               	.LFB9:
  52:lis331.c      **** int8_t lis331_read(int16_t *x, int16_t *y, int16_t *z){
 199               		.loc 1 52 0
 200               		.cfi_startproc
 201               	.LVL17:
 202 00a2 EF92      		push r14
 203               	.LCFI0:
 204               		.cfi_def_cfa_offset 3
 205               		.cfi_offset 14, -2
 206 00a4 FF92      		push r15
 207               	.LCFI1:
 208               		.cfi_def_cfa_offset 4
 209               		.cfi_offset 15, -3
 210 00a6 0F93      		push r16
 211               	.LCFI2:
 212               		.cfi_def_cfa_offset 5
 213               		.cfi_offset 16, -4
 214 00a8 1F93      		push r17
 215               	.LCFI3:
 216               		.cfi_def_cfa_offset 6
 217               		.cfi_offset 17, -5
 218 00aa CF93      		push r28
 219               	.LCFI4:
 220               		.cfi_def_cfa_offset 7
 221               		.cfi_offset 28, -6
 222 00ac DF93      		push r29
 223               	.LCFI5:
 224               		.cfi_def_cfa_offset 8
 225               		.cfi_offset 29, -7
 226               	/* prologue: function */
 227               	/* frame size = 0 */
 228               	/* stack size = 6 */
 229               	.L__stack_usage = 6
 230 00ae EC01      		movw r28,r24
 231 00b0 7B01      		movw r14,r22
 232 00b2 8A01      		movw r16,r20
 233               	.LVL18:
  56:lis331.c      ****     g_buff[0] = 0x80 | LIS331_REG_OUT_X_L; //0x80 | for multi-byte read
GAS LISTING /var/folders/7l/9pmsqbq54pd4f14gcz60xhbh0000gn/T//cczm1UTl.s 			page 10


 234               		.loc 1 56 0
 235 00b4 88EA      		ldi r24,lo8(-88)
 236               	.LVL19:
 237 00b6 8093 0000 		sts g_buff,r24
  57:lis331.c      ****     retval = i2cMasterSend(LIS331_ADDR, 1, g_buff);
 238               		.loc 1 57 0
 239 00ba 40E0      		ldi r20,lo8(g_buff)
 240 00bc 50E0      		ldi r21,hi8(g_buff)
 241               	.LVL20:
 242 00be 61E0      		ldi r22,lo8(1)
 243               	.LVL21:
 244 00c0 82E3      		ldi r24,lo8(50)
 245 00c2 0E94 0000 		call i2cMasterSend
 246               	.LVL22:
  58:lis331.c      ****     if(retval != I2C_OK) return retval;
 247               		.loc 1 58 0
 248 00c6 8111      		cpse r24,__zero_reg__
 249 00c8 00C0      		rjmp .L16
  61:lis331.c      ****     retval = i2cMasterReceive(LIS331_ADDR, 6, g_buff);
 250               		.loc 1 61 0
 251 00ca 40E0      		ldi r20,lo8(g_buff)
 252 00cc 50E0      		ldi r21,hi8(g_buff)
 253 00ce 66E0      		ldi r22,lo8(6)
 254 00d0 82E3      		ldi r24,lo8(50)
 255               	.LVL23:
 256 00d2 0E94 0000 		call i2cMasterReceive
 257               	.LVL24:
  62:lis331.c      ****     if(retval != I2C_OK) return retval;
 258               		.loc 1 62 0
 259 00d6 8111      		cpse r24,__zero_reg__
 260 00d8 00C0      		rjmp .L16
  64:lis331.c      ****     *x = (int16_t)((uint16_t)g_buff[0] | ((uint16_t)g_buff[1]<<8)) >> 4;
 261               		.loc 1 64 0
 262 00da 2091 0000 		lds r18,g_buff+1
 263 00de 30E0      		ldi r19,0
 264 00e0 322F      		mov r19,r18
 265 00e2 2227      		clr r18
 266               	.LVL25:
 267 00e4 8091 0000 		lds r24,g_buff
 268 00e8 282B      		or r18,r24
 269 00ea 94E0      		ldi r25,4
 270               		1:
 271 00ec 3595      		asr r19
 272 00ee 2795      		ror r18
 273 00f0 9A95      		dec r25
 274 00f2 01F4      		brne 1b
 275 00f4 3983      		std Y+1,r19
 276 00f6 2883      		st Y,r18
  65:lis331.c      ****     *y = (int16_t)((uint16_t)g_buff[2] | ((uint16_t)g_buff[3]<<8)) >> 4;
 277               		.loc 1 65 0
 278 00f8 8091 0000 		lds r24,g_buff+3
 279 00fc 90E0      		ldi r25,0
 280 00fe 982F      		mov r25,r24
 281 0100 8827      		clr r24
 282 0102 2091 0000 		lds r18,g_buff+2
 283 0106 822B      		or r24,r18
 284 0108 34E0      		ldi r19,4
GAS LISTING /var/folders/7l/9pmsqbq54pd4f14gcz60xhbh0000gn/T//cczm1UTl.s 			page 11


 285               		1:
 286 010a 9595      		asr r25
 287 010c 8795      		ror r24
 288 010e 3A95      		dec r19
 289 0110 01F4      		brne 1b
 290 0112 F701      		movw r30,r14
 291 0114 9183      		std Z+1,r25
 292 0116 8083      		st Z,r24
  66:lis331.c      ****     *z = (int16_t)((uint16_t)g_buff[4] | ((uint16_t)g_buff[5]<<8)) >> 4;
 293               		.loc 1 66 0
 294 0118 8091 0000 		lds r24,g_buff+5
 295 011c 90E0      		ldi r25,0
 296 011e 982F      		mov r25,r24
 297 0120 8827      		clr r24
 298 0122 2091 0000 		lds r18,g_buff+4
 299 0126 822B      		or r24,r18
 300 0128 54E0      		ldi r21,4
 301               		1:
 302 012a 9595      		asr r25
 303 012c 8795      		ror r24
 304 012e 5A95      		dec r21
 305 0130 01F4      		brne 1b
 306 0132 F801      		movw r30,r16
 307 0134 9183      		std Z+1,r25
 308 0136 8083      		st Z,r24
  68:lis331.c      ****     return retval;
 309               		.loc 1 68 0
 310 0138 80E0      		ldi r24,0
 311               	.L16:
 312               	/* epilogue start */
  69:lis331.c      **** }
 313               		.loc 1 69 0
 314 013a DF91      		pop r29
 315 013c CF91      		pop r28
 316               	.LVL26:
 317 013e 1F91      		pop r17
 318 0140 0F91      		pop r16
 319               	.LVL27:
 320 0142 FF90      		pop r15
 321 0144 EF90      		pop r14
 322               	.LVL28:
 323 0146 0895      		ret
 324               		.cfi_endproc
 325               	.LFE9:
 326               		.size	lis331_read, .-lis331_read
 327               		.comm	g_buff,16,1
 328               	.Letext0:
 329               		.file 3 "/usr/local/CrossPack-AVR-20131216/avr/include/stdint.h"
 330               		.file 4 "../../../dev/avrlib/avrlibtypes.h"
 331               		.file 5 "./i2cconf.h"
 332               		.file 6 "../../../dev/avrlib/avrlib/i2c.h"
 333               		.section	.debug_info,"",@progbits
 334               	.Ldebug_info0:
 335 0000 9104 0000 		.long	0x491
 336 0004 0200      		.word	0x2
 337 0006 0000 0000 		.long	.Ldebug_abbrev0
 338 000a 04        		.byte	0x4
GAS LISTING /var/folders/7l/9pmsqbq54pd4f14gcz60xhbh0000gn/T//cczm1UTl.s 			page 12


 339 000b 01        		.uleb128 0x1
 340 000c 0000 0000 		.long	.LASF26
 341 0010 01        		.byte	0x1
 342 0011 0000 0000 		.long	.LASF27
 343 0015 0000 0000 		.long	.LASF28
 344 0019 0000 0000 		.long	.Ltext0
 345 001d 0000 0000 		.long	.Letext0
 346 0021 0000 0000 		.long	.Ldebug_line0
 347 0025 02        		.uleb128 0x2
 348 0026 0000 0000 		.long	.LASF0
 349 002a 03        		.byte	0x3
 350 002b 79        		.byte	0x79
 351 002c 3000 0000 		.long	0x30
 352 0030 03        		.uleb128 0x3
 353 0031 01        		.byte	0x1
 354 0032 06        		.byte	0x6
 355 0033 0000 0000 		.long	.LASF2
 356 0037 02        		.uleb128 0x2
 357 0038 0000 0000 		.long	.LASF1
 358 003c 03        		.byte	0x3
 359 003d 7A        		.byte	0x7a
 360 003e 4200 0000 		.long	0x42
 361 0042 03        		.uleb128 0x3
 362 0043 01        		.byte	0x1
 363 0044 08        		.byte	0x8
 364 0045 0000 0000 		.long	.LASF3
 365 0049 02        		.uleb128 0x2
 366 004a 0000 0000 		.long	.LASF4
 367 004e 03        		.byte	0x3
 368 004f 7B        		.byte	0x7b
 369 0050 5400 0000 		.long	0x54
 370 0054 04        		.uleb128 0x4
 371 0055 02        		.byte	0x2
 372 0056 05        		.byte	0x5
 373 0057 696E 7400 		.string	"int"
 374 005b 02        		.uleb128 0x2
 375 005c 0000 0000 		.long	.LASF5
 376 0060 03        		.byte	0x3
 377 0061 7C        		.byte	0x7c
 378 0062 6600 0000 		.long	0x66
 379 0066 03        		.uleb128 0x3
 380 0067 02        		.byte	0x2
 381 0068 07        		.byte	0x7
 382 0069 0000 0000 		.long	.LASF6
 383 006d 03        		.uleb128 0x3
 384 006e 04        		.byte	0x4
 385 006f 05        		.byte	0x5
 386 0070 0000 0000 		.long	.LASF7
 387 0074 02        		.uleb128 0x2
 388 0075 0000 0000 		.long	.LASF8
 389 0079 03        		.byte	0x3
 390 007a 7E        		.byte	0x7e
 391 007b 7F00 0000 		.long	0x7f
 392 007f 03        		.uleb128 0x3
 393 0080 04        		.byte	0x4
 394 0081 07        		.byte	0x7
 395 0082 0000 0000 		.long	.LASF9
GAS LISTING /var/folders/7l/9pmsqbq54pd4f14gcz60xhbh0000gn/T//cczm1UTl.s 			page 13


 396 0086 03        		.uleb128 0x3
 397 0087 08        		.byte	0x8
 398 0088 05        		.byte	0x5
 399 0089 0000 0000 		.long	.LASF10
 400 008d 03        		.uleb128 0x3
 401 008e 08        		.byte	0x8
 402 008f 07        		.byte	0x7
 403 0090 0000 0000 		.long	.LASF11
 404 0094 05        		.uleb128 0x5
 405 0095 7530 3800 		.string	"u08"
 406 0099 04        		.byte	0x4
 407 009a 20        		.byte	0x20
 408 009b 4200 0000 		.long	0x42
 409 009f 05        		.uleb128 0x5
 410 00a0 7330 3800 		.string	"s08"
 411 00a4 04        		.byte	0x4
 412 00a5 21        		.byte	0x21
 413 00a6 3000 0000 		.long	0x30
 414 00aa 03        		.uleb128 0x3
 415 00ab 02        		.byte	0x2
 416 00ac 07        		.byte	0x7
 417 00ad 0000 0000 		.long	.LASF12
 418 00b1 03        		.uleb128 0x3
 419 00b2 02        		.byte	0x2
 420 00b3 05        		.byte	0x5
 421 00b4 0000 0000 		.long	.LASF13
 422 00b8 03        		.uleb128 0x3
 423 00b9 01        		.byte	0x1
 424 00ba 06        		.byte	0x6
 425 00bb 0000 0000 		.long	.LASF14
 426 00bf 06        		.uleb128 0x6
 427 00c0 0000 0000 		.long	.LASF20
 428 00c4 01        		.byte	0x1
 429 00c5 53        		.byte	0x53
 430 00c6 01        		.byte	0x1
 431 00c7 3700 0000 		.long	0x37
 432 00cb 01        		.byte	0x1
 433 00cc E700 0000 		.long	0xe7
 434 00d0 07        		.uleb128 0x7
 435 00d1 7375 6200 		.string	"sub"
 436 00d5 01        		.byte	0x1
 437 00d6 53        		.byte	0x53
 438 00d7 3700 0000 		.long	0x37
 439 00db 08        		.uleb128 0x8
 440 00dc 0000 0000 		.long	.LASF16
 441 00e0 01        		.byte	0x1
 442 00e1 54        		.byte	0x54
 443 00e2 2500 0000 		.long	0x25
 444 00e6 00        		.byte	0
 445 00e7 09        		.uleb128 0x9
 446 00e8 0000 0000 		.long	.LASF29
 447 00ec 02        		.byte	0x2
 448 00ed 8E        		.byte	0x8e
 449 00ee 01        		.byte	0x1
 450 00ef 03        		.byte	0x3
 451 00f0 2001 0000 		.long	0x120
 452 00f4 0A        		.uleb128 0xa
GAS LISTING /var/folders/7l/9pmsqbq54pd4f14gcz60xhbh0000gn/T//cczm1UTl.s 			page 14


 453 00f5 0000 0000 		.long	.LASF15
 454 00f9 02        		.byte	0x2
 455 00fa 8E        		.byte	0x8e
 456 00fb 2001 0000 		.long	0x120
 457 00ff 08        		.uleb128 0x8
 458 0100 0000 0000 		.long	.LASF17
 459 0104 02        		.byte	0x2
 460 0105 90        		.byte	0x90
 461 0106 2001 0000 		.long	0x120
 462 010a 08        		.uleb128 0x8
 463 010b 0000 0000 		.long	.LASF18
 464 010f 02        		.byte	0x2
 465 0110 94        		.byte	0x94
 466 0111 7400 0000 		.long	0x74
 467 0115 0B        		.uleb128 0xb
 468 0116 01        		.byte	0x1
 469 0117 0000 0000 		.long	.LASF30
 470 011b 02        		.byte	0x2
 471 011c 95        		.byte	0x95
 472 011d 01        		.byte	0x1
 473 011e 00        		.byte	0
 474 011f 00        		.byte	0
 475 0120 03        		.uleb128 0x3
 476 0121 04        		.byte	0x4
 477 0122 04        		.byte	0x4
 478 0123 0000 0000 		.long	.LASF19
 479 0127 0C        		.uleb128 0xc
 480 0128 BF00 0000 		.long	0xbf
 481 012c 0000 0000 		.long	.LFB11
 482 0130 0000 0000 		.long	.LFE11
 483 0134 03        		.byte	0x3
 484 0135 92        		.byte	0x92
 485 0136 20        		.uleb128 0x20
 486 0137 02        		.sleb128 2
 487 0138 01        		.byte	0x1
 488 0139 C001 0000 		.long	0x1c0
 489 013d 0D        		.uleb128 0xd
 490 013e D000 0000 		.long	0xd0
 491 0142 0000 0000 		.long	.LLST0
 492 0146 0E        		.uleb128 0xe
 493 0147 DB00 0000 		.long	0xdb
 494 014b 0000 0000 		.long	.LLST1
 495 014f 0F        		.uleb128 0xf
 496 0150 0000 0000 		.long	.LBB6
 497 0154 0000 0000 		.long	.LBE6
 498 0158 9C01 0000 		.long	0x19c
 499 015c 0D        		.uleb128 0xd
 500 015d D000 0000 		.long	0xd0
 501 0161 0000 0000 		.long	.LLST2
 502 0165 10        		.uleb128 0x10
 503 0166 0000 0000 		.long	.LBB7
 504 016a 0000 0000 		.long	.LBE7
 505 016e 0E        		.uleb128 0xe
 506 016f DB00 0000 		.long	0xdb
 507 0173 0000 0000 		.long	.LLST3
 508 0177 11        		.uleb128 0x11
 509 0178 0000 0000 		.long	.LVL5
GAS LISTING /var/folders/7l/9pmsqbq54pd4f14gcz60xhbh0000gn/T//cczm1UTl.s 			page 15


 510 017c 4E04 0000 		.long	0x44e
 511 0180 12        		.uleb128 0x12
 512 0181 01        		.byte	0x1
 513 0182 68        		.byte	0x68
 514 0183 02        		.byte	0x2
 515 0184 08        		.byte	0x8
 516 0185 32        		.byte	0x32
 517 0186 12        		.uleb128 0x12
 518 0187 01        		.byte	0x1
 519 0188 66        		.byte	0x66
 520 0189 01        		.byte	0x1
 521 018a 31        		.byte	0x31
 522 018b 12        		.uleb128 0x12
 523 018c 06        		.byte	0x6
 524 018d 64        		.byte	0x64
 525 018e 93        		.byte	0x93
 526 018f 01        		.uleb128 0x1
 527 0190 65        		.byte	0x65
 528 0191 93        		.byte	0x93
 529 0192 01        		.uleb128 0x1
 530 0193 05        		.byte	0x5
 531 0194 03        		.byte	0x3
 532 0195 0000 0000 		.long	g_buff
 533 0199 00        		.byte	0
 534 019a 00        		.byte	0
 535 019b 00        		.byte	0
 536 019c 11        		.uleb128 0x11
 537 019d 0000 0000 		.long	.LVL2
 538 01a1 7604 0000 		.long	0x476
 539 01a5 12        		.uleb128 0x12
 540 01a6 01        		.byte	0x1
 541 01a7 68        		.byte	0x68
 542 01a8 02        		.byte	0x2
 543 01a9 08        		.byte	0x8
 544 01aa 32        		.byte	0x32
 545 01ab 12        		.uleb128 0x12
 546 01ac 01        		.byte	0x1
 547 01ad 66        		.byte	0x66
 548 01ae 01        		.byte	0x1
 549 01af 31        		.byte	0x31
 550 01b0 12        		.uleb128 0x12
 551 01b1 06        		.byte	0x6
 552 01b2 64        		.byte	0x64
 553 01b3 93        		.byte	0x93
 554 01b4 01        		.uleb128 0x1
 555 01b5 65        		.byte	0x65
 556 01b6 93        		.byte	0x93
 557 01b7 01        		.uleb128 0x1
 558 01b8 05        		.byte	0x5
 559 01b9 03        		.byte	0x3
 560 01ba 0000 0000 		.long	g_buff
 561 01be 00        		.byte	0
 562 01bf 00        		.byte	0
 563 01c0 06        		.uleb128 0x6
 564 01c1 0000 0000 		.long	.LASF21
 565 01c5 01        		.byte	0x1
 566 01c6 4A        		.byte	0x4a
GAS LISTING /var/folders/7l/9pmsqbq54pd4f14gcz60xhbh0000gn/T//cczm1UTl.s 			page 16


 567 01c7 01        		.byte	0x1
 568 01c8 2500 0000 		.long	0x25
 569 01cc 01        		.byte	0x1
 570 01cd E801 0000 		.long	0x1e8
 571 01d1 07        		.uleb128 0x7
 572 01d2 7375 6200 		.string	"sub"
 573 01d6 01        		.byte	0x1
 574 01d7 4A        		.byte	0x4a
 575 01d8 3700 0000 		.long	0x37
 576 01dc 07        		.uleb128 0x7
 577 01dd 7661 6C00 		.string	"val"
 578 01e1 01        		.byte	0x1
 579 01e2 4A        		.byte	0x4a
 580 01e3 3700 0000 		.long	0x37
 581 01e7 00        		.byte	0
 582 01e8 13        		.uleb128 0x13
 583 01e9 01        		.byte	0x1
 584 01ea 0000 0000 		.long	.LASF22
 585 01ee 01        		.byte	0x1
 586 01ef 11        		.byte	0x11
 587 01f0 01        		.byte	0x1
 588 01f1 2500 0000 		.long	0x25
 589 01f5 0000 0000 		.long	.LFB6
 590 01f9 0000 0000 		.long	.LFE6
 591 01fd 03        		.byte	0x3
 592 01fe 92        		.byte	0x92
 593 01ff 20        		.uleb128 0x20
 594 0200 02        		.sleb128 2
 595 0201 01        		.byte	0x1
 596 0202 3603 0000 		.long	0x336
 597 0206 14        		.uleb128 0x14
 598 0207 0000 0000 		.long	.LASF16
 599 020b 01        		.byte	0x1
 600 020c 12        		.byte	0x12
 601 020d 2500 0000 		.long	0x25
 602 0211 0000 0000 		.long	.LLST4
 603 0215 15        		.uleb128 0x15
 604 0216 E700 0000 		.long	0xe7
 605 021a 0000 0000 		.long	.LBB16
 606 021e 0000 0000 		.long	.LBE16
 607 0222 01        		.byte	0x1
 608 0223 19        		.byte	0x19
 609 0224 4E02 0000 		.long	0x24e
 610 0228 0D        		.uleb128 0xd
 611 0229 F400 0000 		.long	0xf4
 612 022d 0000 0000 		.long	.LLST5
 613 0231 10        		.uleb128 0x10
 614 0232 0000 0000 		.long	.LBB17
 615 0236 0000 0000 		.long	.LBE17
 616 023a 0E        		.uleb128 0xe
 617 023b FF00 0000 		.long	0xff
 618 023f 0000 0000 		.long	.LLST6
 619 0243 0E        		.uleb128 0xe
 620 0244 0A01 0000 		.long	0x10a
 621 0248 0000 0000 		.long	.LLST7
 622 024c 00        		.byte	0
 623 024d 00        		.byte	0
GAS LISTING /var/folders/7l/9pmsqbq54pd4f14gcz60xhbh0000gn/T//cczm1UTl.s 			page 17


 624 024e 15        		.uleb128 0x15
 625 024f C001 0000 		.long	0x1c0
 626 0253 0000 0000 		.long	.LBB18
 627 0257 0000 0000 		.long	.LBE18
 628 025b 01        		.byte	0x1
 629 025c 1C        		.byte	0x1c
 630 025d 9202 0000 		.long	0x292
 631 0261 16        		.uleb128 0x16
 632 0262 DC01 0000 		.long	0x1dc
 633 0266 807F      		.sleb128 -128
 634 0268 17        		.uleb128 0x17
 635 0269 D101 0000 		.long	0x1d1
 636 026d 23        		.byte	0x23
 637 026e 11        		.uleb128 0x11
 638 026f 0000 0000 		.long	.LVL11
 639 0273 7604 0000 		.long	0x476
 640 0277 12        		.uleb128 0x12
 641 0278 01        		.byte	0x1
 642 0279 68        		.byte	0x68
 643 027a 02        		.byte	0x2
 644 027b 08        		.byte	0x8
 645 027c 32        		.byte	0x32
 646 027d 12        		.uleb128 0x12
 647 027e 01        		.byte	0x1
 648 027f 66        		.byte	0x66
 649 0280 01        		.byte	0x1
 650 0281 32        		.byte	0x32
 651 0282 12        		.uleb128 0x12
 652 0283 06        		.byte	0x6
 653 0284 64        		.byte	0x64
 654 0285 93        		.byte	0x93
 655 0286 01        		.uleb128 0x1
 656 0287 65        		.byte	0x65
 657 0288 93        		.byte	0x93
 658 0289 01        		.uleb128 0x1
 659 028a 05        		.byte	0x5
 660 028b 03        		.byte	0x3
 661 028c 0000 0000 		.long	g_buff
 662 0290 00        		.byte	0
 663 0291 00        		.byte	0
 664 0292 15        		.uleb128 0x15
 665 0293 C001 0000 		.long	0x1c0
 666 0297 0000 0000 		.long	.LBB20
 667 029b 0000 0000 		.long	.LBE20
 668 029f 01        		.byte	0x1
 669 02a0 1F        		.byte	0x1f
 670 02a1 DB02 0000 		.long	0x2db
 671 02a5 0D        		.uleb128 0xd
 672 02a6 DC01 0000 		.long	0x1dc
 673 02aa 0000 0000 		.long	.LLST8
 674 02ae 0D        		.uleb128 0xd
 675 02af D101 0000 		.long	0x1d1
 676 02b3 0000 0000 		.long	.LLST9
 677 02b7 11        		.uleb128 0x11
 678 02b8 0000 0000 		.long	.LVL13
 679 02bc 7604 0000 		.long	0x476
 680 02c0 12        		.uleb128 0x12
GAS LISTING /var/folders/7l/9pmsqbq54pd4f14gcz60xhbh0000gn/T//cczm1UTl.s 			page 18


 681 02c1 01        		.byte	0x1
 682 02c2 68        		.byte	0x68
 683 02c3 02        		.byte	0x2
 684 02c4 08        		.byte	0x8
 685 02c5 32        		.byte	0x32
 686 02c6 12        		.uleb128 0x12
 687 02c7 01        		.byte	0x1
 688 02c8 66        		.byte	0x66
 689 02c9 01        		.byte	0x1
 690 02ca 32        		.byte	0x32
 691 02cb 12        		.uleb128 0x12
 692 02cc 06        		.byte	0x6
 693 02cd 64        		.byte	0x64
 694 02ce 93        		.byte	0x93
 695 02cf 01        		.uleb128 0x1
 696 02d0 65        		.byte	0x65
 697 02d1 93        		.byte	0x93
 698 02d2 01        		.uleb128 0x1
 699 02d3 05        		.byte	0x5
 700 02d4 03        		.byte	0x3
 701 02d5 0000 0000 		.long	g_buff
 702 02d9 00        		.byte	0
 703 02da 00        		.byte	0
 704 02db 15        		.uleb128 0x15
 705 02dc C001 0000 		.long	0x1c0
 706 02e0 0000 0000 		.long	.LBB22
 707 02e4 0000 0000 		.long	.LBE22
 708 02e8 01        		.byte	0x1
 709 02e9 22        		.byte	0x22
 710 02ea 2503 0000 		.long	0x325
 711 02ee 0D        		.uleb128 0xd
 712 02ef DC01 0000 		.long	0x1dc
 713 02f3 0000 0000 		.long	.LLST10
 714 02f7 0D        		.uleb128 0xd
 715 02f8 D101 0000 		.long	0x1d1
 716 02fc 0000 0000 		.long	.LLST11
 717 0300 18        		.uleb128 0x18
 718 0301 0000 0000 		.long	.LVL15
 719 0305 01        		.byte	0x1
 720 0306 7604 0000 		.long	0x476
 721 030a 12        		.uleb128 0x12
 722 030b 01        		.byte	0x1
 723 030c 68        		.byte	0x68
 724 030d 02        		.byte	0x2
 725 030e 08        		.byte	0x8
 726 030f 32        		.byte	0x32
 727 0310 12        		.uleb128 0x12
 728 0311 01        		.byte	0x1
 729 0312 66        		.byte	0x66
 730 0313 01        		.byte	0x1
 731 0314 32        		.byte	0x32
 732 0315 12        		.uleb128 0x12
 733 0316 06        		.byte	0x6
 734 0317 64        		.byte	0x64
 735 0318 93        		.byte	0x93
 736 0319 01        		.uleb128 0x1
 737 031a 65        		.byte	0x65
GAS LISTING /var/folders/7l/9pmsqbq54pd4f14gcz60xhbh0000gn/T//cczm1UTl.s 			page 19


 738 031b 93        		.byte	0x93
 739 031c 01        		.uleb128 0x1
 740 031d 05        		.byte	0x5
 741 031e 03        		.byte	0x3
 742 031f 0000 0000 		.long	g_buff
 743 0323 00        		.byte	0
 744 0324 00        		.byte	0
 745 0325 11        		.uleb128 0x11
 746 0326 0000 0000 		.long	.LVL8
 747 032a BF00 0000 		.long	0xbf
 748 032e 12        		.uleb128 0x12
 749 032f 01        		.byte	0x1
 750 0330 68        		.byte	0x68
 751 0331 02        		.byte	0x2
 752 0332 08        		.byte	0x8
 753 0333 21        		.byte	0x21
 754 0334 00        		.byte	0
 755 0335 00        		.byte	0
 756 0336 13        		.uleb128 0x13
 757 0337 01        		.byte	0x1
 758 0338 0000 0000 		.long	.LASF23
 759 033c 01        		.byte	0x1
 760 033d 2C        		.byte	0x2c
 761 033e 01        		.byte	0x1
 762 033f 3700 0000 		.long	0x37
 763 0343 0000 0000 		.long	.LFB7
 764 0347 0000 0000 		.long	.LFE7
 765 034b 03        		.byte	0x3
 766 034c 92        		.byte	0x92
 767 034d 20        		.uleb128 0x20
 768 034e 02        		.sleb128 2
 769 034f 01        		.byte	0x1
 770 0350 6603 0000 		.long	0x366
 771 0354 18        		.uleb128 0x18
 772 0355 0000 0000 		.long	.LVL16
 773 0359 01        		.byte	0x1
 774 035a BF00 0000 		.long	0xbf
 775 035e 12        		.uleb128 0x12
 776 035f 01        		.byte	0x1
 777 0360 68        		.byte	0x68
 778 0361 02        		.byte	0x2
 779 0362 08        		.byte	0x8
 780 0363 27        		.byte	0x27
 781 0364 00        		.byte	0
 782 0365 00        		.byte	0
 783 0366 19        		.uleb128 0x19
 784 0367 01        		.byte	0x1
 785 0368 0000 0000 		.long	.LASF31
 786 036c 01        		.byte	0x1
 787 036d 30        		.byte	0x30
 788 036e 01        		.byte	0x1
 789 036f 3700 0000 		.long	0x37
 790 0373 0000 0000 		.long	.LFB8
 791 0377 0000 0000 		.long	.LFE8
 792 037b 03        		.byte	0x3
 793 037c 92        		.byte	0x92
 794 037d 20        		.uleb128 0x20
GAS LISTING /var/folders/7l/9pmsqbq54pd4f14gcz60xhbh0000gn/T//cczm1UTl.s 			page 20


 795 037e 02        		.sleb128 2
 796 037f 01        		.byte	0x1
 797 0380 1A        		.uleb128 0x1a
 798 0381 01        		.byte	0x1
 799 0382 0000 0000 		.long	.LASF24
 800 0386 01        		.byte	0x1
 801 0387 34        		.byte	0x34
 802 0388 01        		.byte	0x1
 803 0389 2500 0000 		.long	0x25
 804 038d 0000 0000 		.long	.LFB9
 805 0391 0000 0000 		.long	.LFE9
 806 0395 0000 0000 		.long	.LLST12
 807 0399 01        		.byte	0x1
 808 039a 1F04 0000 		.long	0x41f
 809 039e 1B        		.uleb128 0x1b
 810 039f 7800      		.string	"x"
 811 03a1 01        		.byte	0x1
 812 03a2 34        		.byte	0x34
 813 03a3 1F04 0000 		.long	0x41f
 814 03a7 0000 0000 		.long	.LLST13
 815 03ab 1B        		.uleb128 0x1b
 816 03ac 7900      		.string	"y"
 817 03ae 01        		.byte	0x1
 818 03af 34        		.byte	0x34
 819 03b0 1F04 0000 		.long	0x41f
 820 03b4 0000 0000 		.long	.LLST14
 821 03b8 1B        		.uleb128 0x1b
 822 03b9 7A00      		.string	"z"
 823 03bb 01        		.byte	0x1
 824 03bc 34        		.byte	0x34
 825 03bd 1F04 0000 		.long	0x41f
 826 03c1 0000 0000 		.long	.LLST15
 827 03c5 14        		.uleb128 0x14
 828 03c6 0000 0000 		.long	.LASF16
 829 03ca 01        		.byte	0x1
 830 03cb 35        		.byte	0x35
 831 03cc 2500 0000 		.long	0x25
 832 03d0 0000 0000 		.long	.LLST16
 833 03d4 1C        		.uleb128 0x1c
 834 03d5 0000 0000 		.long	.LVL22
 835 03d9 7604 0000 		.long	0x476
 836 03dd FB03 0000 		.long	0x3fb
 837 03e1 12        		.uleb128 0x12
 838 03e2 01        		.byte	0x1
 839 03e3 68        		.byte	0x68
 840 03e4 02        		.byte	0x2
 841 03e5 08        		.byte	0x8
 842 03e6 32        		.byte	0x32
 843 03e7 12        		.uleb128 0x12
 844 03e8 01        		.byte	0x1
 845 03e9 66        		.byte	0x66
 846 03ea 01        		.byte	0x1
 847 03eb 31        		.byte	0x31
 848 03ec 12        		.uleb128 0x12
 849 03ed 06        		.byte	0x6
 850 03ee 64        		.byte	0x64
 851 03ef 93        		.byte	0x93
GAS LISTING /var/folders/7l/9pmsqbq54pd4f14gcz60xhbh0000gn/T//cczm1UTl.s 			page 21


 852 03f0 01        		.uleb128 0x1
 853 03f1 65        		.byte	0x65
 854 03f2 93        		.byte	0x93
 855 03f3 01        		.uleb128 0x1
 856 03f4 05        		.byte	0x5
 857 03f5 03        		.byte	0x3
 858 03f6 0000 0000 		.long	g_buff
 859 03fa 00        		.byte	0
 860 03fb 11        		.uleb128 0x11
 861 03fc 0000 0000 		.long	.LVL24
 862 0400 4E04 0000 		.long	0x44e
 863 0404 12        		.uleb128 0x12
 864 0405 01        		.byte	0x1
 865 0406 68        		.byte	0x68
 866 0407 02        		.byte	0x2
 867 0408 08        		.byte	0x8
 868 0409 32        		.byte	0x32
 869 040a 12        		.uleb128 0x12
 870 040b 01        		.byte	0x1
 871 040c 66        		.byte	0x66
 872 040d 01        		.byte	0x1
 873 040e 36        		.byte	0x36
 874 040f 12        		.uleb128 0x12
 875 0410 06        		.byte	0x6
 876 0411 64        		.byte	0x64
 877 0412 93        		.byte	0x93
 878 0413 01        		.uleb128 0x1
 879 0414 65        		.byte	0x65
 880 0415 93        		.byte	0x93
 881 0416 01        		.uleb128 0x1
 882 0417 05        		.byte	0x5
 883 0418 03        		.byte	0x3
 884 0419 0000 0000 		.long	g_buff
 885 041d 00        		.byte	0
 886 041e 00        		.byte	0
 887 041f 1D        		.uleb128 0x1d
 888 0420 02        		.byte	0x2
 889 0421 4900 0000 		.long	0x49
 890 0425 1E        		.uleb128 0x1e
 891 0426 3700 0000 		.long	0x37
 892 042a 3504 0000 		.long	0x435
 893 042e 1F        		.uleb128 0x1f
 894 042f 3504 0000 		.long	0x435
 895 0433 0F        		.byte	0xf
 896 0434 00        		.byte	0
 897 0435 03        		.uleb128 0x3
 898 0436 02        		.byte	0x2
 899 0437 07        		.byte	0x7
 900 0438 0000 0000 		.long	.LASF25
 901 043c 20        		.uleb128 0x20
 902 043d 0000 0000 		.long	.LASF32
 903 0441 05        		.byte	0x5
 904 0442 1C        		.byte	0x1c
 905 0443 2504 0000 		.long	0x425
 906 0447 01        		.byte	0x1
 907 0448 05        		.byte	0x5
 908 0449 03        		.byte	0x3
GAS LISTING /var/folders/7l/9pmsqbq54pd4f14gcz60xhbh0000gn/T//cczm1UTl.s 			page 22


 909 044a 0000 0000 		.long	g_buff
 910 044e 21        		.uleb128 0x21
 911 044f 01        		.byte	0x1
 912 0450 0000 0000 		.long	.LASF33
 913 0454 06        		.byte	0x6
 914 0455 F4        		.byte	0xf4
 915 0456 01        		.byte	0x1
 916 0457 9F00 0000 		.long	0x9f
 917 045b 01        		.byte	0x1
 918 045c 7004 0000 		.long	0x470
 919 0460 22        		.uleb128 0x22
 920 0461 9400 0000 		.long	0x94
 921 0465 22        		.uleb128 0x22
 922 0466 9400 0000 		.long	0x94
 923 046a 22        		.uleb128 0x22
 924 046b 7004 0000 		.long	0x470
 925 046f 00        		.byte	0
 926 0470 1D        		.uleb128 0x1d
 927 0471 02        		.byte	0x2
 928 0472 9400 0000 		.long	0x94
 929 0476 23        		.uleb128 0x23
 930 0477 01        		.byte	0x1
 931 0478 0000 0000 		.long	.LASF34
 932 047c 06        		.byte	0x6
 933 047d F2        		.byte	0xf2
 934 047e 01        		.byte	0x1
 935 047f 9F00 0000 		.long	0x9f
 936 0483 01        		.byte	0x1
 937 0484 22        		.uleb128 0x22
 938 0485 9400 0000 		.long	0x94
 939 0489 22        		.uleb128 0x22
 940 048a 9400 0000 		.long	0x94
 941 048e 22        		.uleb128 0x22
 942 048f 7004 0000 		.long	0x470
 943 0493 00        		.byte	0
 944 0494 00        		.byte	0
 945               		.section	.debug_abbrev,"",@progbits
 946               	.Ldebug_abbrev0:
 947 0000 01        		.uleb128 0x1
 948 0001 11        		.uleb128 0x11
 949 0002 01        		.byte	0x1
 950 0003 25        		.uleb128 0x25
 951 0004 0E        		.uleb128 0xe
 952 0005 13        		.uleb128 0x13
 953 0006 0B        		.uleb128 0xb
 954 0007 03        		.uleb128 0x3
 955 0008 0E        		.uleb128 0xe
 956 0009 1B        		.uleb128 0x1b
 957 000a 0E        		.uleb128 0xe
 958 000b 11        		.uleb128 0x11
 959 000c 01        		.uleb128 0x1
 960 000d 12        		.uleb128 0x12
 961 000e 01        		.uleb128 0x1
 962 000f 10        		.uleb128 0x10
 963 0010 06        		.uleb128 0x6
 964 0011 00        		.byte	0
 965 0012 00        		.byte	0
GAS LISTING /var/folders/7l/9pmsqbq54pd4f14gcz60xhbh0000gn/T//cczm1UTl.s 			page 23


 966 0013 02        		.uleb128 0x2
 967 0014 16        		.uleb128 0x16
 968 0015 00        		.byte	0
 969 0016 03        		.uleb128 0x3
 970 0017 0E        		.uleb128 0xe
 971 0018 3A        		.uleb128 0x3a
 972 0019 0B        		.uleb128 0xb
 973 001a 3B        		.uleb128 0x3b
 974 001b 0B        		.uleb128 0xb
 975 001c 49        		.uleb128 0x49
 976 001d 13        		.uleb128 0x13
 977 001e 00        		.byte	0
 978 001f 00        		.byte	0
 979 0020 03        		.uleb128 0x3
 980 0021 24        		.uleb128 0x24
 981 0022 00        		.byte	0
 982 0023 0B        		.uleb128 0xb
 983 0024 0B        		.uleb128 0xb
 984 0025 3E        		.uleb128 0x3e
 985 0026 0B        		.uleb128 0xb
 986 0027 03        		.uleb128 0x3
 987 0028 0E        		.uleb128 0xe
 988 0029 00        		.byte	0
 989 002a 00        		.byte	0
 990 002b 04        		.uleb128 0x4
 991 002c 24        		.uleb128 0x24
 992 002d 00        		.byte	0
 993 002e 0B        		.uleb128 0xb
 994 002f 0B        		.uleb128 0xb
 995 0030 3E        		.uleb128 0x3e
 996 0031 0B        		.uleb128 0xb
 997 0032 03        		.uleb128 0x3
 998 0033 08        		.uleb128 0x8
 999 0034 00        		.byte	0
 1000 0035 00        		.byte	0
 1001 0036 05        		.uleb128 0x5
 1002 0037 16        		.uleb128 0x16
 1003 0038 00        		.byte	0
 1004 0039 03        		.uleb128 0x3
 1005 003a 08        		.uleb128 0x8
 1006 003b 3A        		.uleb128 0x3a
 1007 003c 0B        		.uleb128 0xb
 1008 003d 3B        		.uleb128 0x3b
 1009 003e 0B        		.uleb128 0xb
 1010 003f 49        		.uleb128 0x49
 1011 0040 13        		.uleb128 0x13
 1012 0041 00        		.byte	0
 1013 0042 00        		.byte	0
 1014 0043 06        		.uleb128 0x6
 1015 0044 2E        		.uleb128 0x2e
 1016 0045 01        		.byte	0x1
 1017 0046 03        		.uleb128 0x3
 1018 0047 0E        		.uleb128 0xe
 1019 0048 3A        		.uleb128 0x3a
 1020 0049 0B        		.uleb128 0xb
 1021 004a 3B        		.uleb128 0x3b
 1022 004b 0B        		.uleb128 0xb
GAS LISTING /var/folders/7l/9pmsqbq54pd4f14gcz60xhbh0000gn/T//cczm1UTl.s 			page 24


 1023 004c 27        		.uleb128 0x27
 1024 004d 0C        		.uleb128 0xc
 1025 004e 49        		.uleb128 0x49
 1026 004f 13        		.uleb128 0x13
 1027 0050 20        		.uleb128 0x20
 1028 0051 0B        		.uleb128 0xb
 1029 0052 01        		.uleb128 0x1
 1030 0053 13        		.uleb128 0x13
 1031 0054 00        		.byte	0
 1032 0055 00        		.byte	0
 1033 0056 07        		.uleb128 0x7
 1034 0057 05        		.uleb128 0x5
 1035 0058 00        		.byte	0
 1036 0059 03        		.uleb128 0x3
 1037 005a 08        		.uleb128 0x8
 1038 005b 3A        		.uleb128 0x3a
 1039 005c 0B        		.uleb128 0xb
 1040 005d 3B        		.uleb128 0x3b
 1041 005e 0B        		.uleb128 0xb
 1042 005f 49        		.uleb128 0x49
 1043 0060 13        		.uleb128 0x13
 1044 0061 00        		.byte	0
 1045 0062 00        		.byte	0
 1046 0063 08        		.uleb128 0x8
 1047 0064 34        		.uleb128 0x34
 1048 0065 00        		.byte	0
 1049 0066 03        		.uleb128 0x3
 1050 0067 0E        		.uleb128 0xe
 1051 0068 3A        		.uleb128 0x3a
 1052 0069 0B        		.uleb128 0xb
 1053 006a 3B        		.uleb128 0x3b
 1054 006b 0B        		.uleb128 0xb
 1055 006c 49        		.uleb128 0x49
 1056 006d 13        		.uleb128 0x13
 1057 006e 00        		.byte	0
 1058 006f 00        		.byte	0
 1059 0070 09        		.uleb128 0x9
 1060 0071 2E        		.uleb128 0x2e
 1061 0072 01        		.byte	0x1
 1062 0073 03        		.uleb128 0x3
 1063 0074 0E        		.uleb128 0xe
 1064 0075 3A        		.uleb128 0x3a
 1065 0076 0B        		.uleb128 0xb
 1066 0077 3B        		.uleb128 0x3b
 1067 0078 0B        		.uleb128 0xb
 1068 0079 27        		.uleb128 0x27
 1069 007a 0C        		.uleb128 0xc
 1070 007b 20        		.uleb128 0x20
 1071 007c 0B        		.uleb128 0xb
 1072 007d 01        		.uleb128 0x1
 1073 007e 13        		.uleb128 0x13
 1074 007f 00        		.byte	0
 1075 0080 00        		.byte	0
 1076 0081 0A        		.uleb128 0xa
 1077 0082 05        		.uleb128 0x5
 1078 0083 00        		.byte	0
 1079 0084 03        		.uleb128 0x3
GAS LISTING /var/folders/7l/9pmsqbq54pd4f14gcz60xhbh0000gn/T//cczm1UTl.s 			page 25


 1080 0085 0E        		.uleb128 0xe
 1081 0086 3A        		.uleb128 0x3a
 1082 0087 0B        		.uleb128 0xb
 1083 0088 3B        		.uleb128 0x3b
 1084 0089 0B        		.uleb128 0xb
 1085 008a 49        		.uleb128 0x49
 1086 008b 13        		.uleb128 0x13
 1087 008c 00        		.byte	0
 1088 008d 00        		.byte	0
 1089 008e 0B        		.uleb128 0xb
 1090 008f 2E        		.uleb128 0x2e
 1091 0090 00        		.byte	0
 1092 0091 3F        		.uleb128 0x3f
 1093 0092 0C        		.uleb128 0xc
 1094 0093 03        		.uleb128 0x3
 1095 0094 0E        		.uleb128 0xe
 1096 0095 3A        		.uleb128 0x3a
 1097 0096 0B        		.uleb128 0xb
 1098 0097 3B        		.uleb128 0x3b
 1099 0098 0B        		.uleb128 0xb
 1100 0099 27        		.uleb128 0x27
 1101 009a 0C        		.uleb128 0xc
 1102 009b 20        		.uleb128 0x20
 1103 009c 0B        		.uleb128 0xb
 1104 009d 00        		.byte	0
 1105 009e 00        		.byte	0
 1106 009f 0C        		.uleb128 0xc
 1107 00a0 2E        		.uleb128 0x2e
 1108 00a1 01        		.byte	0x1
 1109 00a2 31        		.uleb128 0x31
 1110 00a3 13        		.uleb128 0x13
 1111 00a4 11        		.uleb128 0x11
 1112 00a5 01        		.uleb128 0x1
 1113 00a6 12        		.uleb128 0x12
 1114 00a7 01        		.uleb128 0x1
 1115 00a8 40        		.uleb128 0x40
 1116 00a9 0A        		.uleb128 0xa
 1117 00aa 9742      		.uleb128 0x2117
 1118 00ac 0C        		.uleb128 0xc
 1119 00ad 01        		.uleb128 0x1
 1120 00ae 13        		.uleb128 0x13
 1121 00af 00        		.byte	0
 1122 00b0 00        		.byte	0
 1123 00b1 0D        		.uleb128 0xd
 1124 00b2 05        		.uleb128 0x5
 1125 00b3 00        		.byte	0
 1126 00b4 31        		.uleb128 0x31
 1127 00b5 13        		.uleb128 0x13
 1128 00b6 02        		.uleb128 0x2
 1129 00b7 06        		.uleb128 0x6
 1130 00b8 00        		.byte	0
 1131 00b9 00        		.byte	0
 1132 00ba 0E        		.uleb128 0xe
 1133 00bb 34        		.uleb128 0x34
 1134 00bc 00        		.byte	0
 1135 00bd 31        		.uleb128 0x31
 1136 00be 13        		.uleb128 0x13
GAS LISTING /var/folders/7l/9pmsqbq54pd4f14gcz60xhbh0000gn/T//cczm1UTl.s 			page 26


 1137 00bf 02        		.uleb128 0x2
 1138 00c0 06        		.uleb128 0x6
 1139 00c1 00        		.byte	0
 1140 00c2 00        		.byte	0
 1141 00c3 0F        		.uleb128 0xf
 1142 00c4 0B        		.uleb128 0xb
 1143 00c5 01        		.byte	0x1
 1144 00c6 11        		.uleb128 0x11
 1145 00c7 01        		.uleb128 0x1
 1146 00c8 12        		.uleb128 0x12
 1147 00c9 01        		.uleb128 0x1
 1148 00ca 01        		.uleb128 0x1
 1149 00cb 13        		.uleb128 0x13
 1150 00cc 00        		.byte	0
 1151 00cd 00        		.byte	0
 1152 00ce 10        		.uleb128 0x10
 1153 00cf 0B        		.uleb128 0xb
 1154 00d0 01        		.byte	0x1
 1155 00d1 11        		.uleb128 0x11
 1156 00d2 01        		.uleb128 0x1
 1157 00d3 12        		.uleb128 0x12
 1158 00d4 01        		.uleb128 0x1
 1159 00d5 00        		.byte	0
 1160 00d6 00        		.byte	0
 1161 00d7 11        		.uleb128 0x11
 1162 00d8 8982 01   		.uleb128 0x4109
 1163 00db 01        		.byte	0x1
 1164 00dc 11        		.uleb128 0x11
 1165 00dd 01        		.uleb128 0x1
 1166 00de 31        		.uleb128 0x31
 1167 00df 13        		.uleb128 0x13
 1168 00e0 00        		.byte	0
 1169 00e1 00        		.byte	0
 1170 00e2 12        		.uleb128 0x12
 1171 00e3 8A82 01   		.uleb128 0x410a
 1172 00e6 00        		.byte	0
 1173 00e7 02        		.uleb128 0x2
 1174 00e8 0A        		.uleb128 0xa
 1175 00e9 9142      		.uleb128 0x2111
 1176 00eb 0A        		.uleb128 0xa
 1177 00ec 00        		.byte	0
 1178 00ed 00        		.byte	0
 1179 00ee 13        		.uleb128 0x13
 1180 00ef 2E        		.uleb128 0x2e
 1181 00f0 01        		.byte	0x1
 1182 00f1 3F        		.uleb128 0x3f
 1183 00f2 0C        		.uleb128 0xc
 1184 00f3 03        		.uleb128 0x3
 1185 00f4 0E        		.uleb128 0xe
 1186 00f5 3A        		.uleb128 0x3a
 1187 00f6 0B        		.uleb128 0xb
 1188 00f7 3B        		.uleb128 0x3b
 1189 00f8 0B        		.uleb128 0xb
 1190 00f9 27        		.uleb128 0x27
 1191 00fa 0C        		.uleb128 0xc
 1192 00fb 49        		.uleb128 0x49
 1193 00fc 13        		.uleb128 0x13
GAS LISTING /var/folders/7l/9pmsqbq54pd4f14gcz60xhbh0000gn/T//cczm1UTl.s 			page 27


 1194 00fd 11        		.uleb128 0x11
 1195 00fe 01        		.uleb128 0x1
 1196 00ff 12        		.uleb128 0x12
 1197 0100 01        		.uleb128 0x1
 1198 0101 40        		.uleb128 0x40
 1199 0102 0A        		.uleb128 0xa
 1200 0103 9742      		.uleb128 0x2117
 1201 0105 0C        		.uleb128 0xc
 1202 0106 01        		.uleb128 0x1
 1203 0107 13        		.uleb128 0x13
 1204 0108 00        		.byte	0
 1205 0109 00        		.byte	0
 1206 010a 14        		.uleb128 0x14
 1207 010b 34        		.uleb128 0x34
 1208 010c 00        		.byte	0
 1209 010d 03        		.uleb128 0x3
 1210 010e 0E        		.uleb128 0xe
 1211 010f 3A        		.uleb128 0x3a
 1212 0110 0B        		.uleb128 0xb
 1213 0111 3B        		.uleb128 0x3b
 1214 0112 0B        		.uleb128 0xb
 1215 0113 49        		.uleb128 0x49
 1216 0114 13        		.uleb128 0x13
 1217 0115 02        		.uleb128 0x2
 1218 0116 06        		.uleb128 0x6
 1219 0117 00        		.byte	0
 1220 0118 00        		.byte	0
 1221 0119 15        		.uleb128 0x15
 1222 011a 1D        		.uleb128 0x1d
 1223 011b 01        		.byte	0x1
 1224 011c 31        		.uleb128 0x31
 1225 011d 13        		.uleb128 0x13
 1226 011e 11        		.uleb128 0x11
 1227 011f 01        		.uleb128 0x1
 1228 0120 12        		.uleb128 0x12
 1229 0121 01        		.uleb128 0x1
 1230 0122 58        		.uleb128 0x58
 1231 0123 0B        		.uleb128 0xb
 1232 0124 59        		.uleb128 0x59
 1233 0125 0B        		.uleb128 0xb
 1234 0126 01        		.uleb128 0x1
 1235 0127 13        		.uleb128 0x13
 1236 0128 00        		.byte	0
 1237 0129 00        		.byte	0
 1238 012a 16        		.uleb128 0x16
 1239 012b 05        		.uleb128 0x5
 1240 012c 00        		.byte	0
 1241 012d 31        		.uleb128 0x31
 1242 012e 13        		.uleb128 0x13
 1243 012f 1C        		.uleb128 0x1c
 1244 0130 0D        		.uleb128 0xd
 1245 0131 00        		.byte	0
 1246 0132 00        		.byte	0
 1247 0133 17        		.uleb128 0x17
 1248 0134 05        		.uleb128 0x5
 1249 0135 00        		.byte	0
 1250 0136 31        		.uleb128 0x31
GAS LISTING /var/folders/7l/9pmsqbq54pd4f14gcz60xhbh0000gn/T//cczm1UTl.s 			page 28


 1251 0137 13        		.uleb128 0x13
 1252 0138 1C        		.uleb128 0x1c
 1253 0139 0B        		.uleb128 0xb
 1254 013a 00        		.byte	0
 1255 013b 00        		.byte	0
 1256 013c 18        		.uleb128 0x18
 1257 013d 8982 01   		.uleb128 0x4109
 1258 0140 01        		.byte	0x1
 1259 0141 11        		.uleb128 0x11
 1260 0142 01        		.uleb128 0x1
 1261 0143 9542      		.uleb128 0x2115
 1262 0145 0C        		.uleb128 0xc
 1263 0146 31        		.uleb128 0x31
 1264 0147 13        		.uleb128 0x13
 1265 0148 00        		.byte	0
 1266 0149 00        		.byte	0
 1267 014a 19        		.uleb128 0x19
 1268 014b 2E        		.uleb128 0x2e
 1269 014c 00        		.byte	0
 1270 014d 3F        		.uleb128 0x3f
 1271 014e 0C        		.uleb128 0xc
 1272 014f 03        		.uleb128 0x3
 1273 0150 0E        		.uleb128 0xe
 1274 0151 3A        		.uleb128 0x3a
 1275 0152 0B        		.uleb128 0xb
 1276 0153 3B        		.uleb128 0x3b
 1277 0154 0B        		.uleb128 0xb
 1278 0155 27        		.uleb128 0x27
 1279 0156 0C        		.uleb128 0xc
 1280 0157 49        		.uleb128 0x49
 1281 0158 13        		.uleb128 0x13
 1282 0159 11        		.uleb128 0x11
 1283 015a 01        		.uleb128 0x1
 1284 015b 12        		.uleb128 0x12
 1285 015c 01        		.uleb128 0x1
 1286 015d 40        		.uleb128 0x40
 1287 015e 0A        		.uleb128 0xa
 1288 015f 9742      		.uleb128 0x2117
 1289 0161 0C        		.uleb128 0xc
 1290 0162 00        		.byte	0
 1291 0163 00        		.byte	0
 1292 0164 1A        		.uleb128 0x1a
 1293 0165 2E        		.uleb128 0x2e
 1294 0166 01        		.byte	0x1
 1295 0167 3F        		.uleb128 0x3f
 1296 0168 0C        		.uleb128 0xc
 1297 0169 03        		.uleb128 0x3
 1298 016a 0E        		.uleb128 0xe
 1299 016b 3A        		.uleb128 0x3a
 1300 016c 0B        		.uleb128 0xb
 1301 016d 3B        		.uleb128 0x3b
 1302 016e 0B        		.uleb128 0xb
 1303 016f 27        		.uleb128 0x27
 1304 0170 0C        		.uleb128 0xc
 1305 0171 49        		.uleb128 0x49
 1306 0172 13        		.uleb128 0x13
 1307 0173 11        		.uleb128 0x11
GAS LISTING /var/folders/7l/9pmsqbq54pd4f14gcz60xhbh0000gn/T//cczm1UTl.s 			page 29


 1308 0174 01        		.uleb128 0x1
 1309 0175 12        		.uleb128 0x12
 1310 0176 01        		.uleb128 0x1
 1311 0177 40        		.uleb128 0x40
 1312 0178 06        		.uleb128 0x6
 1313 0179 9742      		.uleb128 0x2117
 1314 017b 0C        		.uleb128 0xc
 1315 017c 01        		.uleb128 0x1
 1316 017d 13        		.uleb128 0x13
 1317 017e 00        		.byte	0
 1318 017f 00        		.byte	0
 1319 0180 1B        		.uleb128 0x1b
 1320 0181 05        		.uleb128 0x5
 1321 0182 00        		.byte	0
 1322 0183 03        		.uleb128 0x3
 1323 0184 08        		.uleb128 0x8
 1324 0185 3A        		.uleb128 0x3a
 1325 0186 0B        		.uleb128 0xb
 1326 0187 3B        		.uleb128 0x3b
 1327 0188 0B        		.uleb128 0xb
 1328 0189 49        		.uleb128 0x49
 1329 018a 13        		.uleb128 0x13
 1330 018b 02        		.uleb128 0x2
 1331 018c 06        		.uleb128 0x6
 1332 018d 00        		.byte	0
 1333 018e 00        		.byte	0
 1334 018f 1C        		.uleb128 0x1c
 1335 0190 8982 01   		.uleb128 0x4109
 1336 0193 01        		.byte	0x1
 1337 0194 11        		.uleb128 0x11
 1338 0195 01        		.uleb128 0x1
 1339 0196 31        		.uleb128 0x31
 1340 0197 13        		.uleb128 0x13
 1341 0198 01        		.uleb128 0x1
 1342 0199 13        		.uleb128 0x13
 1343 019a 00        		.byte	0
 1344 019b 00        		.byte	0
 1345 019c 1D        		.uleb128 0x1d
 1346 019d 0F        		.uleb128 0xf
 1347 019e 00        		.byte	0
 1348 019f 0B        		.uleb128 0xb
 1349 01a0 0B        		.uleb128 0xb
 1350 01a1 49        		.uleb128 0x49
 1351 01a2 13        		.uleb128 0x13
 1352 01a3 00        		.byte	0
 1353 01a4 00        		.byte	0
 1354 01a5 1E        		.uleb128 0x1e
 1355 01a6 01        		.uleb128 0x1
 1356 01a7 01        		.byte	0x1
 1357 01a8 49        		.uleb128 0x49
 1358 01a9 13        		.uleb128 0x13
 1359 01aa 01        		.uleb128 0x1
 1360 01ab 13        		.uleb128 0x13
 1361 01ac 00        		.byte	0
 1362 01ad 00        		.byte	0
 1363 01ae 1F        		.uleb128 0x1f
 1364 01af 21        		.uleb128 0x21
GAS LISTING /var/folders/7l/9pmsqbq54pd4f14gcz60xhbh0000gn/T//cczm1UTl.s 			page 30


 1365 01b0 00        		.byte	0
 1366 01b1 49        		.uleb128 0x49
 1367 01b2 13        		.uleb128 0x13
 1368 01b3 2F        		.uleb128 0x2f
 1369 01b4 0B        		.uleb128 0xb
 1370 01b5 00        		.byte	0
 1371 01b6 00        		.byte	0
 1372 01b7 20        		.uleb128 0x20
 1373 01b8 34        		.uleb128 0x34
 1374 01b9 00        		.byte	0
 1375 01ba 03        		.uleb128 0x3
 1376 01bb 0E        		.uleb128 0xe
 1377 01bc 3A        		.uleb128 0x3a
 1378 01bd 0B        		.uleb128 0xb
 1379 01be 3B        		.uleb128 0x3b
 1380 01bf 0B        		.uleb128 0xb
 1381 01c0 49        		.uleb128 0x49
 1382 01c1 13        		.uleb128 0x13
 1383 01c2 3F        		.uleb128 0x3f
 1384 01c3 0C        		.uleb128 0xc
 1385 01c4 02        		.uleb128 0x2
 1386 01c5 0A        		.uleb128 0xa
 1387 01c6 00        		.byte	0
 1388 01c7 00        		.byte	0
 1389 01c8 21        		.uleb128 0x21
 1390 01c9 2E        		.uleb128 0x2e
 1391 01ca 01        		.byte	0x1
 1392 01cb 3F        		.uleb128 0x3f
 1393 01cc 0C        		.uleb128 0xc
 1394 01cd 03        		.uleb128 0x3
 1395 01ce 0E        		.uleb128 0xe
 1396 01cf 3A        		.uleb128 0x3a
 1397 01d0 0B        		.uleb128 0xb
 1398 01d1 3B        		.uleb128 0x3b
 1399 01d2 0B        		.uleb128 0xb
 1400 01d3 27        		.uleb128 0x27
 1401 01d4 0C        		.uleb128 0xc
 1402 01d5 49        		.uleb128 0x49
 1403 01d6 13        		.uleb128 0x13
 1404 01d7 3C        		.uleb128 0x3c
 1405 01d8 0C        		.uleb128 0xc
 1406 01d9 01        		.uleb128 0x1
 1407 01da 13        		.uleb128 0x13
 1408 01db 00        		.byte	0
 1409 01dc 00        		.byte	0
 1410 01dd 22        		.uleb128 0x22
 1411 01de 05        		.uleb128 0x5
 1412 01df 00        		.byte	0
 1413 01e0 49        		.uleb128 0x49
 1414 01e1 13        		.uleb128 0x13
 1415 01e2 00        		.byte	0
 1416 01e3 00        		.byte	0
 1417 01e4 23        		.uleb128 0x23
 1418 01e5 2E        		.uleb128 0x2e
 1419 01e6 01        		.byte	0x1
 1420 01e7 3F        		.uleb128 0x3f
 1421 01e8 0C        		.uleb128 0xc
GAS LISTING /var/folders/7l/9pmsqbq54pd4f14gcz60xhbh0000gn/T//cczm1UTl.s 			page 31


 1422 01e9 03        		.uleb128 0x3
 1423 01ea 0E        		.uleb128 0xe
 1424 01eb 3A        		.uleb128 0x3a
 1425 01ec 0B        		.uleb128 0xb
 1426 01ed 3B        		.uleb128 0x3b
 1427 01ee 0B        		.uleb128 0xb
 1428 01ef 27        		.uleb128 0x27
 1429 01f0 0C        		.uleb128 0xc
 1430 01f1 49        		.uleb128 0x49
 1431 01f2 13        		.uleb128 0x13
 1432 01f3 3C        		.uleb128 0x3c
 1433 01f4 0C        		.uleb128 0xc
 1434 01f5 00        		.byte	0
 1435 01f6 00        		.byte	0
 1436 01f7 00        		.byte	0
 1437               		.section	.debug_loc,"",@progbits
 1438               	.Ldebug_loc0:
 1439               	.LLST0:
 1440 0000 0000 0000 		.long	.LVL0-.Ltext0
 1441 0004 0C00 0000 		.long	.LVL1-.Ltext0
 1442 0008 0100      		.word	0x1
 1443 000a 68        		.byte	0x68
 1444 000b 0C00 0000 		.long	.LVL1-.Ltext0
 1445 000f 0F00 0000 		.long	.LVL2-1-.Ltext0
 1446 0013 0500      		.word	0x5
 1447 0015 03        		.byte	0x3
 1448 0016 0000 0000 		.long	g_buff
 1449 001a 0F00 0000 		.long	.LVL2-1-.Ltext0
 1450 001e 2A00 0000 		.long	.LFE11-.Ltext0
 1451 0022 0400      		.word	0x4
 1452 0024 F3        		.byte	0xf3
 1453 0025 01        		.uleb128 0x1
 1454 0026 68        		.byte	0x68
 1455 0027 9F        		.byte	0x9f
 1456 0028 0000 0000 		.long	0
 1457 002c 0000 0000 		.long	0
 1458               	.LLST1:
 1459 0030 0000 0000 		.long	.LVL0-.Ltext0
 1460 0034 1000 0000 		.long	.LVL2-.Ltext0
 1461 0038 0200      		.word	0x2
 1462 003a 30        		.byte	0x30
 1463 003b 9F        		.byte	0x9f
 1464 003c 1000 0000 		.long	.LVL2-.Ltext0
 1465 0040 1C00 0000 		.long	.LVL4-.Ltext0
 1466 0044 0100      		.word	0x1
 1467 0046 68        		.byte	0x68
 1468 0047 0000 0000 		.long	0
 1469 004b 0000 0000 		.long	0
 1470               	.LLST2:
 1471 004f 1400 0000 		.long	.LVL3-.Ltext0
 1472 0053 2800 0000 		.long	.LVL6-.Ltext0
 1473 0057 0400      		.word	0x4
 1474 0059 F3        		.byte	0xf3
 1475 005a 01        		.uleb128 0x1
 1476 005b 68        		.byte	0x68
 1477 005c 9F        		.byte	0x9f
 1478 005d 0000 0000 		.long	0
GAS LISTING /var/folders/7l/9pmsqbq54pd4f14gcz60xhbh0000gn/T//cczm1UTl.s 			page 32


 1479 0061 0000 0000 		.long	0
 1480               	.LLST3:
 1481 0065 2000 0000 		.long	.LVL5-.Ltext0
 1482 0069 2800 0000 		.long	.LVL6-.Ltext0
 1483 006d 0100      		.word	0x1
 1484 006f 68        		.byte	0x68
 1485 0070 0000 0000 		.long	0
 1486 0074 0000 0000 		.long	0
 1487               	.LLST4:
 1488 0078 2A00 0000 		.long	.LVL7-.Ltext0
 1489 007c 5A00 0000 		.long	.LVL11-.Ltext0
 1490 0080 0200      		.word	0x2
 1491 0082 30        		.byte	0x30
 1492 0083 9F        		.byte	0x9f
 1493 0084 0000 0000 		.long	0
 1494 0088 0000 0000 		.long	0
 1495               	.LLST5:
 1496 008c 3400 0000 		.long	.LVL9-.Ltext0
 1497 0090 4200 0000 		.long	.LVL10-.Ltext0
 1498 0094 0600      		.word	0x6
 1499 0096 9E        		.byte	0x9e
 1500 0097 04        		.uleb128 0x4
 1501 0098 0000 803F 		.long	0x3f800000
 1502 009c 0000 0000 		.long	0
 1503 00a0 0000 0000 		.long	0
 1504               	.LLST6:
 1505 00a4 3400 0000 		.long	.LVL9-.Ltext0
 1506 00a8 4200 0000 		.long	.LVL10-.Ltext0
 1507 00ac 0600      		.word	0x6
 1508 00ae 9E        		.byte	0x9e
 1509 00af 04        		.uleb128 0x4
 1510 00b0 0000 7A46 		.long	0x467a0000
 1511 00b4 0000 0000 		.long	0
 1512 00b8 0000 0000 		.long	0
 1513               	.LLST7:
 1514 00bc 3400 0000 		.long	.LVL9-.Ltext0
 1515 00c0 4200 0000 		.long	.LVL10-.Ltext0
 1516 00c4 0400      		.word	0x4
 1517 00c6 0A        		.byte	0xa
 1518 00c7 803E      		.word	0x3e80
 1519 00c9 9F        		.byte	0x9f
 1520 00ca 0000 0000 		.long	0
 1521 00ce 0000 0000 		.long	0
 1522               	.LLST8:
 1523 00d2 5E00 0000 		.long	.LVL12-.Ltext0
 1524 00d6 9200 0000 		.long	.LVL15-.Ltext0
 1525 00da 0200      		.word	0x2
 1526 00dc 32        		.byte	0x32
 1527 00dd 9F        		.byte	0x9f
 1528 00de 0000 0000 		.long	0
 1529 00e2 0000 0000 		.long	0
 1530               	.LLST9:
 1531 00e6 5E00 0000 		.long	.LVL12-.Ltext0
 1532 00ea 9200 0000 		.long	.LVL15-.Ltext0
 1533 00ee 0300      		.word	0x3
 1534 00f0 08        		.byte	0x8
 1535 00f1 22        		.byte	0x22
GAS LISTING /var/folders/7l/9pmsqbq54pd4f14gcz60xhbh0000gn/T//cczm1UTl.s 			page 33


 1536 00f2 9F        		.byte	0x9f
 1537 00f3 0000 0000 		.long	0
 1538 00f7 0000 0000 		.long	0
 1539               	.LLST10:
 1540 00fb 7A00 0000 		.long	.LVL14-.Ltext0
 1541 00ff 9200 0000 		.long	.LVL15-.Ltext0
 1542 0103 0300      		.word	0x3
 1543 0105 08        		.byte	0x8
 1544 0106 37        		.byte	0x37
 1545 0107 9F        		.byte	0x9f
 1546 0108 0000 0000 		.long	0
 1547 010c 0000 0000 		.long	0
 1548               	.LLST11:
 1549 0110 7A00 0000 		.long	.LVL14-.Ltext0
 1550 0114 9200 0000 		.long	.LVL15-.Ltext0
 1551 0118 0300      		.word	0x3
 1552 011a 08        		.byte	0x8
 1553 011b 20        		.byte	0x20
 1554 011c 9F        		.byte	0x9f
 1555 011d 0000 0000 		.long	0
 1556 0121 0000 0000 		.long	0
 1557               	.LLST12:
 1558 0125 A200 0000 		.long	.LFB9-.Ltext0
 1559 0129 A400 0000 		.long	.LCFI0-.Ltext0
 1560 012d 0300      		.word	0x3
 1561 012f 92        		.byte	0x92
 1562 0130 20        		.uleb128 0x20
 1563 0131 02        		.sleb128 2
 1564 0132 A400 0000 		.long	.LCFI0-.Ltext0
 1565 0136 A600 0000 		.long	.LCFI1-.Ltext0
 1566 013a 0300      		.word	0x3
 1567 013c 92        		.byte	0x92
 1568 013d 20        		.uleb128 0x20
 1569 013e 03        		.sleb128 3
 1570 013f A600 0000 		.long	.LCFI1-.Ltext0
 1571 0143 A800 0000 		.long	.LCFI2-.Ltext0
 1572 0147 0300      		.word	0x3
 1573 0149 92        		.byte	0x92
 1574 014a 20        		.uleb128 0x20
 1575 014b 04        		.sleb128 4
 1576 014c A800 0000 		.long	.LCFI2-.Ltext0
 1577 0150 AA00 0000 		.long	.LCFI3-.Ltext0
 1578 0154 0300      		.word	0x3
 1579 0156 92        		.byte	0x92
 1580 0157 20        		.uleb128 0x20
 1581 0158 05        		.sleb128 5
 1582 0159 AA00 0000 		.long	.LCFI3-.Ltext0
 1583 015d AC00 0000 		.long	.LCFI4-.Ltext0
 1584 0161 0300      		.word	0x3
 1585 0163 92        		.byte	0x92
 1586 0164 20        		.uleb128 0x20
 1587 0165 06        		.sleb128 6
 1588 0166 AC00 0000 		.long	.LCFI4-.Ltext0
 1589 016a AE00 0000 		.long	.LCFI5-.Ltext0
 1590 016e 0300      		.word	0x3
 1591 0170 92        		.byte	0x92
 1592 0171 20        		.uleb128 0x20
GAS LISTING /var/folders/7l/9pmsqbq54pd4f14gcz60xhbh0000gn/T//cczm1UTl.s 			page 34


 1593 0172 07        		.sleb128 7
 1594 0173 AE00 0000 		.long	.LCFI5-.Ltext0
 1595 0177 4801 0000 		.long	.LFE9-.Ltext0
 1596 017b 0300      		.word	0x3
 1597 017d 92        		.byte	0x92
 1598 017e 20        		.uleb128 0x20
 1599 017f 08        		.sleb128 8
 1600 0180 0000 0000 		.long	0
 1601 0184 0000 0000 		.long	0
 1602               	.LLST13:
 1603 0188 A200 0000 		.long	.LVL17-.Ltext0
 1604 018c B600 0000 		.long	.LVL19-.Ltext0
 1605 0190 0600      		.word	0x6
 1606 0192 68        		.byte	0x68
 1607 0193 93        		.byte	0x93
 1608 0194 01        		.uleb128 0x1
 1609 0195 69        		.byte	0x69
 1610 0196 93        		.byte	0x93
 1611 0197 01        		.uleb128 0x1
 1612 0198 B600 0000 		.long	.LVL19-.Ltext0
 1613 019c 3E01 0000 		.long	.LVL26-.Ltext0
 1614 01a0 0600      		.word	0x6
 1615 01a2 6C        		.byte	0x6c
 1616 01a3 93        		.byte	0x93
 1617 01a4 01        		.uleb128 0x1
 1618 01a5 6D        		.byte	0x6d
 1619 01a6 93        		.byte	0x93
 1620 01a7 01        		.uleb128 0x1
 1621 01a8 3E01 0000 		.long	.LVL26-.Ltext0
 1622 01ac 4801 0000 		.long	.LFE9-.Ltext0
 1623 01b0 0400      		.word	0x4
 1624 01b2 F3        		.byte	0xf3
 1625 01b3 01        		.uleb128 0x1
 1626 01b4 68        		.byte	0x68
 1627 01b5 9F        		.byte	0x9f
 1628 01b6 0000 0000 		.long	0
 1629 01ba 0000 0000 		.long	0
 1630               	.LLST14:
 1631 01be A200 0000 		.long	.LVL17-.Ltext0
 1632 01c2 C000 0000 		.long	.LVL21-.Ltext0
 1633 01c6 0600      		.word	0x6
 1634 01c8 66        		.byte	0x66
 1635 01c9 93        		.byte	0x93
 1636 01ca 01        		.uleb128 0x1
 1637 01cb 67        		.byte	0x67
 1638 01cc 93        		.byte	0x93
 1639 01cd 01        		.uleb128 0x1
 1640 01ce C000 0000 		.long	.LVL21-.Ltext0
 1641 01d2 4601 0000 		.long	.LVL28-.Ltext0
 1642 01d6 0600      		.word	0x6
 1643 01d8 5E        		.byte	0x5e
 1644 01d9 93        		.byte	0x93
 1645 01da 01        		.uleb128 0x1
 1646 01db 5F        		.byte	0x5f
 1647 01dc 93        		.byte	0x93
 1648 01dd 01        		.uleb128 0x1
 1649 01de 4601 0000 		.long	.LVL28-.Ltext0
GAS LISTING /var/folders/7l/9pmsqbq54pd4f14gcz60xhbh0000gn/T//cczm1UTl.s 			page 35


 1650 01e2 4801 0000 		.long	.LFE9-.Ltext0
 1651 01e6 0400      		.word	0x4
 1652 01e8 F3        		.byte	0xf3
 1653 01e9 01        		.uleb128 0x1
 1654 01ea 66        		.byte	0x66
 1655 01eb 9F        		.byte	0x9f
 1656 01ec 0000 0000 		.long	0
 1657 01f0 0000 0000 		.long	0
 1658               	.LLST15:
 1659 01f4 A200 0000 		.long	.LVL17-.Ltext0
 1660 01f8 BE00 0000 		.long	.LVL20-.Ltext0
 1661 01fc 0600      		.word	0x6
 1662 01fe 64        		.byte	0x64
 1663 01ff 93        		.byte	0x93
 1664 0200 01        		.uleb128 0x1
 1665 0201 65        		.byte	0x65
 1666 0202 93        		.byte	0x93
 1667 0203 01        		.uleb128 0x1
 1668 0204 BE00 0000 		.long	.LVL20-.Ltext0
 1669 0208 4201 0000 		.long	.LVL27-.Ltext0
 1670 020c 0600      		.word	0x6
 1671 020e 60        		.byte	0x60
 1672 020f 93        		.byte	0x93
 1673 0210 01        		.uleb128 0x1
 1674 0211 61        		.byte	0x61
 1675 0212 93        		.byte	0x93
 1676 0213 01        		.uleb128 0x1
 1677 0214 4201 0000 		.long	.LVL27-.Ltext0
 1678 0218 4801 0000 		.long	.LFE9-.Ltext0
 1679 021c 0400      		.word	0x4
 1680 021e F3        		.byte	0xf3
 1681 021f 01        		.uleb128 0x1
 1682 0220 64        		.byte	0x64
 1683 0221 9F        		.byte	0x9f
 1684 0222 0000 0000 		.long	0
 1685 0226 0000 0000 		.long	0
 1686               	.LLST16:
 1687 022a B400 0000 		.long	.LVL18-.Ltext0
 1688 022e C600 0000 		.long	.LVL22-.Ltext0
 1689 0232 0200      		.word	0x2
 1690 0234 30        		.byte	0x30
 1691 0235 9F        		.byte	0x9f
 1692 0236 C600 0000 		.long	.LVL22-.Ltext0
 1693 023a D200 0000 		.long	.LVL23-.Ltext0
 1694 023e 0100      		.word	0x1
 1695 0240 68        		.byte	0x68
 1696 0241 D600 0000 		.long	.LVL24-.Ltext0
 1697 0245 E400 0000 		.long	.LVL25-.Ltext0
 1698 0249 0100      		.word	0x1
 1699 024b 68        		.byte	0x68
 1700 024c 0000 0000 		.long	0
 1701 0250 0000 0000 		.long	0
 1702               		.section	.debug_aranges,"",@progbits
 1703 0000 1C00 0000 		.long	0x1c
 1704 0004 0200      		.word	0x2
 1705 0006 0000 0000 		.long	.Ldebug_info0
 1706 000a 04        		.byte	0x4
GAS LISTING /var/folders/7l/9pmsqbq54pd4f14gcz60xhbh0000gn/T//cczm1UTl.s 			page 36


 1707 000b 00        		.byte	0
 1708 000c 0000      		.word	0
 1709 000e 0000      		.word	0
 1710 0010 0000 0000 		.long	.Ltext0
 1711 0014 4801 0000 		.long	.Letext0-.Ltext0
 1712 0018 0000 0000 		.long	0
 1713 001c 0000 0000 		.long	0
 1714               		.section	.debug_line,"",@progbits
 1715               	.Ldebug_line0:
 1716 0000 4301 0000 		.section	.debug_str,"MS",@progbits,1
 1716      0200 EC00 
 1716      0000 0201 
 1716      FB0E 0A00 
 1716      0101 0101 
 1717               	.LASF26:
 1718 0000 474E 5520 		.string	"GNU C 4.8.1 -mmcu=atmega328p -g -Os"
 1718      4320 342E 
 1718      382E 3120 
 1718      2D6D 6D63 
 1718      753D 6174 
 1719               	.LASF0:
 1720 0024 696E 7438 		.string	"int8_t"
 1720      5F74 00
 1721               	.LASF27:
 1722 002b 6C69 7333 		.string	"lis331.c"
 1722      3331 2E63 
 1722      00
 1723               	.LASF30:
 1724 0034 5F5F 6275 		.string	"__builtin_avr_delay_cycles"
 1724      696C 7469 
 1724      6E5F 6176 
 1724      725F 6465 
 1724      6C61 795F 
 1725               	.LASF13:
 1726 004f 7368 6F72 		.string	"short int"
 1726      7420 696E 
 1726      7400 
 1727               	.LASF17:
 1728 0059 5F5F 746D 		.string	"__tmp"
 1728      7000 
 1729               	.LASF25:
 1730 005f 7369 7A65 		.string	"sizetype"
 1730      7479 7065 
 1730      00
 1731               	.LASF22:
 1732 0068 6C69 7333 		.string	"lis331_init"
 1732      3331 5F69 
 1732      6E69 7400 
 1733               	.LASF28:
 1734 0074 2F55 7365 		.string	"/Users/jonny/Documents/KiCadProjects/rocket_ejection/firmware"
 1734      7273 2F6A 
 1734      6F6E 6E79 
 1734      2F44 6F63 
 1734      756D 656E 
 1735               	.LASF1:
 1736 00b2 7569 6E74 		.string	"uint8_t"
 1736      385F 7400 
GAS LISTING /var/folders/7l/9pmsqbq54pd4f14gcz60xhbh0000gn/T//cczm1UTl.s 			page 37


 1737               	.LASF10:
 1738 00ba 6C6F 6E67 		.string	"long long int"
 1738      206C 6F6E 
 1738      6720 696E 
 1738      7400 
 1739               	.LASF24:
 1740 00c8 6C69 7333 		.string	"lis331_read"
 1740      3331 5F72 
 1740      6561 6400 
 1741               	.LASF7:
 1742 00d4 6C6F 6E67 		.string	"long int"
 1742      2069 6E74 
 1742      00
 1743               	.LASF29:
 1744 00dd 5F64 656C 		.string	"_delay_ms"
 1744      6179 5F6D 
 1744      7300 
 1745               	.LASF32:
 1746 00e7 675F 6275 		.string	"g_buff"
 1746      6666 00
 1747               	.LASF31:
 1748 00ee 6C69 7333 		.string	"lis331_data_ready"
 1748      3331 5F64 
 1748      6174 615F 
 1748      7265 6164 
 1748      7900 
 1749               	.LASF16:
 1750 0100 7265 7476 		.string	"retval"
 1750      616C 00
 1751               	.LASF3:
 1752 0107 756E 7369 		.string	"unsigned char"
 1752      676E 6564 
 1752      2063 6861 
 1752      7200 
 1753               	.LASF33:
 1754 0115 6932 634D 		.string	"i2cMasterReceive"
 1754      6173 7465 
 1754      7252 6563 
 1754      6569 7665 
 1754      00
 1755               	.LASF21:
 1756 0126 6C69 7333 		.string	"lis331_write_reg"
 1756      3331 5F77 
 1756      7269 7465 
 1756      5F72 6567 
 1756      00
 1757               	.LASF2:
 1758 0137 7369 676E 		.string	"signed char"
 1758      6564 2063 
 1758      6861 7200 
 1759               	.LASF11:
 1760 0143 6C6F 6E67 		.string	"long long unsigned int"
 1760      206C 6F6E 
 1760      6720 756E 
 1760      7369 676E 
 1760      6564 2069 
 1761               	.LASF8:
GAS LISTING /var/folders/7l/9pmsqbq54pd4f14gcz60xhbh0000gn/T//cczm1UTl.s 			page 38


 1762 015a 7569 6E74 		.string	"uint32_t"
 1762      3332 5F74 
 1762      00
 1763               	.LASF6:
 1764 0163 756E 7369 		.string	"unsigned int"
 1764      676E 6564 
 1764      2069 6E74 
 1764      00
 1765               	.LASF5:
 1766 0170 7569 6E74 		.string	"uint16_t"
 1766      3136 5F74 
 1766      00
 1767               	.LASF12:
 1768 0179 7368 6F72 		.string	"short unsigned int"
 1768      7420 756E 
 1768      7369 676E 
 1768      6564 2069 
 1768      6E74 00
 1769               	.LASF14:
 1770 018c 6368 6172 		.string	"char"
 1770      00
 1771               	.LASF4:
 1772 0191 696E 7431 		.string	"int16_t"
 1772      365F 7400 
 1773               	.LASF9:
 1774 0199 6C6F 6E67 		.string	"long unsigned int"
 1774      2075 6E73 
 1774      6967 6E65 
 1774      6420 696E 
 1774      7400 
 1775               	.LASF19:
 1776 01ab 646F 7562 		.string	"double"
 1776      6C65 00
 1777               	.LASF20:
 1778 01b2 6C69 7333 		.string	"lis331_read_reg"
 1778      3331 5F72 
 1778      6561 645F 
 1778      7265 6700 
 1779               	.LASF15:
 1780 01c2 5F5F 6D73 		.string	"__ms"
 1780      00
 1781               	.LASF18:
 1782 01c7 5F5F 7469 		.string	"__ticks_dc"
 1782      636B 735F 
 1782      6463 00
 1783               	.LASF23:
 1784 01d2 6C69 7333 		.string	"lis331_data_status"
 1784      3331 5F64 
 1784      6174 615F 
 1784      7374 6174 
 1784      7573 00
 1785               	.LASF34:
 1786 01e5 6932 634D 		.string	"i2cMasterSend"
 1786      6173 7465 
 1786      7253 656E 
 1786      6400 
 1787               		.ident	"GCC: (GNU) 4.8.1"
GAS LISTING /var/folders/7l/9pmsqbq54pd4f14gcz60xhbh0000gn/T//cczm1UTl.s 			page 39


 1788               	.global __do_clear_bss
GAS LISTING /var/folders/7l/9pmsqbq54pd4f14gcz60xhbh0000gn/T//cczm1UTl.s 			page 40


DEFINED SYMBOLS
                            *ABS*:00000000 lis331.c
/var/folders/7l/9pmsqbq54pd4f14gcz60xhbh0000gn/T//cczm1UTl.s:2      *ABS*:0000003e __SP_H__
/var/folders/7l/9pmsqbq54pd4f14gcz60xhbh0000gn/T//cczm1UTl.s:3      *ABS*:0000003d __SP_L__
/var/folders/7l/9pmsqbq54pd4f14gcz60xhbh0000gn/T//cczm1UTl.s:4      *ABS*:0000003f __SREG__
/var/folders/7l/9pmsqbq54pd4f14gcz60xhbh0000gn/T//cczm1UTl.s:5      *ABS*:00000000 __tmp_reg__
/var/folders/7l/9pmsqbq54pd4f14gcz60xhbh0000gn/T//cczm1UTl.s:6      *ABS*:00000001 __zero_reg__
/var/folders/7l/9pmsqbq54pd4f14gcz60xhbh0000gn/T//cczm1UTl.s:11     .text:00000000 lis331_read_reg
                            *COM*:00000010 g_buff
/var/folders/7l/9pmsqbq54pd4f14gcz60xhbh0000gn/T//cczm1UTl.s:61     .text:0000002a lis331_init
/var/folders/7l/9pmsqbq54pd4f14gcz60xhbh0000gn/T//cczm1UTl.s:160    .text:00000094 lis331_data_status
/var/folders/7l/9pmsqbq54pd4f14gcz60xhbh0000gn/T//cczm1UTl.s:177    .text:0000009a lis331_data_ready
/var/folders/7l/9pmsqbq54pd4f14gcz60xhbh0000gn/T//cczm1UTl.s:197    .text:000000a2 lis331_read

UNDEFINED SYMBOLS
i2cMasterSend
i2cMasterReceive
__do_clear_bss
