GAS LISTING /var/folders/7l/9pmsqbq54pd4f14gcz60xhbh0000gn/T//ccDHQbco.s 			page 1


   1               		.file	"lsm303d.c"
   2               	__SP_H__ = 0x3e
   3               	__SP_L__ = 0x3d
   4               	__SREG__ = 0x3f
   5               	__tmp_reg__ = 0
   6               	__zero_reg__ = 1
   7               		.text
   8               	.Ltext0:
   9               		.cfi_sections	.debug_frame
  10               		.type	lsm303_write_reg, @function
  11               	lsm303_write_reg:
  12               	.LFB13:
  13               		.file 1 "lsm303d.c"
   1:lsm303d.c     **** /*
   2:lsm303d.c     ****  * lsm303d.c
   3:lsm303d.c     ****  * Source file for lsm303d driver.
   4:lsm303d.c     ****  * Datasheet available at http://www.st.com/resource/en/datasheet/lsm303d.pdf 
   5:lsm303d.c     ****  *
   6:lsm303d.c     ****  * Author: Jonny Dyer
   7:lsm303d.c     ****  * Date: 4/21/18
   8:lsm303d.c     ****  */
   9:lsm303d.c     **** 
  10:lsm303d.c     **** #include <avrlib/i2c.h>
  11:lsm303d.c     **** #include <util/delay.h>
  12:lsm303d.c     **** #include "lsm303d.h"
  13:lsm303d.c     **** 
  14:lsm303d.c     **** static int8_t lsm303_write_reg(uint8_t sub, uint8_t val);
  15:lsm303d.c     **** static uint8_t lsm303_read_reg(uint8_t sub);
  16:lsm303d.c     **** static uint8_t lsm303_read_regs(uint8_t sub, uint8_t len);
  17:lsm303d.c     **** 
  18:lsm303d.c     **** int8_t lsm303_init(void){
  19:lsm303d.c     ****     int8_t retval = I2C_OK;
  20:lsm303d.c     **** 
  21:lsm303d.c     ****     // Leaving CRTL0,CTRL4,CTRL7 at default values...
  22:lsm303d.c     **** 
  23:lsm303d.c     ****     retval = lsm303_write_reg(LSM303_REG_CTRL1, LSM303_BDU |
  24:lsm303d.c     ****                                                 LSM303_AXEN |
  25:lsm303d.c     ****                                                 LSM303_AYEN |
  26:lsm303d.c     ****                                                 LSM303_AZEN |
  27:lsm303d.c     ****                                                 LSM303_A_DR_100HZ);
  28:lsm303d.c     ****     if(retval != I2C_OK) return retval;
  29:lsm303d.c     **** 
  30:lsm303d.c     ****     retval = lsm303_write_reg(LSM303_REG_CTRL2, LSM303_A_FS_16G |
  31:lsm303d.c     ****                                                 LSM303_A_BW_50HZ);
  32:lsm303d.c     ****     if(retval != I2C_OK) return retval;
  33:lsm303d.c     **** 
  34:lsm303d.c     ****     retval = lsm303_write_reg(LSM303_REG_CTRL3, LSM303_INT1_DRDY_A);
  35:lsm303d.c     ****     if(retval != I2C_OK) return retval;
  36:lsm303d.c     **** 
  37:lsm303d.c     ****     retval = lsm303_write_reg(LSM303_REG_CTRL5, LSM303_M_HI_RES |
  38:lsm303d.c     ****                                                 LSM303_M_DR_50HZ | 
  39:lsm303d.c     ****                                                 LSM303_TEMP_EN);
  40:lsm303d.c     ****     if(retval != I2C_OK) return retval;
  41:lsm303d.c     **** 
  42:lsm303d.c     ****     retval = lsm303_write_reg(LSM303_REG_CTRL6, LSM303_M_FS_4GAUSS);
  43:lsm303d.c     ****     if(retval != I2C_OK) return retval;
  44:lsm303d.c     **** 
GAS LISTING /var/folders/7l/9pmsqbq54pd4f14gcz60xhbh0000gn/T//ccDHQbco.s 			page 2


  45:lsm303d.c     ****     retval = lsm303_write_reg(LSM303_REG_CTRL7, LSM303_M_CONT_CONV);
  46:lsm303d.c     ****     if(retval != I2C_OK) return retval;
  47:lsm303d.c     **** 
  48:lsm303d.c     ****     return retval;
  49:lsm303d.c     **** }
  50:lsm303d.c     **** 
  51:lsm303d.c     **** uint8_t lsm303_accel_data_status(void){
  52:lsm303d.c     ****     return lsm303_read_reg(LSM303_REG_STATUS_A);
  53:lsm303d.c     **** }
  54:lsm303d.c     **** 
  55:lsm303d.c     **** uint8_t lsm303_mag_data_status(void){
  56:lsm303d.c     ****     return lsm303_read_reg(LSM303_REG_STATUS_M);
  57:lsm303d.c     **** }
  58:lsm303d.c     **** 
  59:lsm303d.c     **** uint8_t lsm303_data_ready_int(void){
  60:lsm303d.c     ****     return (EXTINT_PIN & EXTINT_LSM303_PIN) > 0;
  61:lsm303d.c     **** }
  62:lsm303d.c     **** 
  63:lsm303d.c     **** int8_t lsm303_read_accel(int16_t *x, int16_t *y, int16_t *z){
  64:lsm303d.c     ****     int8_t retval = I2C_OK;
  65:lsm303d.c     ****     retval = lsm303_read_regs(LSM303_REG_OUT_X_L_A, 6);
  66:lsm303d.c     ****     if(retval != I2C_OK) return retval;
  67:lsm303d.c     **** 
  68:lsm303d.c     ****     *x = (int16_t)((uint16_t)g_buff[0] | ((uint16_t)g_buff[1]<<8));
  69:lsm303d.c     ****     *y = (int16_t)((uint16_t)g_buff[2] | ((uint16_t)g_buff[3]<<8));
  70:lsm303d.c     ****     *z = (int16_t)((uint16_t)g_buff[4] | ((uint16_t)g_buff[5]<<8));
  71:lsm303d.c     **** 
  72:lsm303d.c     ****     return retval;
  73:lsm303d.c     **** }
  74:lsm303d.c     **** 
  75:lsm303d.c     **** int8_t lsm303_read_mag(int16_t *x, int16_t *y, int16_t *z){
  76:lsm303d.c     ****     int8_t retval = I2C_OK;
  77:lsm303d.c     ****     retval = lsm303_read_regs(LSM303_REG_OUT_X_L_M, 6);
  78:lsm303d.c     ****     if(retval != I2C_OK) return retval;
  79:lsm303d.c     **** 
  80:lsm303d.c     ****     *x = (int16_t)((uint16_t)g_buff[0] | ((uint16_t)g_buff[1]<<8));
  81:lsm303d.c     ****     *y = (int16_t)((uint16_t)g_buff[2] | ((uint16_t)g_buff[3]<<8));
  82:lsm303d.c     ****     *z = (int16_t)((uint16_t)g_buff[4] | ((uint16_t)g_buff[5]<<8));
  83:lsm303d.c     **** 
  84:lsm303d.c     ****     return retval;
  85:lsm303d.c     **** }
  86:lsm303d.c     **** 
  87:lsm303d.c     **** static uint8_t lsm303_read_regs(uint8_t sub, uint8_t len){
  88:lsm303d.c     ****     int8_t retval = I2C_OK;
  89:lsm303d.c     ****     
  90:lsm303d.c     ****     // First send address
  91:lsm303d.c     ****     g_buff[0] = 0x80 | sub; //0x80 | for multi-byte read
  92:lsm303d.c     ****     retval = i2cMasterSend(LSM303D_ADDR, 1, g_buff);
  93:lsm303d.c     ****     if(retval != I2C_OK) return retval;
  94:lsm303d.c     ****     
  95:lsm303d.c     ****     // Now receive
  96:lsm303d.c     ****     retval = i2cMasterReceive(LSM303D_ADDR, len, g_buff);
  97:lsm303d.c     ****     if(retval != I2C_OK) return retval;
  98:lsm303d.c     **** 
  99:lsm303d.c     ****     return retval;
 100:lsm303d.c     **** }
 101:lsm303d.c     **** 
GAS LISTING /var/folders/7l/9pmsqbq54pd4f14gcz60xhbh0000gn/T//ccDHQbco.s 			page 3


 102:lsm303d.c     **** /* lsm303_write_reg
 103:lsm303d.c     ****  * writes a register at addr
 104:lsm303d.c     ****  */
 105:lsm303d.c     **** static int8_t lsm303_write_reg(uint8_t sub, uint8_t val){
  14               		.loc 1 105 0
  15               		.cfi_startproc
  16               	.LVL0:
  17               	/* prologue: function */
  18               	/* frame size = 0 */
  19               	/* stack size = 0 */
  20               	.L__stack_usage = 0
 106:lsm303d.c     ****     g_buff[0] = sub;
  21               		.loc 1 106 0
  22 0000 8093 0000 		sts g_buff,r24
 107:lsm303d.c     ****     g_buff[1] = val;
  23               		.loc 1 107 0
  24 0004 6093 0000 		sts g_buff+1,r22
 108:lsm303d.c     ****     return i2cMasterSend(LSM303D_ADDR, 2, g_buff);
  25               		.loc 1 108 0
  26 0008 40E0      		ldi r20,lo8(g_buff)
  27 000a 50E0      		ldi r21,hi8(g_buff)
  28 000c 62E0      		ldi r22,lo8(2)
  29               	.LVL1:
  30 000e 8CE3      		ldi r24,lo8(60)
  31               	.LVL2:
  32 0010 0C94 0000 		jmp i2cMasterSend
  33               	.LVL3:
  34               		.cfi_endproc
  35               	.LFE13:
  36               		.size	lsm303_write_reg, .-lsm303_write_reg
  37               		.type	lsm303_read_reg, @function
  38               	lsm303_read_reg:
  39               	.LFB14:
 109:lsm303d.c     **** }
 110:lsm303d.c     **** 
 111:lsm303d.c     **** /* lsm303_read_reg
 112:lsm303d.c     ****  * writes a register at addr
 113:lsm303d.c     ****  */
 114:lsm303d.c     **** static uint8_t lsm303_read_reg(uint8_t sub){
  40               		.loc 1 114 0
  41               		.cfi_startproc
  42               	.LVL4:
  43               	/* prologue: function */
  44               	/* frame size = 0 */
  45               	/* stack size = 0 */
  46               	.L__stack_usage = 0
 115:lsm303d.c     ****     int8_t retval = I2C_OK;
 116:lsm303d.c     ****     
 117:lsm303d.c     ****     // First send address
 118:lsm303d.c     ****     g_buff[0] = sub;
  47               		.loc 1 118 0
  48 0014 8093 0000 		sts g_buff,r24
 119:lsm303d.c     ****     retval = i2cMasterSend(LSM303D_ADDR, 1, g_buff);
  49               		.loc 1 119 0
  50 0018 40E0      		ldi r20,lo8(g_buff)
  51 001a 50E0      		ldi r21,hi8(g_buff)
  52 001c 61E0      		ldi r22,lo8(1)
GAS LISTING /var/folders/7l/9pmsqbq54pd4f14gcz60xhbh0000gn/T//ccDHQbco.s 			page 4


  53 001e 8CE3      		ldi r24,lo8(60)
  54               	.LVL5:
  55 0020 0E94 0000 		call i2cMasterSend
  56               	.LVL6:
 120:lsm303d.c     ****     if(retval != I2C_OK) return retval;
  57               		.loc 1 120 0
  58 0024 8111      		cpse r24,__zero_reg__
  59 0026 00C0      		rjmp .L4
  60               	.LVL7:
  61               	.LBB4:
  62               	.LBB5:
 121:lsm303d.c     ****     
 122:lsm303d.c     ****     // Now receive
 123:lsm303d.c     ****     retval = i2cMasterReceive(LSM303D_ADDR, 1, g_buff);
  63               		.loc 1 123 0
  64 0028 40E0      		ldi r20,lo8(g_buff)
  65 002a 50E0      		ldi r21,hi8(g_buff)
  66 002c 61E0      		ldi r22,lo8(1)
  67 002e 8CE3      		ldi r24,lo8(60)
  68               	.LVL8:
  69 0030 0E94 0000 		call i2cMasterReceive
  70               	.LVL9:
 124:lsm303d.c     ****     if(retval != I2C_OK) return retval;
  71               		.loc 1 124 0
  72 0034 8111      		cpse r24,__zero_reg__
  73 0036 00C0      		rjmp .L4
 125:lsm303d.c     **** 
 126:lsm303d.c     ****     return g_buff[0];
  74               		.loc 1 126 0
  75 0038 8091 0000 		lds r24,g_buff
  76               	.LVL10:
  77               	.L4:
  78               	.LBE5:
  79               	.LBE4:
 127:lsm303d.c     **** }
  80               		.loc 1 127 0
  81 003c 0895      		ret
  82               		.cfi_endproc
  83               	.LFE14:
  84               		.size	lsm303_read_reg, .-lsm303_read_reg
  85               	.global	lsm303_init
  86               		.type	lsm303_init, @function
  87               	lsm303_init:
  88               	.LFB6:
  18:lsm303d.c     **** int8_t lsm303_init(void){
  89               		.loc 1 18 0
  90               		.cfi_startproc
  91               	/* prologue: function */
  92               	/* frame size = 0 */
  93               	/* stack size = 0 */
  94               	.L__stack_usage = 0
  95               	.LVL11:
  23:lsm303d.c     ****     retval = lsm303_write_reg(LSM303_REG_CTRL1, LSM303_BDU |
  96               		.loc 1 23 0
  97 003e 6FE6      		ldi r22,lo8(111)
  98 0040 80E2      		ldi r24,lo8(32)
  99 0042 0E94 0000 		call lsm303_write_reg
GAS LISTING /var/folders/7l/9pmsqbq54pd4f14gcz60xhbh0000gn/T//ccDHQbco.s 			page 5


 100               	.LVL12:
  28:lsm303d.c     ****     if(retval != I2C_OK) return retval;
 101               		.loc 1 28 0
 102 0046 8111      		cpse r24,__zero_reg__
 103 0048 00C0      		rjmp .L9
  30:lsm303d.c     ****     retval = lsm303_write_reg(LSM303_REG_CTRL2, LSM303_A_FS_16G |
 104               		.loc 1 30 0
 105 004a 60EE      		ldi r22,lo8(-32)
 106 004c 81E2      		ldi r24,lo8(33)
 107               	.LVL13:
 108 004e 0E94 0000 		call lsm303_write_reg
 109               	.LVL14:
  32:lsm303d.c     ****     if(retval != I2C_OK) return retval;
 110               		.loc 1 32 0
 111 0052 8111      		cpse r24,__zero_reg__
 112 0054 00C0      		rjmp .L9
  34:lsm303d.c     ****     retval = lsm303_write_reg(LSM303_REG_CTRL3, LSM303_INT1_DRDY_A);
 113               		.loc 1 34 0
 114 0056 64E0      		ldi r22,lo8(4)
 115 0058 82E2      		ldi r24,lo8(34)
 116               	.LVL15:
 117 005a 0E94 0000 		call lsm303_write_reg
 118               	.LVL16:
  35:lsm303d.c     ****     if(retval != I2C_OK) return retval;
 119               		.loc 1 35 0
 120 005e 8111      		cpse r24,__zero_reg__
 121 0060 00C0      		rjmp .L9
  37:lsm303d.c     ****     retval = lsm303_write_reg(LSM303_REG_CTRL5, LSM303_M_HI_RES |
 122               		.loc 1 37 0
 123 0062 60EF      		ldi r22,lo8(-16)
 124 0064 84E2      		ldi r24,lo8(36)
 125               	.LVL17:
 126 0066 0E94 0000 		call lsm303_write_reg
 127               	.LVL18:
  40:lsm303d.c     ****     if(retval != I2C_OK) return retval;
 128               		.loc 1 40 0
 129 006a 8111      		cpse r24,__zero_reg__
 130 006c 00C0      		rjmp .L9
  42:lsm303d.c     ****     retval = lsm303_write_reg(LSM303_REG_CTRL6, LSM303_M_FS_4GAUSS);
 131               		.loc 1 42 0
 132 006e 60E2      		ldi r22,lo8(32)
 133 0070 85E2      		ldi r24,lo8(37)
 134               	.LVL19:
 135 0072 0E94 0000 		call lsm303_write_reg
 136               	.LVL20:
  43:lsm303d.c     ****     if(retval != I2C_OK) return retval;
 137               		.loc 1 43 0
 138 0076 8111      		cpse r24,__zero_reg__
 139 0078 00C0      		rjmp .L9
  45:lsm303d.c     ****     retval = lsm303_write_reg(LSM303_REG_CTRL7, LSM303_M_CONT_CONV);
 140               		.loc 1 45 0
 141 007a 60E0      		ldi r22,0
 142 007c 86E2      		ldi r24,lo8(38)
 143               	.LVL21:
 144 007e 0C94 0000 		jmp lsm303_write_reg
 145               	.LVL22:
 146               	.L9:
GAS LISTING /var/folders/7l/9pmsqbq54pd4f14gcz60xhbh0000gn/T//ccDHQbco.s 			page 6


  49:lsm303d.c     **** }
 147               		.loc 1 49 0
 148 0082 0895      		ret
 149               		.cfi_endproc
 150               	.LFE6:
 151               		.size	lsm303_init, .-lsm303_init
 152               	.global	lsm303_accel_data_status
 153               		.type	lsm303_accel_data_status, @function
 154               	lsm303_accel_data_status:
 155               	.LFB7:
  51:lsm303d.c     **** uint8_t lsm303_accel_data_status(void){
 156               		.loc 1 51 0
 157               		.cfi_startproc
 158               	/* prologue: function */
 159               	/* frame size = 0 */
 160               	/* stack size = 0 */
 161               	.L__stack_usage = 0
  52:lsm303d.c     ****     return lsm303_read_reg(LSM303_REG_STATUS_A);
 162               		.loc 1 52 0
 163 0084 87E2      		ldi r24,lo8(39)
 164 0086 0C94 0000 		jmp lsm303_read_reg
 165               	.LVL23:
 166               		.cfi_endproc
 167               	.LFE7:
 168               		.size	lsm303_accel_data_status, .-lsm303_accel_data_status
 169               	.global	lsm303_mag_data_status
 170               		.type	lsm303_mag_data_status, @function
 171               	lsm303_mag_data_status:
 172               	.LFB8:
  55:lsm303d.c     **** uint8_t lsm303_mag_data_status(void){
 173               		.loc 1 55 0
 174               		.cfi_startproc
 175               	/* prologue: function */
 176               	/* frame size = 0 */
 177               	/* stack size = 0 */
 178               	.L__stack_usage = 0
  56:lsm303d.c     ****     return lsm303_read_reg(LSM303_REG_STATUS_M);
 179               		.loc 1 56 0
 180 008a 87E0      		ldi r24,lo8(7)
 181 008c 0C94 0000 		jmp lsm303_read_reg
 182               	.LVL24:
 183               		.cfi_endproc
 184               	.LFE8:
 185               		.size	lsm303_mag_data_status, .-lsm303_mag_data_status
 186               	.global	lsm303_data_ready_int
 187               		.type	lsm303_data_ready_int, @function
 188               	lsm303_data_ready_int:
 189               	.LFB9:
  59:lsm303d.c     **** uint8_t lsm303_data_ready_int(void){
 190               		.loc 1 59 0
 191               		.cfi_startproc
 192               	/* prologue: function */
 193               	/* frame size = 0 */
 194               	/* stack size = 0 */
 195               	.L__stack_usage = 0
  60:lsm303d.c     ****     return (EXTINT_PIN & EXTINT_LSM303_PIN) > 0;
 196               		.loc 1 60 0
GAS LISTING /var/folders/7l/9pmsqbq54pd4f14gcz60xhbh0000gn/T//ccDHQbco.s 			page 7


 197 0090 81E0      		ldi r24,lo8(1)
 198 0092 339B      		sbis 0x6,3
 199 0094 80E0      		ldi r24,0
 200               	.L18:
  61:lsm303d.c     **** }
 201               		.loc 1 61 0
 202 0096 0895      		ret
 203               		.cfi_endproc
 204               	.LFE9:
 205               		.size	lsm303_data_ready_int, .-lsm303_data_ready_int
 206               	.global	lsm303_read_accel
 207               		.type	lsm303_read_accel, @function
 208               	lsm303_read_accel:
 209               	.LFB10:
  63:lsm303d.c     **** int8_t lsm303_read_accel(int16_t *x, int16_t *y, int16_t *z){
 210               		.loc 1 63 0
 211               		.cfi_startproc
 212               	.LVL25:
 213 0098 EF92      		push r14
 214               	.LCFI0:
 215               		.cfi_def_cfa_offset 3
 216               		.cfi_offset 14, -2
 217 009a FF92      		push r15
 218               	.LCFI1:
 219               		.cfi_def_cfa_offset 4
 220               		.cfi_offset 15, -3
 221 009c 0F93      		push r16
 222               	.LCFI2:
 223               		.cfi_def_cfa_offset 5
 224               		.cfi_offset 16, -4
 225 009e 1F93      		push r17
 226               	.LCFI3:
 227               		.cfi_def_cfa_offset 6
 228               		.cfi_offset 17, -5
 229 00a0 CF93      		push r28
 230               	.LCFI4:
 231               		.cfi_def_cfa_offset 7
 232               		.cfi_offset 28, -6
 233 00a2 DF93      		push r29
 234               	.LCFI5:
 235               		.cfi_def_cfa_offset 8
 236               		.cfi_offset 29, -7
 237               	/* prologue: function */
 238               	/* frame size = 0 */
 239               	/* stack size = 6 */
 240               	.L__stack_usage = 6
 241 00a4 EC01      		movw r28,r24
 242 00a6 7B01      		movw r14,r22
 243 00a8 8A01      		movw r16,r20
 244               	.LVL26:
 245               	.LBB10:
 246               	.LBB11:
  91:lsm303d.c     ****     g_buff[0] = 0x80 | sub; //0x80 | for multi-byte read
 247               		.loc 1 91 0
 248 00aa 88EA      		ldi r24,lo8(-88)
 249               	.LVL27:
 250 00ac 8093 0000 		sts g_buff,r24
GAS LISTING /var/folders/7l/9pmsqbq54pd4f14gcz60xhbh0000gn/T//ccDHQbco.s 			page 8


  92:lsm303d.c     ****     retval = i2cMasterSend(LSM303D_ADDR, 1, g_buff);
 251               		.loc 1 92 0
 252 00b0 40E0      		ldi r20,lo8(g_buff)
 253 00b2 50E0      		ldi r21,hi8(g_buff)
 254               	.LVL28:
 255 00b4 61E0      		ldi r22,lo8(1)
 256               	.LVL29:
 257 00b6 8CE3      		ldi r24,lo8(60)
 258 00b8 0E94 0000 		call i2cMasterSend
 259               	.LVL30:
  93:lsm303d.c     ****     if(retval != I2C_OK) return retval;
 260               		.loc 1 93 0
 261 00bc 8111      		cpse r24,__zero_reg__
 262 00be 00C0      		rjmp .L21
 263               	.LVL31:
 264               	.LBB12:
 265               	.LBB13:
  96:lsm303d.c     ****     retval = i2cMasterReceive(LSM303D_ADDR, len, g_buff);
 266               		.loc 1 96 0
 267 00c0 40E0      		ldi r20,lo8(g_buff)
 268 00c2 50E0      		ldi r21,hi8(g_buff)
 269 00c4 66E0      		ldi r22,lo8(6)
 270 00c6 8CE3      		ldi r24,lo8(60)
 271               	.LVL32:
 272 00c8 0E94 0000 		call i2cMasterReceive
 273               	.LVL33:
 274               	.L21:
 275               	.LBE13:
 276               	.LBE12:
 277               	.LBE11:
 278               	.LBE10:
  66:lsm303d.c     ****     if(retval != I2C_OK) return retval;
 279               		.loc 1 66 0
 280 00cc 8111      		cpse r24,__zero_reg__
 281 00ce 00C0      		rjmp .L23
  68:lsm303d.c     ****     *x = (int16_t)((uint16_t)g_buff[0] | ((uint16_t)g_buff[1]<<8));
 282               		.loc 1 68 0
 283 00d0 2091 0000 		lds r18,g_buff+1
 284 00d4 30E0      		ldi r19,0
 285 00d6 322F      		mov r19,r18
 286 00d8 2227      		clr r18
 287 00da 9091 0000 		lds r25,g_buff
 288 00de 292B      		or r18,r25
 289 00e0 3983      		std Y+1,r19
 290 00e2 2883      		st Y,r18
  69:lsm303d.c     ****     *y = (int16_t)((uint16_t)g_buff[2] | ((uint16_t)g_buff[3]<<8));
 291               		.loc 1 69 0
 292 00e4 2091 0000 		lds r18,g_buff+3
 293 00e8 30E0      		ldi r19,0
 294 00ea 322F      		mov r19,r18
 295 00ec 2227      		clr r18
 296 00ee 9091 0000 		lds r25,g_buff+2
 297 00f2 292B      		or r18,r25
 298 00f4 F701      		movw r30,r14
 299 00f6 3183      		std Z+1,r19
 300 00f8 2083      		st Z,r18
  70:lsm303d.c     ****     *z = (int16_t)((uint16_t)g_buff[4] | ((uint16_t)g_buff[5]<<8));
GAS LISTING /var/folders/7l/9pmsqbq54pd4f14gcz60xhbh0000gn/T//ccDHQbco.s 			page 9


 301               		.loc 1 70 0
 302 00fa 2091 0000 		lds r18,g_buff+5
 303 00fe 30E0      		ldi r19,0
 304 0100 322F      		mov r19,r18
 305 0102 2227      		clr r18
 306 0104 9091 0000 		lds r25,g_buff+4
 307 0108 292B      		or r18,r25
 308 010a F801      		movw r30,r16
 309 010c 3183      		std Z+1,r19
 310 010e 2083      		st Z,r18
 311               	.L23:
 312               	/* epilogue start */
  73:lsm303d.c     **** }
 313               		.loc 1 73 0
 314 0110 DF91      		pop r29
 315 0112 CF91      		pop r28
 316               	.LVL34:
 317 0114 1F91      		pop r17
 318 0116 0F91      		pop r16
 319               	.LVL35:
 320 0118 FF90      		pop r15
 321 011a EF90      		pop r14
 322               	.LVL36:
 323 011c 0895      		ret
 324               		.cfi_endproc
 325               	.LFE10:
 326               		.size	lsm303_read_accel, .-lsm303_read_accel
 327               	.global	lsm303_read_mag
 328               		.type	lsm303_read_mag, @function
 329               	lsm303_read_mag:
 330               	.LFB11:
  75:lsm303d.c     **** int8_t lsm303_read_mag(int16_t *x, int16_t *y, int16_t *z){
 331               		.loc 1 75 0
 332               		.cfi_startproc
 333               	.LVL37:
 334 011e EF92      		push r14
 335               	.LCFI6:
 336               		.cfi_def_cfa_offset 3
 337               		.cfi_offset 14, -2
 338 0120 FF92      		push r15
 339               	.LCFI7:
 340               		.cfi_def_cfa_offset 4
 341               		.cfi_offset 15, -3
 342 0122 0F93      		push r16
 343               	.LCFI8:
 344               		.cfi_def_cfa_offset 5
 345               		.cfi_offset 16, -4
 346 0124 1F93      		push r17
 347               	.LCFI9:
 348               		.cfi_def_cfa_offset 6
 349               		.cfi_offset 17, -5
 350 0126 CF93      		push r28
 351               	.LCFI10:
 352               		.cfi_def_cfa_offset 7
 353               		.cfi_offset 28, -6
 354 0128 DF93      		push r29
 355               	.LCFI11:
GAS LISTING /var/folders/7l/9pmsqbq54pd4f14gcz60xhbh0000gn/T//ccDHQbco.s 			page 10


 356               		.cfi_def_cfa_offset 8
 357               		.cfi_offset 29, -7
 358               	/* prologue: function */
 359               	/* frame size = 0 */
 360               	/* stack size = 6 */
 361               	.L__stack_usage = 6
 362 012a EC01      		movw r28,r24
 363 012c 7B01      		movw r14,r22
 364 012e 8A01      		movw r16,r20
 365               	.LVL38:
 366               	.LBB18:
 367               	.LBB19:
  91:lsm303d.c     ****     g_buff[0] = 0x80 | sub; //0x80 | for multi-byte read
 368               		.loc 1 91 0
 369 0130 88E8      		ldi r24,lo8(-120)
 370               	.LVL39:
 371 0132 8093 0000 		sts g_buff,r24
  92:lsm303d.c     ****     retval = i2cMasterSend(LSM303D_ADDR, 1, g_buff);
 372               		.loc 1 92 0
 373 0136 40E0      		ldi r20,lo8(g_buff)
 374 0138 50E0      		ldi r21,hi8(g_buff)
 375               	.LVL40:
 376 013a 61E0      		ldi r22,lo8(1)
 377               	.LVL41:
 378 013c 8CE3      		ldi r24,lo8(60)
 379 013e 0E94 0000 		call i2cMasterSend
 380               	.LVL42:
  93:lsm303d.c     ****     if(retval != I2C_OK) return retval;
 381               		.loc 1 93 0
 382 0142 8111      		cpse r24,__zero_reg__
 383 0144 00C0      		rjmp .L27
 384               	.LVL43:
 385               	.LBB20:
 386               	.LBB21:
  96:lsm303d.c     ****     retval = i2cMasterReceive(LSM303D_ADDR, len, g_buff);
 387               		.loc 1 96 0
 388 0146 40E0      		ldi r20,lo8(g_buff)
 389 0148 50E0      		ldi r21,hi8(g_buff)
 390 014a 66E0      		ldi r22,lo8(6)
 391 014c 8CE3      		ldi r24,lo8(60)
 392               	.LVL44:
 393 014e 0E94 0000 		call i2cMasterReceive
 394               	.LVL45:
 395               	.L27:
 396               	.LBE21:
 397               	.LBE20:
 398               	.LBE19:
 399               	.LBE18:
  78:lsm303d.c     ****     if(retval != I2C_OK) return retval;
 400               		.loc 1 78 0
 401 0152 8111      		cpse r24,__zero_reg__
 402 0154 00C0      		rjmp .L29
  80:lsm303d.c     ****     *x = (int16_t)((uint16_t)g_buff[0] | ((uint16_t)g_buff[1]<<8));
 403               		.loc 1 80 0
 404 0156 2091 0000 		lds r18,g_buff+1
 405 015a 30E0      		ldi r19,0
 406 015c 322F      		mov r19,r18
GAS LISTING /var/folders/7l/9pmsqbq54pd4f14gcz60xhbh0000gn/T//ccDHQbco.s 			page 11


 407 015e 2227      		clr r18
 408 0160 9091 0000 		lds r25,g_buff
 409 0164 292B      		or r18,r25
 410 0166 3983      		std Y+1,r19
 411 0168 2883      		st Y,r18
  81:lsm303d.c     ****     *y = (int16_t)((uint16_t)g_buff[2] | ((uint16_t)g_buff[3]<<8));
 412               		.loc 1 81 0
 413 016a 2091 0000 		lds r18,g_buff+3
 414 016e 30E0      		ldi r19,0
 415 0170 322F      		mov r19,r18
 416 0172 2227      		clr r18
 417 0174 9091 0000 		lds r25,g_buff+2
 418 0178 292B      		or r18,r25
 419 017a F701      		movw r30,r14
 420 017c 3183      		std Z+1,r19
 421 017e 2083      		st Z,r18
  82:lsm303d.c     ****     *z = (int16_t)((uint16_t)g_buff[4] | ((uint16_t)g_buff[5]<<8));
 422               		.loc 1 82 0
 423 0180 2091 0000 		lds r18,g_buff+5
 424 0184 30E0      		ldi r19,0
 425 0186 322F      		mov r19,r18
 426 0188 2227      		clr r18
 427 018a 9091 0000 		lds r25,g_buff+4
 428 018e 292B      		or r18,r25
 429 0190 F801      		movw r30,r16
 430 0192 3183      		std Z+1,r19
 431 0194 2083      		st Z,r18
 432               	.L29:
 433               	/* epilogue start */
  85:lsm303d.c     **** }
 434               		.loc 1 85 0
 435 0196 DF91      		pop r29
 436 0198 CF91      		pop r28
 437               	.LVL46:
 438 019a 1F91      		pop r17
 439 019c 0F91      		pop r16
 440               	.LVL47:
 441 019e FF90      		pop r15
 442 01a0 EF90      		pop r14
 443               	.LVL48:
 444 01a2 0895      		ret
 445               		.cfi_endproc
 446               	.LFE11:
 447               		.size	lsm303_read_mag, .-lsm303_read_mag
 448               		.comm	g_buff,16,1
 449               	.Letext0:
 450               		.file 2 "/usr/local/CrossPack-AVR-20131216/avr/include/stdint.h"
 451               		.file 3 "../../../dev/avrlib/avrlibtypes.h"
 452               		.file 4 "./i2cconf.h"
 453               		.file 5 "../../../dev/avrlib/avrlib/i2c.h"
 454               		.section	.debug_info,"",@progbits
 455               	.Ldebug_info0:
 456 0000 AA05 0000 		.long	0x5aa
 457 0004 0200      		.word	0x2
 458 0006 0000 0000 		.long	.Ldebug_abbrev0
 459 000a 04        		.byte	0x4
 460 000b 01        		.uleb128 0x1
GAS LISTING /var/folders/7l/9pmsqbq54pd4f14gcz60xhbh0000gn/T//ccDHQbco.s 			page 12


 461 000c 0000 0000 		.long	.LASF23
 462 0010 01        		.byte	0x1
 463 0011 0000 0000 		.long	.LASF24
 464 0015 0000 0000 		.long	.LASF25
 465 0019 0000 0000 		.long	.Ltext0
 466 001d 0000 0000 		.long	.Letext0
 467 0021 0000 0000 		.long	.Ldebug_line0
 468 0025 02        		.uleb128 0x2
 469 0026 0000 0000 		.long	.LASF0
 470 002a 02        		.byte	0x2
 471 002b 79        		.byte	0x79
 472 002c 3000 0000 		.long	0x30
 473 0030 03        		.uleb128 0x3
 474 0031 01        		.byte	0x1
 475 0032 06        		.byte	0x6
 476 0033 0000 0000 		.long	.LASF2
 477 0037 02        		.uleb128 0x2
 478 0038 0000 0000 		.long	.LASF1
 479 003c 02        		.byte	0x2
 480 003d 7A        		.byte	0x7a
 481 003e 4200 0000 		.long	0x42
 482 0042 03        		.uleb128 0x3
 483 0043 01        		.byte	0x1
 484 0044 08        		.byte	0x8
 485 0045 0000 0000 		.long	.LASF3
 486 0049 02        		.uleb128 0x2
 487 004a 0000 0000 		.long	.LASF4
 488 004e 02        		.byte	0x2
 489 004f 7B        		.byte	0x7b
 490 0050 5400 0000 		.long	0x54
 491 0054 04        		.uleb128 0x4
 492 0055 02        		.byte	0x2
 493 0056 05        		.byte	0x5
 494 0057 696E 7400 		.string	"int"
 495 005b 02        		.uleb128 0x2
 496 005c 0000 0000 		.long	.LASF5
 497 0060 02        		.byte	0x2
 498 0061 7C        		.byte	0x7c
 499 0062 6600 0000 		.long	0x66
 500 0066 03        		.uleb128 0x3
 501 0067 02        		.byte	0x2
 502 0068 07        		.byte	0x7
 503 0069 0000 0000 		.long	.LASF6
 504 006d 03        		.uleb128 0x3
 505 006e 04        		.byte	0x4
 506 006f 05        		.byte	0x5
 507 0070 0000 0000 		.long	.LASF7
 508 0074 03        		.uleb128 0x3
 509 0075 04        		.byte	0x4
 510 0076 07        		.byte	0x7
 511 0077 0000 0000 		.long	.LASF8
 512 007b 03        		.uleb128 0x3
 513 007c 08        		.byte	0x8
 514 007d 05        		.byte	0x5
 515 007e 0000 0000 		.long	.LASF9
 516 0082 03        		.uleb128 0x3
 517 0083 08        		.byte	0x8
GAS LISTING /var/folders/7l/9pmsqbq54pd4f14gcz60xhbh0000gn/T//ccDHQbco.s 			page 13


 518 0084 07        		.byte	0x7
 519 0085 0000 0000 		.long	.LASF10
 520 0089 05        		.uleb128 0x5
 521 008a 7530 3800 		.string	"u08"
 522 008e 03        		.byte	0x3
 523 008f 20        		.byte	0x20
 524 0090 4200 0000 		.long	0x42
 525 0094 05        		.uleb128 0x5
 526 0095 7330 3800 		.string	"s08"
 527 0099 03        		.byte	0x3
 528 009a 21        		.byte	0x21
 529 009b 3000 0000 		.long	0x30
 530 009f 03        		.uleb128 0x3
 531 00a0 02        		.byte	0x2
 532 00a1 07        		.byte	0x7
 533 00a2 0000 0000 		.long	.LASF11
 534 00a6 03        		.uleb128 0x3
 535 00a7 02        		.byte	0x2
 536 00a8 05        		.byte	0x5
 537 00a9 0000 0000 		.long	.LASF12
 538 00ad 03        		.uleb128 0x3
 539 00ae 01        		.byte	0x1
 540 00af 06        		.byte	0x6
 541 00b0 0000 0000 		.long	.LASF13
 542 00b4 06        		.uleb128 0x6
 543 00b5 0000 0000 		.long	.LASF14
 544 00b9 01        		.byte	0x1
 545 00ba 72        		.byte	0x72
 546 00bb 01        		.byte	0x1
 547 00bc 3700 0000 		.long	0x37
 548 00c0 01        		.byte	0x1
 549 00c1 DC00 0000 		.long	0xdc
 550 00c5 07        		.uleb128 0x7
 551 00c6 7375 6200 		.string	"sub"
 552 00ca 01        		.byte	0x1
 553 00cb 72        		.byte	0x72
 554 00cc 3700 0000 		.long	0x37
 555 00d0 08        		.uleb128 0x8
 556 00d1 0000 0000 		.long	.LASF16
 557 00d5 01        		.byte	0x1
 558 00d6 73        		.byte	0x73
 559 00d7 2500 0000 		.long	0x25
 560 00db 00        		.byte	0
 561 00dc 06        		.uleb128 0x6
 562 00dd 0000 0000 		.long	.LASF15
 563 00e1 01        		.byte	0x1
 564 00e2 57        		.byte	0x57
 565 00e3 01        		.byte	0x1
 566 00e4 3700 0000 		.long	0x37
 567 00e8 01        		.byte	0x1
 568 00e9 0F01 0000 		.long	0x10f
 569 00ed 07        		.uleb128 0x7
 570 00ee 7375 6200 		.string	"sub"
 571 00f2 01        		.byte	0x1
 572 00f3 57        		.byte	0x57
 573 00f4 3700 0000 		.long	0x37
 574 00f8 07        		.uleb128 0x7
GAS LISTING /var/folders/7l/9pmsqbq54pd4f14gcz60xhbh0000gn/T//ccDHQbco.s 			page 14


 575 00f9 6C65 6E00 		.string	"len"
 576 00fd 01        		.byte	0x1
 577 00fe 57        		.byte	0x57
 578 00ff 3700 0000 		.long	0x37
 579 0103 08        		.uleb128 0x8
 580 0104 0000 0000 		.long	.LASF16
 581 0108 01        		.byte	0x1
 582 0109 58        		.byte	0x58
 583 010a 2500 0000 		.long	0x25
 584 010e 00        		.byte	0
 585 010f 09        		.uleb128 0x9
 586 0110 0000 0000 		.long	.LASF26
 587 0114 01        		.byte	0x1
 588 0115 69        		.byte	0x69
 589 0116 01        		.byte	0x1
 590 0117 2500 0000 		.long	0x25
 591 011b 0000 0000 		.long	.LFB13
 592 011f 0000 0000 		.long	.LFE13
 593 0123 03        		.byte	0x3
 594 0124 92        		.byte	0x92
 595 0125 20        		.uleb128 0x20
 596 0126 02        		.sleb128 2
 597 0127 01        		.byte	0x1
 598 0128 6F01 0000 		.long	0x16f
 599 012c 0A        		.uleb128 0xa
 600 012d 7375 6200 		.string	"sub"
 601 0131 01        		.byte	0x1
 602 0132 69        		.byte	0x69
 603 0133 3700 0000 		.long	0x37
 604 0137 0000 0000 		.long	.LLST0
 605 013b 0A        		.uleb128 0xa
 606 013c 7661 6C00 		.string	"val"
 607 0140 01        		.byte	0x1
 608 0141 69        		.byte	0x69
 609 0142 3700 0000 		.long	0x37
 610 0146 0000 0000 		.long	.LLST1
 611 014a 0B        		.uleb128 0xb
 612 014b 0000 0000 		.long	.LVL3
 613 014f 01        		.byte	0x1
 614 0150 6705 0000 		.long	0x567
 615 0154 0C        		.uleb128 0xc
 616 0155 01        		.byte	0x1
 617 0156 68        		.byte	0x68
 618 0157 02        		.byte	0x2
 619 0158 08        		.byte	0x8
 620 0159 3C        		.byte	0x3c
 621 015a 0C        		.uleb128 0xc
 622 015b 01        		.byte	0x1
 623 015c 66        		.byte	0x66
 624 015d 01        		.byte	0x1
 625 015e 32        		.byte	0x32
 626 015f 0C        		.uleb128 0xc
 627 0160 06        		.byte	0x6
 628 0161 64        		.byte	0x64
 629 0162 93        		.byte	0x93
 630 0163 01        		.uleb128 0x1
 631 0164 65        		.byte	0x65
GAS LISTING /var/folders/7l/9pmsqbq54pd4f14gcz60xhbh0000gn/T//ccDHQbco.s 			page 15


 632 0165 93        		.byte	0x93
 633 0166 01        		.uleb128 0x1
 634 0167 05        		.byte	0x5
 635 0168 03        		.byte	0x3
 636 0169 0000 0000 		.long	g_buff
 637 016d 00        		.byte	0
 638 016e 00        		.byte	0
 639 016f 0D        		.uleb128 0xd
 640 0170 B400 0000 		.long	0xb4
 641 0174 0000 0000 		.long	.LFB14
 642 0178 0000 0000 		.long	.LFE14
 643 017c 03        		.byte	0x3
 644 017d 92        		.byte	0x92
 645 017e 20        		.uleb128 0x20
 646 017f 02        		.sleb128 2
 647 0180 01        		.byte	0x1
 648 0181 0802 0000 		.long	0x208
 649 0185 0E        		.uleb128 0xe
 650 0186 C500 0000 		.long	0xc5
 651 018a 0000 0000 		.long	.LLST2
 652 018e 0F        		.uleb128 0xf
 653 018f D000 0000 		.long	0xd0
 654 0193 0000 0000 		.long	.LLST3
 655 0197 10        		.uleb128 0x10
 656 0198 0000 0000 		.long	.LBB4
 657 019c 0000 0000 		.long	.LBE4
 658 01a0 E401 0000 		.long	0x1e4
 659 01a4 0E        		.uleb128 0xe
 660 01a5 C500 0000 		.long	0xc5
 661 01a9 0000 0000 		.long	.LLST4
 662 01ad 11        		.uleb128 0x11
 663 01ae 0000 0000 		.long	.LBB5
 664 01b2 0000 0000 		.long	.LBE5
 665 01b6 0F        		.uleb128 0xf
 666 01b7 D000 0000 		.long	0xd0
 667 01bb 0000 0000 		.long	.LLST5
 668 01bf 12        		.uleb128 0x12
 669 01c0 0000 0000 		.long	.LVL9
 670 01c4 8F05 0000 		.long	0x58f
 671 01c8 0C        		.uleb128 0xc
 672 01c9 01        		.byte	0x1
 673 01ca 68        		.byte	0x68
 674 01cb 02        		.byte	0x2
 675 01cc 08        		.byte	0x8
 676 01cd 3C        		.byte	0x3c
 677 01ce 0C        		.uleb128 0xc
 678 01cf 01        		.byte	0x1
 679 01d0 66        		.byte	0x66
 680 01d1 01        		.byte	0x1
 681 01d2 31        		.byte	0x31
 682 01d3 0C        		.uleb128 0xc
 683 01d4 06        		.byte	0x6
 684 01d5 64        		.byte	0x64
 685 01d6 93        		.byte	0x93
 686 01d7 01        		.uleb128 0x1
 687 01d8 65        		.byte	0x65
 688 01d9 93        		.byte	0x93
GAS LISTING /var/folders/7l/9pmsqbq54pd4f14gcz60xhbh0000gn/T//ccDHQbco.s 			page 16


 689 01da 01        		.uleb128 0x1
 690 01db 05        		.byte	0x5
 691 01dc 03        		.byte	0x3
 692 01dd 0000 0000 		.long	g_buff
 693 01e1 00        		.byte	0
 694 01e2 00        		.byte	0
 695 01e3 00        		.byte	0
 696 01e4 12        		.uleb128 0x12
 697 01e5 0000 0000 		.long	.LVL6
 698 01e9 6705 0000 		.long	0x567
 699 01ed 0C        		.uleb128 0xc
 700 01ee 01        		.byte	0x1
 701 01ef 68        		.byte	0x68
 702 01f0 02        		.byte	0x2
 703 01f1 08        		.byte	0x8
 704 01f2 3C        		.byte	0x3c
 705 01f3 0C        		.uleb128 0xc
 706 01f4 01        		.byte	0x1
 707 01f5 66        		.byte	0x66
 708 01f6 01        		.byte	0x1
 709 01f7 31        		.byte	0x31
 710 01f8 0C        		.uleb128 0xc
 711 01f9 06        		.byte	0x6
 712 01fa 64        		.byte	0x64
 713 01fb 93        		.byte	0x93
 714 01fc 01        		.uleb128 0x1
 715 01fd 65        		.byte	0x65
 716 01fe 93        		.byte	0x93
 717 01ff 01        		.uleb128 0x1
 718 0200 05        		.byte	0x5
 719 0201 03        		.byte	0x3
 720 0202 0000 0000 		.long	g_buff
 721 0206 00        		.byte	0
 722 0207 00        		.byte	0
 723 0208 13        		.uleb128 0x13
 724 0209 01        		.byte	0x1
 725 020a 0000 0000 		.long	.LASF17
 726 020e 01        		.byte	0x1
 727 020f 12        		.byte	0x12
 728 0210 01        		.byte	0x1
 729 0211 2500 0000 		.long	0x25
 730 0215 0000 0000 		.long	.LFB6
 731 0219 0000 0000 		.long	.LFE6
 732 021d 03        		.byte	0x3
 733 021e 92        		.byte	0x92
 734 021f 20        		.uleb128 0x20
 735 0220 02        		.sleb128 2
 736 0221 01        		.byte	0x1
 737 0222 CD02 0000 		.long	0x2cd
 738 0226 14        		.uleb128 0x14
 739 0227 0000 0000 		.long	.LASF16
 740 022b 01        		.byte	0x1
 741 022c 13        		.byte	0x13
 742 022d 2500 0000 		.long	0x25
 743 0231 0000 0000 		.long	.LLST6
 744 0235 15        		.uleb128 0x15
 745 0236 0000 0000 		.long	.LVL12
GAS LISTING /var/folders/7l/9pmsqbq54pd4f14gcz60xhbh0000gn/T//ccDHQbco.s 			page 17


 746 023a 0F01 0000 		.long	0x10f
 747 023e 4F02 0000 		.long	0x24f
 748 0242 0C        		.uleb128 0xc
 749 0243 01        		.byte	0x1
 750 0244 68        		.byte	0x68
 751 0245 02        		.byte	0x2
 752 0246 08        		.byte	0x8
 753 0247 20        		.byte	0x20
 754 0248 0C        		.uleb128 0xc
 755 0249 01        		.byte	0x1
 756 024a 66        		.byte	0x66
 757 024b 02        		.byte	0x2
 758 024c 08        		.byte	0x8
 759 024d 6F        		.byte	0x6f
 760 024e 00        		.byte	0
 761 024f 15        		.uleb128 0x15
 762 0250 0000 0000 		.long	.LVL14
 763 0254 0F01 0000 		.long	0x10f
 764 0258 6902 0000 		.long	0x269
 765 025c 0C        		.uleb128 0xc
 766 025d 01        		.byte	0x1
 767 025e 68        		.byte	0x68
 768 025f 02        		.byte	0x2
 769 0260 08        		.byte	0x8
 770 0261 21        		.byte	0x21
 771 0262 0C        		.uleb128 0xc
 772 0263 01        		.byte	0x1
 773 0264 66        		.byte	0x66
 774 0265 02        		.byte	0x2
 775 0266 09        		.byte	0x9
 776 0267 E0        		.byte	0xe0
 777 0268 00        		.byte	0
 778 0269 15        		.uleb128 0x15
 779 026a 0000 0000 		.long	.LVL16
 780 026e 0F01 0000 		.long	0x10f
 781 0272 8202 0000 		.long	0x282
 782 0276 0C        		.uleb128 0xc
 783 0277 01        		.byte	0x1
 784 0278 68        		.byte	0x68
 785 0279 02        		.byte	0x2
 786 027a 08        		.byte	0x8
 787 027b 22        		.byte	0x22
 788 027c 0C        		.uleb128 0xc
 789 027d 01        		.byte	0x1
 790 027e 66        		.byte	0x66
 791 027f 01        		.byte	0x1
 792 0280 34        		.byte	0x34
 793 0281 00        		.byte	0
 794 0282 15        		.uleb128 0x15
 795 0283 0000 0000 		.long	.LVL18
 796 0287 0F01 0000 		.long	0x10f
 797 028b 9C02 0000 		.long	0x29c
 798 028f 0C        		.uleb128 0xc
 799 0290 01        		.byte	0x1
 800 0291 68        		.byte	0x68
 801 0292 02        		.byte	0x2
 802 0293 08        		.byte	0x8
GAS LISTING /var/folders/7l/9pmsqbq54pd4f14gcz60xhbh0000gn/T//ccDHQbco.s 			page 18


 803 0294 24        		.byte	0x24
 804 0295 0C        		.uleb128 0xc
 805 0296 01        		.byte	0x1
 806 0297 66        		.byte	0x66
 807 0298 02        		.byte	0x2
 808 0299 09        		.byte	0x9
 809 029a F0        		.byte	0xf0
 810 029b 00        		.byte	0
 811 029c 15        		.uleb128 0x15
 812 029d 0000 0000 		.long	.LVL20
 813 02a1 0F01 0000 		.long	0x10f
 814 02a5 B602 0000 		.long	0x2b6
 815 02a9 0C        		.uleb128 0xc
 816 02aa 01        		.byte	0x1
 817 02ab 68        		.byte	0x68
 818 02ac 02        		.byte	0x2
 819 02ad 08        		.byte	0x8
 820 02ae 25        		.byte	0x25
 821 02af 0C        		.uleb128 0xc
 822 02b0 01        		.byte	0x1
 823 02b1 66        		.byte	0x66
 824 02b2 02        		.byte	0x2
 825 02b3 08        		.byte	0x8
 826 02b4 20        		.byte	0x20
 827 02b5 00        		.byte	0
 828 02b6 0B        		.uleb128 0xb
 829 02b7 0000 0000 		.long	.LVL22
 830 02bb 01        		.byte	0x1
 831 02bc 0F01 0000 		.long	0x10f
 832 02c0 0C        		.uleb128 0xc
 833 02c1 01        		.byte	0x1
 834 02c2 68        		.byte	0x68
 835 02c3 02        		.byte	0x2
 836 02c4 08        		.byte	0x8
 837 02c5 26        		.byte	0x26
 838 02c6 0C        		.uleb128 0xc
 839 02c7 01        		.byte	0x1
 840 02c8 66        		.byte	0x66
 841 02c9 01        		.byte	0x1
 842 02ca 30        		.byte	0x30
 843 02cb 00        		.byte	0
 844 02cc 00        		.byte	0
 845 02cd 13        		.uleb128 0x13
 846 02ce 01        		.byte	0x1
 847 02cf 0000 0000 		.long	.LASF18
 848 02d3 01        		.byte	0x1
 849 02d4 33        		.byte	0x33
 850 02d5 01        		.byte	0x1
 851 02d6 3700 0000 		.long	0x37
 852 02da 0000 0000 		.long	.LFB7
 853 02de 0000 0000 		.long	.LFE7
 854 02e2 03        		.byte	0x3
 855 02e3 92        		.byte	0x92
 856 02e4 20        		.uleb128 0x20
 857 02e5 02        		.sleb128 2
 858 02e6 01        		.byte	0x1
 859 02e7 FD02 0000 		.long	0x2fd
GAS LISTING /var/folders/7l/9pmsqbq54pd4f14gcz60xhbh0000gn/T//ccDHQbco.s 			page 19


 860 02eb 0B        		.uleb128 0xb
 861 02ec 0000 0000 		.long	.LVL23
 862 02f0 01        		.byte	0x1
 863 02f1 B400 0000 		.long	0xb4
 864 02f5 0C        		.uleb128 0xc
 865 02f6 01        		.byte	0x1
 866 02f7 68        		.byte	0x68
 867 02f8 02        		.byte	0x2
 868 02f9 08        		.byte	0x8
 869 02fa 27        		.byte	0x27
 870 02fb 00        		.byte	0
 871 02fc 00        		.byte	0
 872 02fd 13        		.uleb128 0x13
 873 02fe 01        		.byte	0x1
 874 02ff 0000 0000 		.long	.LASF19
 875 0303 01        		.byte	0x1
 876 0304 37        		.byte	0x37
 877 0305 01        		.byte	0x1
 878 0306 3700 0000 		.long	0x37
 879 030a 0000 0000 		.long	.LFB8
 880 030e 0000 0000 		.long	.LFE8
 881 0312 03        		.byte	0x3
 882 0313 92        		.byte	0x92
 883 0314 20        		.uleb128 0x20
 884 0315 02        		.sleb128 2
 885 0316 01        		.byte	0x1
 886 0317 2C03 0000 		.long	0x32c
 887 031b 0B        		.uleb128 0xb
 888 031c 0000 0000 		.long	.LVL24
 889 0320 01        		.byte	0x1
 890 0321 B400 0000 		.long	0xb4
 891 0325 0C        		.uleb128 0xc
 892 0326 01        		.byte	0x1
 893 0327 68        		.byte	0x68
 894 0328 01        		.byte	0x1
 895 0329 37        		.byte	0x37
 896 032a 00        		.byte	0
 897 032b 00        		.byte	0
 898 032c 16        		.uleb128 0x16
 899 032d 01        		.byte	0x1
 900 032e 0000 0000 		.long	.LASF27
 901 0332 01        		.byte	0x1
 902 0333 3B        		.byte	0x3b
 903 0334 01        		.byte	0x1
 904 0335 3700 0000 		.long	0x37
 905 0339 0000 0000 		.long	.LFB9
 906 033d 0000 0000 		.long	.LFE9
 907 0341 03        		.byte	0x3
 908 0342 92        		.byte	0x92
 909 0343 20        		.uleb128 0x20
 910 0344 02        		.sleb128 2
 911 0345 01        		.byte	0x1
 912 0346 17        		.uleb128 0x17
 913 0347 01        		.byte	0x1
 914 0348 0000 0000 		.long	.LASF20
 915 034c 01        		.byte	0x1
 916 034d 3F        		.byte	0x3f
GAS LISTING /var/folders/7l/9pmsqbq54pd4f14gcz60xhbh0000gn/T//ccDHQbco.s 			page 20


 917 034e 01        		.byte	0x1
 918 034f 2500 0000 		.long	0x25
 919 0353 0000 0000 		.long	.LFB10
 920 0357 0000 0000 		.long	.LFE10
 921 035b 0000 0000 		.long	.LLST7
 922 035f 01        		.byte	0x1
 923 0360 3F04 0000 		.long	0x43f
 924 0364 0A        		.uleb128 0xa
 925 0365 7800      		.string	"x"
 926 0367 01        		.byte	0x1
 927 0368 3F        		.byte	0x3f
 928 0369 3F04 0000 		.long	0x43f
 929 036d 0000 0000 		.long	.LLST8
 930 0371 0A        		.uleb128 0xa
 931 0372 7900      		.string	"y"
 932 0374 01        		.byte	0x1
 933 0375 3F        		.byte	0x3f
 934 0376 3F04 0000 		.long	0x43f
 935 037a 0000 0000 		.long	.LLST9
 936 037e 0A        		.uleb128 0xa
 937 037f 7A00      		.string	"z"
 938 0381 01        		.byte	0x1
 939 0382 3F        		.byte	0x3f
 940 0383 3F04 0000 		.long	0x43f
 941 0387 0000 0000 		.long	.LLST10
 942 038b 14        		.uleb128 0x14
 943 038c 0000 0000 		.long	.LASF16
 944 0390 01        		.byte	0x1
 945 0391 40        		.byte	0x40
 946 0392 2500 0000 		.long	0x25
 947 0396 0000 0000 		.long	.LLST11
 948 039a 18        		.uleb128 0x18
 949 039b DC00 0000 		.long	0xdc
 950 039f 0000 0000 		.long	.LBB10
 951 03a3 0000 0000 		.long	.LBE10
 952 03a7 01        		.byte	0x1
 953 03a8 41        		.byte	0x41
 954 03a9 19        		.uleb128 0x19
 955 03aa F800 0000 		.long	0xf8
 956 03ae 06        		.byte	0x6
 957 03af 19        		.uleb128 0x19
 958 03b0 ED00 0000 		.long	0xed
 959 03b4 28        		.byte	0x28
 960 03b5 11        		.uleb128 0x11
 961 03b6 0000 0000 		.long	.LBB11
 962 03ba 0000 0000 		.long	.LBE11
 963 03be 0F        		.uleb128 0xf
 964 03bf 0301 0000 		.long	0x103
 965 03c3 0000 0000 		.long	.LLST12
 966 03c7 10        		.uleb128 0x10
 967 03c8 0000 0000 		.long	.LBB12
 968 03cc 0000 0000 		.long	.LBE12
 969 03d0 1904 0000 		.long	0x419
 970 03d4 0E        		.uleb128 0xe
 971 03d5 F800 0000 		.long	0xf8
 972 03d9 0000 0000 		.long	.LLST13
 973 03dd 0E        		.uleb128 0xe
GAS LISTING /var/folders/7l/9pmsqbq54pd4f14gcz60xhbh0000gn/T//ccDHQbco.s 			page 21


 974 03de ED00 0000 		.long	0xed
 975 03e2 0000 0000 		.long	.LLST14
 976 03e6 11        		.uleb128 0x11
 977 03e7 0000 0000 		.long	.LBB13
 978 03eb 0000 0000 		.long	.LBE13
 979 03ef 1A        		.uleb128 0x1a
 980 03f0 0301 0000 		.long	0x103
 981 03f4 12        		.uleb128 0x12
 982 03f5 0000 0000 		.long	.LVL33
 983 03f9 8F05 0000 		.long	0x58f
 984 03fd 0C        		.uleb128 0xc
 985 03fe 01        		.byte	0x1
 986 03ff 68        		.byte	0x68
 987 0400 02        		.byte	0x2
 988 0401 08        		.byte	0x8
 989 0402 3C        		.byte	0x3c
 990 0403 0C        		.uleb128 0xc
 991 0404 01        		.byte	0x1
 992 0405 66        		.byte	0x66
 993 0406 01        		.byte	0x1
 994 0407 36        		.byte	0x36
 995 0408 0C        		.uleb128 0xc
 996 0409 06        		.byte	0x6
 997 040a 64        		.byte	0x64
 998 040b 93        		.byte	0x93
 999 040c 01        		.uleb128 0x1
 1000 040d 65        		.byte	0x65
 1001 040e 93        		.byte	0x93
 1002 040f 01        		.uleb128 0x1
 1003 0410 05        		.byte	0x5
 1004 0411 03        		.byte	0x3
 1005 0412 0000 0000 		.long	g_buff
 1006 0416 00        		.byte	0
 1007 0417 00        		.byte	0
 1008 0418 00        		.byte	0
 1009 0419 12        		.uleb128 0x12
 1010 041a 0000 0000 		.long	.LVL30
 1011 041e 6705 0000 		.long	0x567
 1012 0422 0C        		.uleb128 0xc
 1013 0423 01        		.byte	0x1
 1014 0424 68        		.byte	0x68
 1015 0425 02        		.byte	0x2
 1016 0426 08        		.byte	0x8
 1017 0427 3C        		.byte	0x3c
 1018 0428 0C        		.uleb128 0xc
 1019 0429 01        		.byte	0x1
 1020 042a 66        		.byte	0x66
 1021 042b 01        		.byte	0x1
 1022 042c 31        		.byte	0x31
 1023 042d 0C        		.uleb128 0xc
 1024 042e 06        		.byte	0x6
 1025 042f 64        		.byte	0x64
 1026 0430 93        		.byte	0x93
 1027 0431 01        		.uleb128 0x1
 1028 0432 65        		.byte	0x65
 1029 0433 93        		.byte	0x93
 1030 0434 01        		.uleb128 0x1
GAS LISTING /var/folders/7l/9pmsqbq54pd4f14gcz60xhbh0000gn/T//ccDHQbco.s 			page 22


 1031 0435 05        		.byte	0x5
 1032 0436 03        		.byte	0x3
 1033 0437 0000 0000 		.long	g_buff
 1034 043b 00        		.byte	0
 1035 043c 00        		.byte	0
 1036 043d 00        		.byte	0
 1037 043e 00        		.byte	0
 1038 043f 1B        		.uleb128 0x1b
 1039 0440 02        		.byte	0x2
 1040 0441 4900 0000 		.long	0x49
 1041 0445 17        		.uleb128 0x17
 1042 0446 01        		.byte	0x1
 1043 0447 0000 0000 		.long	.LASF21
 1044 044b 01        		.byte	0x1
 1045 044c 4B        		.byte	0x4b
 1046 044d 01        		.byte	0x1
 1047 044e 2500 0000 		.long	0x25
 1048 0452 0000 0000 		.long	.LFB11
 1049 0456 0000 0000 		.long	.LFE11
 1050 045a 0000 0000 		.long	.LLST15
 1051 045e 01        		.byte	0x1
 1052 045f 3E05 0000 		.long	0x53e
 1053 0463 0A        		.uleb128 0xa
 1054 0464 7800      		.string	"x"
 1055 0466 01        		.byte	0x1
 1056 0467 4B        		.byte	0x4b
 1057 0468 3F04 0000 		.long	0x43f
 1058 046c 0000 0000 		.long	.LLST16
 1059 0470 0A        		.uleb128 0xa
 1060 0471 7900      		.string	"y"
 1061 0473 01        		.byte	0x1
 1062 0474 4B        		.byte	0x4b
 1063 0475 3F04 0000 		.long	0x43f
 1064 0479 0000 0000 		.long	.LLST17
 1065 047d 0A        		.uleb128 0xa
 1066 047e 7A00      		.string	"z"
 1067 0480 01        		.byte	0x1
 1068 0481 4B        		.byte	0x4b
 1069 0482 3F04 0000 		.long	0x43f
 1070 0486 0000 0000 		.long	.LLST18
 1071 048a 14        		.uleb128 0x14
 1072 048b 0000 0000 		.long	.LASF16
 1073 048f 01        		.byte	0x1
 1074 0490 4C        		.byte	0x4c
 1075 0491 2500 0000 		.long	0x25
 1076 0495 0000 0000 		.long	.LLST19
 1077 0499 18        		.uleb128 0x18
 1078 049a DC00 0000 		.long	0xdc
 1079 049e 0000 0000 		.long	.LBB18
 1080 04a2 0000 0000 		.long	.LBE18
 1081 04a6 01        		.byte	0x1
 1082 04a7 4D        		.byte	0x4d
 1083 04a8 19        		.uleb128 0x19
 1084 04a9 F800 0000 		.long	0xf8
 1085 04ad 06        		.byte	0x6
 1086 04ae 19        		.uleb128 0x19
 1087 04af ED00 0000 		.long	0xed
GAS LISTING /var/folders/7l/9pmsqbq54pd4f14gcz60xhbh0000gn/T//ccDHQbco.s 			page 23


 1088 04b3 08        		.byte	0x8
 1089 04b4 11        		.uleb128 0x11
 1090 04b5 0000 0000 		.long	.LBB19
 1091 04b9 0000 0000 		.long	.LBE19
 1092 04bd 0F        		.uleb128 0xf
 1093 04be 0301 0000 		.long	0x103
 1094 04c2 0000 0000 		.long	.LLST20
 1095 04c6 10        		.uleb128 0x10
 1096 04c7 0000 0000 		.long	.LBB20
 1097 04cb 0000 0000 		.long	.LBE20
 1098 04cf 1805 0000 		.long	0x518
 1099 04d3 0E        		.uleb128 0xe
 1100 04d4 F800 0000 		.long	0xf8
 1101 04d8 0000 0000 		.long	.LLST21
 1102 04dc 0E        		.uleb128 0xe
 1103 04dd ED00 0000 		.long	0xed
 1104 04e1 0000 0000 		.long	.LLST22
 1105 04e5 11        		.uleb128 0x11
 1106 04e6 0000 0000 		.long	.LBB21
 1107 04ea 0000 0000 		.long	.LBE21
 1108 04ee 1A        		.uleb128 0x1a
 1109 04ef 0301 0000 		.long	0x103
 1110 04f3 12        		.uleb128 0x12
 1111 04f4 0000 0000 		.long	.LVL45
 1112 04f8 8F05 0000 		.long	0x58f
 1113 04fc 0C        		.uleb128 0xc
 1114 04fd 01        		.byte	0x1
 1115 04fe 68        		.byte	0x68
 1116 04ff 02        		.byte	0x2
 1117 0500 08        		.byte	0x8
 1118 0501 3C        		.byte	0x3c
 1119 0502 0C        		.uleb128 0xc
 1120 0503 01        		.byte	0x1
 1121 0504 66        		.byte	0x66
 1122 0505 01        		.byte	0x1
 1123 0506 36        		.byte	0x36
 1124 0507 0C        		.uleb128 0xc
 1125 0508 06        		.byte	0x6
 1126 0509 64        		.byte	0x64
 1127 050a 93        		.byte	0x93
 1128 050b 01        		.uleb128 0x1
 1129 050c 65        		.byte	0x65
 1130 050d 93        		.byte	0x93
 1131 050e 01        		.uleb128 0x1
 1132 050f 05        		.byte	0x5
 1133 0510 03        		.byte	0x3
 1134 0511 0000 0000 		.long	g_buff
 1135 0515 00        		.byte	0
 1136 0516 00        		.byte	0
 1137 0517 00        		.byte	0
 1138 0518 12        		.uleb128 0x12
 1139 0519 0000 0000 		.long	.LVL42
 1140 051d 6705 0000 		.long	0x567
 1141 0521 0C        		.uleb128 0xc
 1142 0522 01        		.byte	0x1
 1143 0523 68        		.byte	0x68
 1144 0524 02        		.byte	0x2
GAS LISTING /var/folders/7l/9pmsqbq54pd4f14gcz60xhbh0000gn/T//ccDHQbco.s 			page 24


 1145 0525 08        		.byte	0x8
 1146 0526 3C        		.byte	0x3c
 1147 0527 0C        		.uleb128 0xc
 1148 0528 01        		.byte	0x1
 1149 0529 66        		.byte	0x66
 1150 052a 01        		.byte	0x1
 1151 052b 31        		.byte	0x31
 1152 052c 0C        		.uleb128 0xc
 1153 052d 06        		.byte	0x6
 1154 052e 64        		.byte	0x64
 1155 052f 93        		.byte	0x93
 1156 0530 01        		.uleb128 0x1
 1157 0531 65        		.byte	0x65
 1158 0532 93        		.byte	0x93
 1159 0533 01        		.uleb128 0x1
 1160 0534 05        		.byte	0x5
 1161 0535 03        		.byte	0x3
 1162 0536 0000 0000 		.long	g_buff
 1163 053a 00        		.byte	0
 1164 053b 00        		.byte	0
 1165 053c 00        		.byte	0
 1166 053d 00        		.byte	0
 1167 053e 1C        		.uleb128 0x1c
 1168 053f 3700 0000 		.long	0x37
 1169 0543 4E05 0000 		.long	0x54e
 1170 0547 1D        		.uleb128 0x1d
 1171 0548 4E05 0000 		.long	0x54e
 1172 054c 0F        		.byte	0xf
 1173 054d 00        		.byte	0
 1174 054e 03        		.uleb128 0x3
 1175 054f 02        		.byte	0x2
 1176 0550 07        		.byte	0x7
 1177 0551 0000 0000 		.long	.LASF22
 1178 0555 1E        		.uleb128 0x1e
 1179 0556 0000 0000 		.long	.LASF28
 1180 055a 04        		.byte	0x4
 1181 055b 1C        		.byte	0x1c
 1182 055c 3E05 0000 		.long	0x53e
 1183 0560 01        		.byte	0x1
 1184 0561 05        		.byte	0x5
 1185 0562 03        		.byte	0x3
 1186 0563 0000 0000 		.long	g_buff
 1187 0567 1F        		.uleb128 0x1f
 1188 0568 01        		.byte	0x1
 1189 0569 0000 0000 		.long	.LASF29
 1190 056d 05        		.byte	0x5
 1191 056e F2        		.byte	0xf2
 1192 056f 01        		.byte	0x1
 1193 0570 9400 0000 		.long	0x94
 1194 0574 01        		.byte	0x1
 1195 0575 8905 0000 		.long	0x589
 1196 0579 20        		.uleb128 0x20
 1197 057a 8900 0000 		.long	0x89
 1198 057e 20        		.uleb128 0x20
 1199 057f 8900 0000 		.long	0x89
 1200 0583 20        		.uleb128 0x20
 1201 0584 8905 0000 		.long	0x589
GAS LISTING /var/folders/7l/9pmsqbq54pd4f14gcz60xhbh0000gn/T//ccDHQbco.s 			page 25


 1202 0588 00        		.byte	0
 1203 0589 1B        		.uleb128 0x1b
 1204 058a 02        		.byte	0x2
 1205 058b 8900 0000 		.long	0x89
 1206 058f 21        		.uleb128 0x21
 1207 0590 01        		.byte	0x1
 1208 0591 0000 0000 		.long	.LASF30
 1209 0595 05        		.byte	0x5
 1210 0596 F4        		.byte	0xf4
 1211 0597 01        		.byte	0x1
 1212 0598 9400 0000 		.long	0x94
 1213 059c 01        		.byte	0x1
 1214 059d 20        		.uleb128 0x20
 1215 059e 8900 0000 		.long	0x89
 1216 05a2 20        		.uleb128 0x20
 1217 05a3 8900 0000 		.long	0x89
 1218 05a7 20        		.uleb128 0x20
 1219 05a8 8905 0000 		.long	0x589
 1220 05ac 00        		.byte	0
 1221 05ad 00        		.byte	0
 1222               		.section	.debug_abbrev,"",@progbits
 1223               	.Ldebug_abbrev0:
 1224 0000 01        		.uleb128 0x1
 1225 0001 11        		.uleb128 0x11
 1226 0002 01        		.byte	0x1
 1227 0003 25        		.uleb128 0x25
 1228 0004 0E        		.uleb128 0xe
 1229 0005 13        		.uleb128 0x13
 1230 0006 0B        		.uleb128 0xb
 1231 0007 03        		.uleb128 0x3
 1232 0008 0E        		.uleb128 0xe
 1233 0009 1B        		.uleb128 0x1b
 1234 000a 0E        		.uleb128 0xe
 1235 000b 11        		.uleb128 0x11
 1236 000c 01        		.uleb128 0x1
 1237 000d 12        		.uleb128 0x12
 1238 000e 01        		.uleb128 0x1
 1239 000f 10        		.uleb128 0x10
 1240 0010 06        		.uleb128 0x6
 1241 0011 00        		.byte	0
 1242 0012 00        		.byte	0
 1243 0013 02        		.uleb128 0x2
 1244 0014 16        		.uleb128 0x16
 1245 0015 00        		.byte	0
 1246 0016 03        		.uleb128 0x3
 1247 0017 0E        		.uleb128 0xe
 1248 0018 3A        		.uleb128 0x3a
 1249 0019 0B        		.uleb128 0xb
 1250 001a 3B        		.uleb128 0x3b
 1251 001b 0B        		.uleb128 0xb
 1252 001c 49        		.uleb128 0x49
 1253 001d 13        		.uleb128 0x13
 1254 001e 00        		.byte	0
 1255 001f 00        		.byte	0
 1256 0020 03        		.uleb128 0x3
 1257 0021 24        		.uleb128 0x24
 1258 0022 00        		.byte	0
GAS LISTING /var/folders/7l/9pmsqbq54pd4f14gcz60xhbh0000gn/T//ccDHQbco.s 			page 26


 1259 0023 0B        		.uleb128 0xb
 1260 0024 0B        		.uleb128 0xb
 1261 0025 3E        		.uleb128 0x3e
 1262 0026 0B        		.uleb128 0xb
 1263 0027 03        		.uleb128 0x3
 1264 0028 0E        		.uleb128 0xe
 1265 0029 00        		.byte	0
 1266 002a 00        		.byte	0
 1267 002b 04        		.uleb128 0x4
 1268 002c 24        		.uleb128 0x24
 1269 002d 00        		.byte	0
 1270 002e 0B        		.uleb128 0xb
 1271 002f 0B        		.uleb128 0xb
 1272 0030 3E        		.uleb128 0x3e
 1273 0031 0B        		.uleb128 0xb
 1274 0032 03        		.uleb128 0x3
 1275 0033 08        		.uleb128 0x8
 1276 0034 00        		.byte	0
 1277 0035 00        		.byte	0
 1278 0036 05        		.uleb128 0x5
 1279 0037 16        		.uleb128 0x16
 1280 0038 00        		.byte	0
 1281 0039 03        		.uleb128 0x3
 1282 003a 08        		.uleb128 0x8
 1283 003b 3A        		.uleb128 0x3a
 1284 003c 0B        		.uleb128 0xb
 1285 003d 3B        		.uleb128 0x3b
 1286 003e 0B        		.uleb128 0xb
 1287 003f 49        		.uleb128 0x49
 1288 0040 13        		.uleb128 0x13
 1289 0041 00        		.byte	0
 1290 0042 00        		.byte	0
 1291 0043 06        		.uleb128 0x6
 1292 0044 2E        		.uleb128 0x2e
 1293 0045 01        		.byte	0x1
 1294 0046 03        		.uleb128 0x3
 1295 0047 0E        		.uleb128 0xe
 1296 0048 3A        		.uleb128 0x3a
 1297 0049 0B        		.uleb128 0xb
 1298 004a 3B        		.uleb128 0x3b
 1299 004b 0B        		.uleb128 0xb
 1300 004c 27        		.uleb128 0x27
 1301 004d 0C        		.uleb128 0xc
 1302 004e 49        		.uleb128 0x49
 1303 004f 13        		.uleb128 0x13
 1304 0050 20        		.uleb128 0x20
 1305 0051 0B        		.uleb128 0xb
 1306 0052 01        		.uleb128 0x1
 1307 0053 13        		.uleb128 0x13
 1308 0054 00        		.byte	0
 1309 0055 00        		.byte	0
 1310 0056 07        		.uleb128 0x7
 1311 0057 05        		.uleb128 0x5
 1312 0058 00        		.byte	0
 1313 0059 03        		.uleb128 0x3
 1314 005a 08        		.uleb128 0x8
 1315 005b 3A        		.uleb128 0x3a
GAS LISTING /var/folders/7l/9pmsqbq54pd4f14gcz60xhbh0000gn/T//ccDHQbco.s 			page 27


 1316 005c 0B        		.uleb128 0xb
 1317 005d 3B        		.uleb128 0x3b
 1318 005e 0B        		.uleb128 0xb
 1319 005f 49        		.uleb128 0x49
 1320 0060 13        		.uleb128 0x13
 1321 0061 00        		.byte	0
 1322 0062 00        		.byte	0
 1323 0063 08        		.uleb128 0x8
 1324 0064 34        		.uleb128 0x34
 1325 0065 00        		.byte	0
 1326 0066 03        		.uleb128 0x3
 1327 0067 0E        		.uleb128 0xe
 1328 0068 3A        		.uleb128 0x3a
 1329 0069 0B        		.uleb128 0xb
 1330 006a 3B        		.uleb128 0x3b
 1331 006b 0B        		.uleb128 0xb
 1332 006c 49        		.uleb128 0x49
 1333 006d 13        		.uleb128 0x13
 1334 006e 00        		.byte	0
 1335 006f 00        		.byte	0
 1336 0070 09        		.uleb128 0x9
 1337 0071 2E        		.uleb128 0x2e
 1338 0072 01        		.byte	0x1
 1339 0073 03        		.uleb128 0x3
 1340 0074 0E        		.uleb128 0xe
 1341 0075 3A        		.uleb128 0x3a
 1342 0076 0B        		.uleb128 0xb
 1343 0077 3B        		.uleb128 0x3b
 1344 0078 0B        		.uleb128 0xb
 1345 0079 27        		.uleb128 0x27
 1346 007a 0C        		.uleb128 0xc
 1347 007b 49        		.uleb128 0x49
 1348 007c 13        		.uleb128 0x13
 1349 007d 11        		.uleb128 0x11
 1350 007e 01        		.uleb128 0x1
 1351 007f 12        		.uleb128 0x12
 1352 0080 01        		.uleb128 0x1
 1353 0081 40        		.uleb128 0x40
 1354 0082 0A        		.uleb128 0xa
 1355 0083 9742      		.uleb128 0x2117
 1356 0085 0C        		.uleb128 0xc
 1357 0086 01        		.uleb128 0x1
 1358 0087 13        		.uleb128 0x13
 1359 0088 00        		.byte	0
 1360 0089 00        		.byte	0
 1361 008a 0A        		.uleb128 0xa
 1362 008b 05        		.uleb128 0x5
 1363 008c 00        		.byte	0
 1364 008d 03        		.uleb128 0x3
 1365 008e 08        		.uleb128 0x8
 1366 008f 3A        		.uleb128 0x3a
 1367 0090 0B        		.uleb128 0xb
 1368 0091 3B        		.uleb128 0x3b
 1369 0092 0B        		.uleb128 0xb
 1370 0093 49        		.uleb128 0x49
 1371 0094 13        		.uleb128 0x13
 1372 0095 02        		.uleb128 0x2
GAS LISTING /var/folders/7l/9pmsqbq54pd4f14gcz60xhbh0000gn/T//ccDHQbco.s 			page 28


 1373 0096 06        		.uleb128 0x6
 1374 0097 00        		.byte	0
 1375 0098 00        		.byte	0
 1376 0099 0B        		.uleb128 0xb
 1377 009a 8982 01   		.uleb128 0x4109
 1378 009d 01        		.byte	0x1
 1379 009e 11        		.uleb128 0x11
 1380 009f 01        		.uleb128 0x1
 1381 00a0 9542      		.uleb128 0x2115
 1382 00a2 0C        		.uleb128 0xc
 1383 00a3 31        		.uleb128 0x31
 1384 00a4 13        		.uleb128 0x13
 1385 00a5 00        		.byte	0
 1386 00a6 00        		.byte	0
 1387 00a7 0C        		.uleb128 0xc
 1388 00a8 8A82 01   		.uleb128 0x410a
 1389 00ab 00        		.byte	0
 1390 00ac 02        		.uleb128 0x2
 1391 00ad 0A        		.uleb128 0xa
 1392 00ae 9142      		.uleb128 0x2111
 1393 00b0 0A        		.uleb128 0xa
 1394 00b1 00        		.byte	0
 1395 00b2 00        		.byte	0
 1396 00b3 0D        		.uleb128 0xd
 1397 00b4 2E        		.uleb128 0x2e
 1398 00b5 01        		.byte	0x1
 1399 00b6 31        		.uleb128 0x31
 1400 00b7 13        		.uleb128 0x13
 1401 00b8 11        		.uleb128 0x11
 1402 00b9 01        		.uleb128 0x1
 1403 00ba 12        		.uleb128 0x12
 1404 00bb 01        		.uleb128 0x1
 1405 00bc 40        		.uleb128 0x40
 1406 00bd 0A        		.uleb128 0xa
 1407 00be 9742      		.uleb128 0x2117
 1408 00c0 0C        		.uleb128 0xc
 1409 00c1 01        		.uleb128 0x1
 1410 00c2 13        		.uleb128 0x13
 1411 00c3 00        		.byte	0
 1412 00c4 00        		.byte	0
 1413 00c5 0E        		.uleb128 0xe
 1414 00c6 05        		.uleb128 0x5
 1415 00c7 00        		.byte	0
 1416 00c8 31        		.uleb128 0x31
 1417 00c9 13        		.uleb128 0x13
 1418 00ca 02        		.uleb128 0x2
 1419 00cb 06        		.uleb128 0x6
 1420 00cc 00        		.byte	0
 1421 00cd 00        		.byte	0
 1422 00ce 0F        		.uleb128 0xf
 1423 00cf 34        		.uleb128 0x34
 1424 00d0 00        		.byte	0
 1425 00d1 31        		.uleb128 0x31
 1426 00d2 13        		.uleb128 0x13
 1427 00d3 02        		.uleb128 0x2
 1428 00d4 06        		.uleb128 0x6
 1429 00d5 00        		.byte	0
GAS LISTING /var/folders/7l/9pmsqbq54pd4f14gcz60xhbh0000gn/T//ccDHQbco.s 			page 29


 1430 00d6 00        		.byte	0
 1431 00d7 10        		.uleb128 0x10
 1432 00d8 0B        		.uleb128 0xb
 1433 00d9 01        		.byte	0x1
 1434 00da 11        		.uleb128 0x11
 1435 00db 01        		.uleb128 0x1
 1436 00dc 12        		.uleb128 0x12
 1437 00dd 01        		.uleb128 0x1
 1438 00de 01        		.uleb128 0x1
 1439 00df 13        		.uleb128 0x13
 1440 00e0 00        		.byte	0
 1441 00e1 00        		.byte	0
 1442 00e2 11        		.uleb128 0x11
 1443 00e3 0B        		.uleb128 0xb
 1444 00e4 01        		.byte	0x1
 1445 00e5 11        		.uleb128 0x11
 1446 00e6 01        		.uleb128 0x1
 1447 00e7 12        		.uleb128 0x12
 1448 00e8 01        		.uleb128 0x1
 1449 00e9 00        		.byte	0
 1450 00ea 00        		.byte	0
 1451 00eb 12        		.uleb128 0x12
 1452 00ec 8982 01   		.uleb128 0x4109
 1453 00ef 01        		.byte	0x1
 1454 00f0 11        		.uleb128 0x11
 1455 00f1 01        		.uleb128 0x1
 1456 00f2 31        		.uleb128 0x31
 1457 00f3 13        		.uleb128 0x13
 1458 00f4 00        		.byte	0
 1459 00f5 00        		.byte	0
 1460 00f6 13        		.uleb128 0x13
 1461 00f7 2E        		.uleb128 0x2e
 1462 00f8 01        		.byte	0x1
 1463 00f9 3F        		.uleb128 0x3f
 1464 00fa 0C        		.uleb128 0xc
 1465 00fb 03        		.uleb128 0x3
 1466 00fc 0E        		.uleb128 0xe
 1467 00fd 3A        		.uleb128 0x3a
 1468 00fe 0B        		.uleb128 0xb
 1469 00ff 3B        		.uleb128 0x3b
 1470 0100 0B        		.uleb128 0xb
 1471 0101 27        		.uleb128 0x27
 1472 0102 0C        		.uleb128 0xc
 1473 0103 49        		.uleb128 0x49
 1474 0104 13        		.uleb128 0x13
 1475 0105 11        		.uleb128 0x11
 1476 0106 01        		.uleb128 0x1
 1477 0107 12        		.uleb128 0x12
 1478 0108 01        		.uleb128 0x1
 1479 0109 40        		.uleb128 0x40
 1480 010a 0A        		.uleb128 0xa
 1481 010b 9742      		.uleb128 0x2117
 1482 010d 0C        		.uleb128 0xc
 1483 010e 01        		.uleb128 0x1
 1484 010f 13        		.uleb128 0x13
 1485 0110 00        		.byte	0
 1486 0111 00        		.byte	0
GAS LISTING /var/folders/7l/9pmsqbq54pd4f14gcz60xhbh0000gn/T//ccDHQbco.s 			page 30


 1487 0112 14        		.uleb128 0x14
 1488 0113 34        		.uleb128 0x34
 1489 0114 00        		.byte	0
 1490 0115 03        		.uleb128 0x3
 1491 0116 0E        		.uleb128 0xe
 1492 0117 3A        		.uleb128 0x3a
 1493 0118 0B        		.uleb128 0xb
 1494 0119 3B        		.uleb128 0x3b
 1495 011a 0B        		.uleb128 0xb
 1496 011b 49        		.uleb128 0x49
 1497 011c 13        		.uleb128 0x13
 1498 011d 02        		.uleb128 0x2
 1499 011e 06        		.uleb128 0x6
 1500 011f 00        		.byte	0
 1501 0120 00        		.byte	0
 1502 0121 15        		.uleb128 0x15
 1503 0122 8982 01   		.uleb128 0x4109
 1504 0125 01        		.byte	0x1
 1505 0126 11        		.uleb128 0x11
 1506 0127 01        		.uleb128 0x1
 1507 0128 31        		.uleb128 0x31
 1508 0129 13        		.uleb128 0x13
 1509 012a 01        		.uleb128 0x1
 1510 012b 13        		.uleb128 0x13
 1511 012c 00        		.byte	0
 1512 012d 00        		.byte	0
 1513 012e 16        		.uleb128 0x16
 1514 012f 2E        		.uleb128 0x2e
 1515 0130 00        		.byte	0
 1516 0131 3F        		.uleb128 0x3f
 1517 0132 0C        		.uleb128 0xc
 1518 0133 03        		.uleb128 0x3
 1519 0134 0E        		.uleb128 0xe
 1520 0135 3A        		.uleb128 0x3a
 1521 0136 0B        		.uleb128 0xb
 1522 0137 3B        		.uleb128 0x3b
 1523 0138 0B        		.uleb128 0xb
 1524 0139 27        		.uleb128 0x27
 1525 013a 0C        		.uleb128 0xc
 1526 013b 49        		.uleb128 0x49
 1527 013c 13        		.uleb128 0x13
 1528 013d 11        		.uleb128 0x11
 1529 013e 01        		.uleb128 0x1
 1530 013f 12        		.uleb128 0x12
 1531 0140 01        		.uleb128 0x1
 1532 0141 40        		.uleb128 0x40
 1533 0142 0A        		.uleb128 0xa
 1534 0143 9742      		.uleb128 0x2117
 1535 0145 0C        		.uleb128 0xc
 1536 0146 00        		.byte	0
 1537 0147 00        		.byte	0
 1538 0148 17        		.uleb128 0x17
 1539 0149 2E        		.uleb128 0x2e
 1540 014a 01        		.byte	0x1
 1541 014b 3F        		.uleb128 0x3f
 1542 014c 0C        		.uleb128 0xc
 1543 014d 03        		.uleb128 0x3
GAS LISTING /var/folders/7l/9pmsqbq54pd4f14gcz60xhbh0000gn/T//ccDHQbco.s 			page 31


 1544 014e 0E        		.uleb128 0xe
 1545 014f 3A        		.uleb128 0x3a
 1546 0150 0B        		.uleb128 0xb
 1547 0151 3B        		.uleb128 0x3b
 1548 0152 0B        		.uleb128 0xb
 1549 0153 27        		.uleb128 0x27
 1550 0154 0C        		.uleb128 0xc
 1551 0155 49        		.uleb128 0x49
 1552 0156 13        		.uleb128 0x13
 1553 0157 11        		.uleb128 0x11
 1554 0158 01        		.uleb128 0x1
 1555 0159 12        		.uleb128 0x12
 1556 015a 01        		.uleb128 0x1
 1557 015b 40        		.uleb128 0x40
 1558 015c 06        		.uleb128 0x6
 1559 015d 9742      		.uleb128 0x2117
 1560 015f 0C        		.uleb128 0xc
 1561 0160 01        		.uleb128 0x1
 1562 0161 13        		.uleb128 0x13
 1563 0162 00        		.byte	0
 1564 0163 00        		.byte	0
 1565 0164 18        		.uleb128 0x18
 1566 0165 1D        		.uleb128 0x1d
 1567 0166 01        		.byte	0x1
 1568 0167 31        		.uleb128 0x31
 1569 0168 13        		.uleb128 0x13
 1570 0169 11        		.uleb128 0x11
 1571 016a 01        		.uleb128 0x1
 1572 016b 12        		.uleb128 0x12
 1573 016c 01        		.uleb128 0x1
 1574 016d 58        		.uleb128 0x58
 1575 016e 0B        		.uleb128 0xb
 1576 016f 59        		.uleb128 0x59
 1577 0170 0B        		.uleb128 0xb
 1578 0171 00        		.byte	0
 1579 0172 00        		.byte	0
 1580 0173 19        		.uleb128 0x19
 1581 0174 05        		.uleb128 0x5
 1582 0175 00        		.byte	0
 1583 0176 31        		.uleb128 0x31
 1584 0177 13        		.uleb128 0x13
 1585 0178 1C        		.uleb128 0x1c
 1586 0179 0B        		.uleb128 0xb
 1587 017a 00        		.byte	0
 1588 017b 00        		.byte	0
 1589 017c 1A        		.uleb128 0x1a
 1590 017d 34        		.uleb128 0x34
 1591 017e 00        		.byte	0
 1592 017f 31        		.uleb128 0x31
 1593 0180 13        		.uleb128 0x13
 1594 0181 00        		.byte	0
 1595 0182 00        		.byte	0
 1596 0183 1B        		.uleb128 0x1b
 1597 0184 0F        		.uleb128 0xf
 1598 0185 00        		.byte	0
 1599 0186 0B        		.uleb128 0xb
 1600 0187 0B        		.uleb128 0xb
GAS LISTING /var/folders/7l/9pmsqbq54pd4f14gcz60xhbh0000gn/T//ccDHQbco.s 			page 32


 1601 0188 49        		.uleb128 0x49
 1602 0189 13        		.uleb128 0x13
 1603 018a 00        		.byte	0
 1604 018b 00        		.byte	0
 1605 018c 1C        		.uleb128 0x1c
 1606 018d 01        		.uleb128 0x1
 1607 018e 01        		.byte	0x1
 1608 018f 49        		.uleb128 0x49
 1609 0190 13        		.uleb128 0x13
 1610 0191 01        		.uleb128 0x1
 1611 0192 13        		.uleb128 0x13
 1612 0193 00        		.byte	0
 1613 0194 00        		.byte	0
 1614 0195 1D        		.uleb128 0x1d
 1615 0196 21        		.uleb128 0x21
 1616 0197 00        		.byte	0
 1617 0198 49        		.uleb128 0x49
 1618 0199 13        		.uleb128 0x13
 1619 019a 2F        		.uleb128 0x2f
 1620 019b 0B        		.uleb128 0xb
 1621 019c 00        		.byte	0
 1622 019d 00        		.byte	0
 1623 019e 1E        		.uleb128 0x1e
 1624 019f 34        		.uleb128 0x34
 1625 01a0 00        		.byte	0
 1626 01a1 03        		.uleb128 0x3
 1627 01a2 0E        		.uleb128 0xe
 1628 01a3 3A        		.uleb128 0x3a
 1629 01a4 0B        		.uleb128 0xb
 1630 01a5 3B        		.uleb128 0x3b
 1631 01a6 0B        		.uleb128 0xb
 1632 01a7 49        		.uleb128 0x49
 1633 01a8 13        		.uleb128 0x13
 1634 01a9 3F        		.uleb128 0x3f
 1635 01aa 0C        		.uleb128 0xc
 1636 01ab 02        		.uleb128 0x2
 1637 01ac 0A        		.uleb128 0xa
 1638 01ad 00        		.byte	0
 1639 01ae 00        		.byte	0
 1640 01af 1F        		.uleb128 0x1f
 1641 01b0 2E        		.uleb128 0x2e
 1642 01b1 01        		.byte	0x1
 1643 01b2 3F        		.uleb128 0x3f
 1644 01b3 0C        		.uleb128 0xc
 1645 01b4 03        		.uleb128 0x3
 1646 01b5 0E        		.uleb128 0xe
 1647 01b6 3A        		.uleb128 0x3a
 1648 01b7 0B        		.uleb128 0xb
 1649 01b8 3B        		.uleb128 0x3b
 1650 01b9 0B        		.uleb128 0xb
 1651 01ba 27        		.uleb128 0x27
 1652 01bb 0C        		.uleb128 0xc
 1653 01bc 49        		.uleb128 0x49
 1654 01bd 13        		.uleb128 0x13
 1655 01be 3C        		.uleb128 0x3c
 1656 01bf 0C        		.uleb128 0xc
 1657 01c0 01        		.uleb128 0x1
GAS LISTING /var/folders/7l/9pmsqbq54pd4f14gcz60xhbh0000gn/T//ccDHQbco.s 			page 33


 1658 01c1 13        		.uleb128 0x13
 1659 01c2 00        		.byte	0
 1660 01c3 00        		.byte	0
 1661 01c4 20        		.uleb128 0x20
 1662 01c5 05        		.uleb128 0x5
 1663 01c6 00        		.byte	0
 1664 01c7 49        		.uleb128 0x49
 1665 01c8 13        		.uleb128 0x13
 1666 01c9 00        		.byte	0
 1667 01ca 00        		.byte	0
 1668 01cb 21        		.uleb128 0x21
 1669 01cc 2E        		.uleb128 0x2e
 1670 01cd 01        		.byte	0x1
 1671 01ce 3F        		.uleb128 0x3f
 1672 01cf 0C        		.uleb128 0xc
 1673 01d0 03        		.uleb128 0x3
 1674 01d1 0E        		.uleb128 0xe
 1675 01d2 3A        		.uleb128 0x3a
 1676 01d3 0B        		.uleb128 0xb
 1677 01d4 3B        		.uleb128 0x3b
 1678 01d5 0B        		.uleb128 0xb
 1679 01d6 27        		.uleb128 0x27
 1680 01d7 0C        		.uleb128 0xc
 1681 01d8 49        		.uleb128 0x49
 1682 01d9 13        		.uleb128 0x13
 1683 01da 3C        		.uleb128 0x3c
 1684 01db 0C        		.uleb128 0xc
 1685 01dc 00        		.byte	0
 1686 01dd 00        		.byte	0
 1687 01de 00        		.byte	0
 1688               		.section	.debug_loc,"",@progbits
 1689               	.Ldebug_loc0:
 1690               	.LLST0:
 1691 0000 0000 0000 		.long	.LVL0-.Ltext0
 1692 0004 1000 0000 		.long	.LVL2-.Ltext0
 1693 0008 0100      		.word	0x1
 1694 000a 68        		.byte	0x68
 1695 000b 1000 0000 		.long	.LVL2-.Ltext0
 1696 000f 1300 0000 		.long	.LVL3-1-.Ltext0
 1697 0013 0500      		.word	0x5
 1698 0015 03        		.byte	0x3
 1699 0016 0000 0000 		.long	g_buff
 1700 001a 1300 0000 		.long	.LVL3-1-.Ltext0
 1701 001e 1400 0000 		.long	.LFE13-.Ltext0
 1702 0022 0400      		.word	0x4
 1703 0024 F3        		.byte	0xf3
 1704 0025 01        		.uleb128 0x1
 1705 0026 68        		.byte	0x68
 1706 0027 9F        		.byte	0x9f
 1707 0028 0000 0000 		.long	0
 1708 002c 0000 0000 		.long	0
 1709               	.LLST1:
 1710 0030 0000 0000 		.long	.LVL0-.Ltext0
 1711 0034 0E00 0000 		.long	.LVL1-.Ltext0
 1712 0038 0100      		.word	0x1
 1713 003a 66        		.byte	0x66
 1714 003b 0E00 0000 		.long	.LVL1-.Ltext0
GAS LISTING /var/folders/7l/9pmsqbq54pd4f14gcz60xhbh0000gn/T//ccDHQbco.s 			page 34


 1715 003f 1300 0000 		.long	.LVL3-1-.Ltext0
 1716 0043 0500      		.word	0x5
 1717 0045 03        		.byte	0x3
 1718 0046 0000 0000 		.long	g_buff+1
 1719 004a 1300 0000 		.long	.LVL3-1-.Ltext0
 1720 004e 1400 0000 		.long	.LFE13-.Ltext0
 1721 0052 0400      		.word	0x4
 1722 0054 F3        		.byte	0xf3
 1723 0055 01        		.uleb128 0x1
 1724 0056 66        		.byte	0x66
 1725 0057 9F        		.byte	0x9f
 1726 0058 0000 0000 		.long	0
 1727 005c 0000 0000 		.long	0
 1728               	.LLST2:
 1729 0060 1400 0000 		.long	.LVL4-.Ltext0
 1730 0064 2000 0000 		.long	.LVL5-.Ltext0
 1731 0068 0100      		.word	0x1
 1732 006a 68        		.byte	0x68
 1733 006b 2000 0000 		.long	.LVL5-.Ltext0
 1734 006f 2300 0000 		.long	.LVL6-1-.Ltext0
 1735 0073 0500      		.word	0x5
 1736 0075 03        		.byte	0x3
 1737 0076 0000 0000 		.long	g_buff
 1738 007a 2300 0000 		.long	.LVL6-1-.Ltext0
 1739 007e 3E00 0000 		.long	.LFE14-.Ltext0
 1740 0082 0400      		.word	0x4
 1741 0084 F3        		.byte	0xf3
 1742 0085 01        		.uleb128 0x1
 1743 0086 68        		.byte	0x68
 1744 0087 9F        		.byte	0x9f
 1745 0088 0000 0000 		.long	0
 1746 008c 0000 0000 		.long	0
 1747               	.LLST3:
 1748 0090 1400 0000 		.long	.LVL4-.Ltext0
 1749 0094 2400 0000 		.long	.LVL6-.Ltext0
 1750 0098 0200      		.word	0x2
 1751 009a 30        		.byte	0x30
 1752 009b 9F        		.byte	0x9f
 1753 009c 2400 0000 		.long	.LVL6-.Ltext0
 1754 00a0 3000 0000 		.long	.LVL8-.Ltext0
 1755 00a4 0100      		.word	0x1
 1756 00a6 68        		.byte	0x68
 1757 00a7 0000 0000 		.long	0
 1758 00ab 0000 0000 		.long	0
 1759               	.LLST4:
 1760 00af 2800 0000 		.long	.LVL7-.Ltext0
 1761 00b3 3C00 0000 		.long	.LVL10-.Ltext0
 1762 00b7 0400      		.word	0x4
 1763 00b9 F3        		.byte	0xf3
 1764 00ba 01        		.uleb128 0x1
 1765 00bb 68        		.byte	0x68
 1766 00bc 9F        		.byte	0x9f
 1767 00bd 0000 0000 		.long	0
 1768 00c1 0000 0000 		.long	0
 1769               	.LLST5:
 1770 00c5 3400 0000 		.long	.LVL9-.Ltext0
 1771 00c9 3C00 0000 		.long	.LVL10-.Ltext0
GAS LISTING /var/folders/7l/9pmsqbq54pd4f14gcz60xhbh0000gn/T//ccDHQbco.s 			page 35


 1772 00cd 0100      		.word	0x1
 1773 00cf 68        		.byte	0x68
 1774 00d0 0000 0000 		.long	0
 1775 00d4 0000 0000 		.long	0
 1776               	.LLST6:
 1777 00d8 3E00 0000 		.long	.LVL11-.Ltext0
 1778 00dc 4600 0000 		.long	.LVL12-.Ltext0
 1779 00e0 0200      		.word	0x2
 1780 00e2 30        		.byte	0x30
 1781 00e3 9F        		.byte	0x9f
 1782 00e4 4600 0000 		.long	.LVL12-.Ltext0
 1783 00e8 4E00 0000 		.long	.LVL13-.Ltext0
 1784 00ec 0100      		.word	0x1
 1785 00ee 68        		.byte	0x68
 1786 00ef 5200 0000 		.long	.LVL14-.Ltext0
 1787 00f3 5A00 0000 		.long	.LVL15-.Ltext0
 1788 00f7 0100      		.word	0x1
 1789 00f9 68        		.byte	0x68
 1790 00fa 5E00 0000 		.long	.LVL16-.Ltext0
 1791 00fe 6600 0000 		.long	.LVL17-.Ltext0
 1792 0102 0100      		.word	0x1
 1793 0104 68        		.byte	0x68
 1794 0105 6A00 0000 		.long	.LVL18-.Ltext0
 1795 0109 7200 0000 		.long	.LVL19-.Ltext0
 1796 010d 0100      		.word	0x1
 1797 010f 68        		.byte	0x68
 1798 0110 7600 0000 		.long	.LVL20-.Ltext0
 1799 0114 7E00 0000 		.long	.LVL21-.Ltext0
 1800 0118 0100      		.word	0x1
 1801 011a 68        		.byte	0x68
 1802 011b 8200 0000 		.long	.LVL22-.Ltext0
 1803 011f 8400 0000 		.long	.LFE6-.Ltext0
 1804 0123 0100      		.word	0x1
 1805 0125 68        		.byte	0x68
 1806 0126 0000 0000 		.long	0
 1807 012a 0000 0000 		.long	0
 1808               	.LLST7:
 1809 012e 9800 0000 		.long	.LFB10-.Ltext0
 1810 0132 9A00 0000 		.long	.LCFI0-.Ltext0
 1811 0136 0300      		.word	0x3
 1812 0138 92        		.byte	0x92
 1813 0139 20        		.uleb128 0x20
 1814 013a 02        		.sleb128 2
 1815 013b 9A00 0000 		.long	.LCFI0-.Ltext0
 1816 013f 9C00 0000 		.long	.LCFI1-.Ltext0
 1817 0143 0300      		.word	0x3
 1818 0145 92        		.byte	0x92
 1819 0146 20        		.uleb128 0x20
 1820 0147 03        		.sleb128 3
 1821 0148 9C00 0000 		.long	.LCFI1-.Ltext0
 1822 014c 9E00 0000 		.long	.LCFI2-.Ltext0
 1823 0150 0300      		.word	0x3
 1824 0152 92        		.byte	0x92
 1825 0153 20        		.uleb128 0x20
 1826 0154 04        		.sleb128 4
 1827 0155 9E00 0000 		.long	.LCFI2-.Ltext0
 1828 0159 A000 0000 		.long	.LCFI3-.Ltext0
GAS LISTING /var/folders/7l/9pmsqbq54pd4f14gcz60xhbh0000gn/T//ccDHQbco.s 			page 36


 1829 015d 0300      		.word	0x3
 1830 015f 92        		.byte	0x92
 1831 0160 20        		.uleb128 0x20
 1832 0161 05        		.sleb128 5
 1833 0162 A000 0000 		.long	.LCFI3-.Ltext0
 1834 0166 A200 0000 		.long	.LCFI4-.Ltext0
 1835 016a 0300      		.word	0x3
 1836 016c 92        		.byte	0x92
 1837 016d 20        		.uleb128 0x20
 1838 016e 06        		.sleb128 6
 1839 016f A200 0000 		.long	.LCFI4-.Ltext0
 1840 0173 A400 0000 		.long	.LCFI5-.Ltext0
 1841 0177 0300      		.word	0x3
 1842 0179 92        		.byte	0x92
 1843 017a 20        		.uleb128 0x20
 1844 017b 07        		.sleb128 7
 1845 017c A400 0000 		.long	.LCFI5-.Ltext0
 1846 0180 1E01 0000 		.long	.LFE10-.Ltext0
 1847 0184 0300      		.word	0x3
 1848 0186 92        		.byte	0x92
 1849 0187 20        		.uleb128 0x20
 1850 0188 08        		.sleb128 8
 1851 0189 0000 0000 		.long	0
 1852 018d 0000 0000 		.long	0
 1853               	.LLST8:
 1854 0191 9800 0000 		.long	.LVL25-.Ltext0
 1855 0195 AC00 0000 		.long	.LVL27-.Ltext0
 1856 0199 0600      		.word	0x6
 1857 019b 68        		.byte	0x68
 1858 019c 93        		.byte	0x93
 1859 019d 01        		.uleb128 0x1
 1860 019e 69        		.byte	0x69
 1861 019f 93        		.byte	0x93
 1862 01a0 01        		.uleb128 0x1
 1863 01a1 AC00 0000 		.long	.LVL27-.Ltext0
 1864 01a5 1401 0000 		.long	.LVL34-.Ltext0
 1865 01a9 0600      		.word	0x6
 1866 01ab 6C        		.byte	0x6c
 1867 01ac 93        		.byte	0x93
 1868 01ad 01        		.uleb128 0x1
 1869 01ae 6D        		.byte	0x6d
 1870 01af 93        		.byte	0x93
 1871 01b0 01        		.uleb128 0x1
 1872 01b1 1401 0000 		.long	.LVL34-.Ltext0
 1873 01b5 1E01 0000 		.long	.LFE10-.Ltext0
 1874 01b9 0400      		.word	0x4
 1875 01bb F3        		.byte	0xf3
 1876 01bc 01        		.uleb128 0x1
 1877 01bd 68        		.byte	0x68
 1878 01be 9F        		.byte	0x9f
 1879 01bf 0000 0000 		.long	0
 1880 01c3 0000 0000 		.long	0
 1881               	.LLST9:
 1882 01c7 9800 0000 		.long	.LVL25-.Ltext0
 1883 01cb B600 0000 		.long	.LVL29-.Ltext0
 1884 01cf 0600      		.word	0x6
 1885 01d1 66        		.byte	0x66
GAS LISTING /var/folders/7l/9pmsqbq54pd4f14gcz60xhbh0000gn/T//ccDHQbco.s 			page 37


 1886 01d2 93        		.byte	0x93
 1887 01d3 01        		.uleb128 0x1
 1888 01d4 67        		.byte	0x67
 1889 01d5 93        		.byte	0x93
 1890 01d6 01        		.uleb128 0x1
 1891 01d7 B600 0000 		.long	.LVL29-.Ltext0
 1892 01db 1C01 0000 		.long	.LVL36-.Ltext0
 1893 01df 0600      		.word	0x6
 1894 01e1 5E        		.byte	0x5e
 1895 01e2 93        		.byte	0x93
 1896 01e3 01        		.uleb128 0x1
 1897 01e4 5F        		.byte	0x5f
 1898 01e5 93        		.byte	0x93
 1899 01e6 01        		.uleb128 0x1
 1900 01e7 1C01 0000 		.long	.LVL36-.Ltext0
 1901 01eb 1E01 0000 		.long	.LFE10-.Ltext0
 1902 01ef 0400      		.word	0x4
 1903 01f1 F3        		.byte	0xf3
 1904 01f2 01        		.uleb128 0x1
 1905 01f3 66        		.byte	0x66
 1906 01f4 9F        		.byte	0x9f
 1907 01f5 0000 0000 		.long	0
 1908 01f9 0000 0000 		.long	0
 1909               	.LLST10:
 1910 01fd 9800 0000 		.long	.LVL25-.Ltext0
 1911 0201 B400 0000 		.long	.LVL28-.Ltext0
 1912 0205 0600      		.word	0x6
 1913 0207 64        		.byte	0x64
 1914 0208 93        		.byte	0x93
 1915 0209 01        		.uleb128 0x1
 1916 020a 65        		.byte	0x65
 1917 020b 93        		.byte	0x93
 1918 020c 01        		.uleb128 0x1
 1919 020d B400 0000 		.long	.LVL28-.Ltext0
 1920 0211 1801 0000 		.long	.LVL35-.Ltext0
 1921 0215 0600      		.word	0x6
 1922 0217 60        		.byte	0x60
 1923 0218 93        		.byte	0x93
 1924 0219 01        		.uleb128 0x1
 1925 021a 61        		.byte	0x61
 1926 021b 93        		.byte	0x93
 1927 021c 01        		.uleb128 0x1
 1928 021d 1801 0000 		.long	.LVL35-.Ltext0
 1929 0221 1E01 0000 		.long	.LFE10-.Ltext0
 1930 0225 0400      		.word	0x4
 1931 0227 F3        		.byte	0xf3
 1932 0228 01        		.uleb128 0x1
 1933 0229 64        		.byte	0x64
 1934 022a 9F        		.byte	0x9f
 1935 022b 0000 0000 		.long	0
 1936 022f 0000 0000 		.long	0
 1937               	.LLST11:
 1938 0233 AA00 0000 		.long	.LVL26-.Ltext0
 1939 0237 CC00 0000 		.long	.LVL33-.Ltext0
 1940 023b 0200      		.word	0x2
 1941 023d 30        		.byte	0x30
 1942 023e 9F        		.byte	0x9f
GAS LISTING /var/folders/7l/9pmsqbq54pd4f14gcz60xhbh0000gn/T//ccDHQbco.s 			page 38


 1943 023f 0000 0000 		.long	0
 1944 0243 0000 0000 		.long	0
 1945               	.LLST12:
 1946 0247 AA00 0000 		.long	.LVL26-.Ltext0
 1947 024b BC00 0000 		.long	.LVL30-.Ltext0
 1948 024f 0200      		.word	0x2
 1949 0251 30        		.byte	0x30
 1950 0252 9F        		.byte	0x9f
 1951 0253 BC00 0000 		.long	.LVL30-.Ltext0
 1952 0257 C800 0000 		.long	.LVL32-.Ltext0
 1953 025b 0100      		.word	0x1
 1954 025d 68        		.byte	0x68
 1955 025e 0000 0000 		.long	0
 1956 0262 0000 0000 		.long	0
 1957               	.LLST13:
 1958 0266 C000 0000 		.long	.LVL31-.Ltext0
 1959 026a CC00 0000 		.long	.LVL33-.Ltext0
 1960 026e 0200      		.word	0x2
 1961 0270 36        		.byte	0x36
 1962 0271 9F        		.byte	0x9f
 1963 0272 0000 0000 		.long	0
 1964 0276 0000 0000 		.long	0
 1965               	.LLST14:
 1966 027a C000 0000 		.long	.LVL31-.Ltext0
 1967 027e CC00 0000 		.long	.LVL33-.Ltext0
 1968 0282 0300      		.word	0x3
 1969 0284 08        		.byte	0x8
 1970 0285 28        		.byte	0x28
 1971 0286 9F        		.byte	0x9f
 1972 0287 0000 0000 		.long	0
 1973 028b 0000 0000 		.long	0
 1974               	.LLST15:
 1975 028f 1E01 0000 		.long	.LFB11-.Ltext0
 1976 0293 2001 0000 		.long	.LCFI6-.Ltext0
 1977 0297 0300      		.word	0x3
 1978 0299 92        		.byte	0x92
 1979 029a 20        		.uleb128 0x20
 1980 029b 02        		.sleb128 2
 1981 029c 2001 0000 		.long	.LCFI6-.Ltext0
 1982 02a0 2201 0000 		.long	.LCFI7-.Ltext0
 1983 02a4 0300      		.word	0x3
 1984 02a6 92        		.byte	0x92
 1985 02a7 20        		.uleb128 0x20
 1986 02a8 03        		.sleb128 3
 1987 02a9 2201 0000 		.long	.LCFI7-.Ltext0
 1988 02ad 2401 0000 		.long	.LCFI8-.Ltext0
 1989 02b1 0300      		.word	0x3
 1990 02b3 92        		.byte	0x92
 1991 02b4 20        		.uleb128 0x20
 1992 02b5 04        		.sleb128 4
 1993 02b6 2401 0000 		.long	.LCFI8-.Ltext0
 1994 02ba 2601 0000 		.long	.LCFI9-.Ltext0
 1995 02be 0300      		.word	0x3
 1996 02c0 92        		.byte	0x92
 1997 02c1 20        		.uleb128 0x20
 1998 02c2 05        		.sleb128 5
 1999 02c3 2601 0000 		.long	.LCFI9-.Ltext0
GAS LISTING /var/folders/7l/9pmsqbq54pd4f14gcz60xhbh0000gn/T//ccDHQbco.s 			page 39


 2000 02c7 2801 0000 		.long	.LCFI10-.Ltext0
 2001 02cb 0300      		.word	0x3
 2002 02cd 92        		.byte	0x92
 2003 02ce 20        		.uleb128 0x20
 2004 02cf 06        		.sleb128 6
 2005 02d0 2801 0000 		.long	.LCFI10-.Ltext0
 2006 02d4 2A01 0000 		.long	.LCFI11-.Ltext0
 2007 02d8 0300      		.word	0x3
 2008 02da 92        		.byte	0x92
 2009 02db 20        		.uleb128 0x20
 2010 02dc 07        		.sleb128 7
 2011 02dd 2A01 0000 		.long	.LCFI11-.Ltext0
 2012 02e1 A401 0000 		.long	.LFE11-.Ltext0
 2013 02e5 0300      		.word	0x3
 2014 02e7 92        		.byte	0x92
 2015 02e8 20        		.uleb128 0x20
 2016 02e9 08        		.sleb128 8
 2017 02ea 0000 0000 		.long	0
 2018 02ee 0000 0000 		.long	0
 2019               	.LLST16:
 2020 02f2 1E01 0000 		.long	.LVL37-.Ltext0
 2021 02f6 3201 0000 		.long	.LVL39-.Ltext0
 2022 02fa 0600      		.word	0x6
 2023 02fc 68        		.byte	0x68
 2024 02fd 93        		.byte	0x93
 2025 02fe 01        		.uleb128 0x1
 2026 02ff 69        		.byte	0x69
 2027 0300 93        		.byte	0x93
 2028 0301 01        		.uleb128 0x1
 2029 0302 3201 0000 		.long	.LVL39-.Ltext0
 2030 0306 9A01 0000 		.long	.LVL46-.Ltext0
 2031 030a 0600      		.word	0x6
 2032 030c 6C        		.byte	0x6c
 2033 030d 93        		.byte	0x93
 2034 030e 01        		.uleb128 0x1
 2035 030f 6D        		.byte	0x6d
 2036 0310 93        		.byte	0x93
 2037 0311 01        		.uleb128 0x1
 2038 0312 9A01 0000 		.long	.LVL46-.Ltext0
 2039 0316 A401 0000 		.long	.LFE11-.Ltext0
 2040 031a 0400      		.word	0x4
 2041 031c F3        		.byte	0xf3
 2042 031d 01        		.uleb128 0x1
 2043 031e 68        		.byte	0x68
 2044 031f 9F        		.byte	0x9f
 2045 0320 0000 0000 		.long	0
 2046 0324 0000 0000 		.long	0
 2047               	.LLST17:
 2048 0328 1E01 0000 		.long	.LVL37-.Ltext0
 2049 032c 3C01 0000 		.long	.LVL41-.Ltext0
 2050 0330 0600      		.word	0x6
 2051 0332 66        		.byte	0x66
 2052 0333 93        		.byte	0x93
 2053 0334 01        		.uleb128 0x1
 2054 0335 67        		.byte	0x67
 2055 0336 93        		.byte	0x93
 2056 0337 01        		.uleb128 0x1
GAS LISTING /var/folders/7l/9pmsqbq54pd4f14gcz60xhbh0000gn/T//ccDHQbco.s 			page 40


 2057 0338 3C01 0000 		.long	.LVL41-.Ltext0
 2058 033c A201 0000 		.long	.LVL48-.Ltext0
 2059 0340 0600      		.word	0x6
 2060 0342 5E        		.byte	0x5e
 2061 0343 93        		.byte	0x93
 2062 0344 01        		.uleb128 0x1
 2063 0345 5F        		.byte	0x5f
 2064 0346 93        		.byte	0x93
 2065 0347 01        		.uleb128 0x1
 2066 0348 A201 0000 		.long	.LVL48-.Ltext0
 2067 034c A401 0000 		.long	.LFE11-.Ltext0
 2068 0350 0400      		.word	0x4
 2069 0352 F3        		.byte	0xf3
 2070 0353 01        		.uleb128 0x1
 2071 0354 66        		.byte	0x66
 2072 0355 9F        		.byte	0x9f
 2073 0356 0000 0000 		.long	0
 2074 035a 0000 0000 		.long	0
 2075               	.LLST18:
 2076 035e 1E01 0000 		.long	.LVL37-.Ltext0
 2077 0362 3A01 0000 		.long	.LVL40-.Ltext0
 2078 0366 0600      		.word	0x6
 2079 0368 64        		.byte	0x64
 2080 0369 93        		.byte	0x93
 2081 036a 01        		.uleb128 0x1
 2082 036b 65        		.byte	0x65
 2083 036c 93        		.byte	0x93
 2084 036d 01        		.uleb128 0x1
 2085 036e 3A01 0000 		.long	.LVL40-.Ltext0
 2086 0372 9E01 0000 		.long	.LVL47-.Ltext0
 2087 0376 0600      		.word	0x6
 2088 0378 60        		.byte	0x60
 2089 0379 93        		.byte	0x93
 2090 037a 01        		.uleb128 0x1
 2091 037b 61        		.byte	0x61
 2092 037c 93        		.byte	0x93
 2093 037d 01        		.uleb128 0x1
 2094 037e 9E01 0000 		.long	.LVL47-.Ltext0
 2095 0382 A401 0000 		.long	.LFE11-.Ltext0
 2096 0386 0400      		.word	0x4
 2097 0388 F3        		.byte	0xf3
 2098 0389 01        		.uleb128 0x1
 2099 038a 64        		.byte	0x64
 2100 038b 9F        		.byte	0x9f
 2101 038c 0000 0000 		.long	0
 2102 0390 0000 0000 		.long	0
 2103               	.LLST19:
 2104 0394 3001 0000 		.long	.LVL38-.Ltext0
 2105 0398 5201 0000 		.long	.LVL45-.Ltext0
 2106 039c 0200      		.word	0x2
 2107 039e 30        		.byte	0x30
 2108 039f 9F        		.byte	0x9f
 2109 03a0 0000 0000 		.long	0
 2110 03a4 0000 0000 		.long	0
 2111               	.LLST20:
 2112 03a8 3001 0000 		.long	.LVL38-.Ltext0
 2113 03ac 4201 0000 		.long	.LVL42-.Ltext0
GAS LISTING /var/folders/7l/9pmsqbq54pd4f14gcz60xhbh0000gn/T//ccDHQbco.s 			page 41


 2114 03b0 0200      		.word	0x2
 2115 03b2 30        		.byte	0x30
 2116 03b3 9F        		.byte	0x9f
 2117 03b4 4201 0000 		.long	.LVL42-.Ltext0
 2118 03b8 4E01 0000 		.long	.LVL44-.Ltext0
 2119 03bc 0100      		.word	0x1
 2120 03be 68        		.byte	0x68
 2121 03bf 0000 0000 		.long	0
 2122 03c3 0000 0000 		.long	0
 2123               	.LLST21:
 2124 03c7 4601 0000 		.long	.LVL43-.Ltext0
 2125 03cb 5201 0000 		.long	.LVL45-.Ltext0
 2126 03cf 0200      		.word	0x2
 2127 03d1 36        		.byte	0x36
 2128 03d2 9F        		.byte	0x9f
 2129 03d3 0000 0000 		.long	0
 2130 03d7 0000 0000 		.long	0
 2131               	.LLST22:
 2132 03db 4601 0000 		.long	.LVL43-.Ltext0
 2133 03df 5201 0000 		.long	.LVL45-.Ltext0
 2134 03e3 0200      		.word	0x2
 2135 03e5 38        		.byte	0x38
 2136 03e6 9F        		.byte	0x9f
 2137 03e7 0000 0000 		.long	0
 2138 03eb 0000 0000 		.long	0
 2139               		.section	.debug_aranges,"",@progbits
 2140 0000 1C00 0000 		.long	0x1c
 2141 0004 0200      		.word	0x2
 2142 0006 0000 0000 		.long	.Ldebug_info0
 2143 000a 04        		.byte	0x4
 2144 000b 00        		.byte	0
 2145 000c 0000      		.word	0
 2146 000e 0000      		.word	0
 2147 0010 0000 0000 		.long	.Ltext0
 2148 0014 A401 0000 		.long	.Letext0-.Ltext0
 2149 0018 0000 0000 		.long	0
 2150 001c 0000 0000 		.long	0
 2151               		.section	.debug_line,"",@progbits
 2152               	.Ldebug_line0:
 2153 0000 0301 0000 		.section	.debug_str,"MS",@progbits,1
 2153      0200 AF00 
 2153      0000 0201 
 2153      FB0E 0A00 
 2153      0101 0101 
 2154               	.LASF15:
 2155 0000 6C73 6D33 		.string	"lsm303_read_regs"
 2155      3033 5F72 
 2155      6561 645F 
 2155      7265 6773 
 2155      00
 2156               	.LASF19:
 2157 0011 6C73 6D33 		.string	"lsm303_mag_data_status"
 2157      3033 5F6D 
 2157      6167 5F64 
 2157      6174 615F 
 2157      7374 6174 
 2158               	.LASF18:
GAS LISTING /var/folders/7l/9pmsqbq54pd4f14gcz60xhbh0000gn/T//ccDHQbco.s 			page 42


 2159 0028 6C73 6D33 		.string	"lsm303_accel_data_status"
 2159      3033 5F61 
 2159      6363 656C 
 2159      5F64 6174 
 2159      615F 7374 
 2160               	.LASF14:
 2161 0041 6C73 6D33 		.string	"lsm303_read_reg"
 2161      3033 5F72 
 2161      6561 645F 
 2161      7265 6700 
 2162               	.LASF29:
 2163 0051 6932 634D 		.string	"i2cMasterSend"
 2163      6173 7465 
 2163      7253 656E 
 2163      6400 
 2164               	.LASF0:
 2165 005f 696E 7438 		.string	"int8_t"
 2165      5F74 00
 2166               	.LASF3:
 2167 0066 756E 7369 		.string	"unsigned char"
 2167      676E 6564 
 2167      2063 6861 
 2167      7200 
 2168               	.LASF16:
 2169 0074 7265 7476 		.string	"retval"
 2169      616C 00
 2170               	.LASF21:
 2171 007b 6C73 6D33 		.string	"lsm303_read_mag"
 2171      3033 5F72 
 2171      6561 645F 
 2171      6D61 6700 
 2172               	.LASF8:
 2173 008b 6C6F 6E67 		.string	"long unsigned int"
 2173      2075 6E73 
 2173      6967 6E65 
 2173      6420 696E 
 2173      7400 
 2174               	.LASF11:
 2175 009d 7368 6F72 		.string	"short unsigned int"
 2175      7420 756E 
 2175      7369 676E 
 2175      6564 2069 
 2175      6E74 00
 2176               	.LASF30:
 2177 00b0 6932 634D 		.string	"i2cMasterReceive"
 2177      6173 7465 
 2177      7252 6563 
 2177      6569 7665 
 2177      00
 2178               	.LASF17:
 2179 00c1 6C73 6D33 		.string	"lsm303_init"
 2179      3033 5F69 
 2179      6E69 7400 
 2180               	.LASF28:
 2181 00cd 675F 6275 		.string	"g_buff"
 2181      6666 00
 2182               	.LASF25:
GAS LISTING /var/folders/7l/9pmsqbq54pd4f14gcz60xhbh0000gn/T//ccDHQbco.s 			page 43


 2183 00d4 2F55 7365 		.string	"/Users/jonny/Documents/KiCadProjects/rocket_ejection/firmware"
 2183      7273 2F6A 
 2183      6F6E 6E79 
 2183      2F44 6F63 
 2183      756D 656E 
 2184               	.LASF6:
 2185 0112 756E 7369 		.string	"unsigned int"
 2185      676E 6564 
 2185      2069 6E74 
 2185      00
 2186               	.LASF10:
 2187 011f 6C6F 6E67 		.string	"long long unsigned int"
 2187      206C 6F6E 
 2187      6720 756E 
 2187      7369 676E 
 2187      6564 2069 
 2188               	.LASF1:
 2189 0136 7569 6E74 		.string	"uint8_t"
 2189      385F 7400 
 2190               	.LASF4:
 2191 013e 696E 7431 		.string	"int16_t"
 2191      365F 7400 
 2192               	.LASF22:
 2193 0146 7369 7A65 		.string	"sizetype"
 2193      7479 7065 
 2193      00
 2194               	.LASF9:
 2195 014f 6C6F 6E67 		.string	"long long int"
 2195      206C 6F6E 
 2195      6720 696E 
 2195      7400 
 2196               	.LASF13:
 2197 015d 6368 6172 		.string	"char"
 2197      00
 2198               	.LASF23:
 2199 0162 474E 5520 		.string	"GNU C 4.8.1 -mmcu=atmega328p -g -Os"
 2199      4320 342E 
 2199      382E 3120 
 2199      2D6D 6D63 
 2199      753D 6174 
 2200               	.LASF12:
 2201 0186 7368 6F72 		.string	"short int"
 2201      7420 696E 
 2201      7400 
 2202               	.LASF5:
 2203 0190 7569 6E74 		.string	"uint16_t"
 2203      3136 5F74 
 2203      00
 2204               	.LASF20:
 2205 0199 6C73 6D33 		.string	"lsm303_read_accel"
 2205      3033 5F72 
 2205      6561 645F 
 2205      6163 6365 
 2205      6C00 
 2206               	.LASF7:
 2207 01ab 6C6F 6E67 		.string	"long int"
 2207      2069 6E74 
GAS LISTING /var/folders/7l/9pmsqbq54pd4f14gcz60xhbh0000gn/T//ccDHQbco.s 			page 44


 2207      00
 2208               	.LASF27:
 2209 01b4 6C73 6D33 		.string	"lsm303_data_ready_int"
 2209      3033 5F64 
 2209      6174 615F 
 2209      7265 6164 
 2209      795F 696E 
 2210               	.LASF24:
 2211 01ca 6C73 6D33 		.string	"lsm303d.c"
 2211      3033 642E 
 2211      6300 
 2212               	.LASF2:
 2213 01d4 7369 676E 		.string	"signed char"
 2213      6564 2063 
 2213      6861 7200 
 2214               	.LASF26:
 2215 01e0 6C73 6D33 		.string	"lsm303_write_reg"
 2215      3033 5F77 
 2215      7269 7465 
 2215      5F72 6567 
 2215      00
 2216               		.ident	"GCC: (GNU) 4.8.1"
 2217               	.global __do_clear_bss
GAS LISTING /var/folders/7l/9pmsqbq54pd4f14gcz60xhbh0000gn/T//ccDHQbco.s 			page 45


DEFINED SYMBOLS
                            *ABS*:00000000 lsm303d.c
/var/folders/7l/9pmsqbq54pd4f14gcz60xhbh0000gn/T//ccDHQbco.s:2      *ABS*:0000003e __SP_H__
/var/folders/7l/9pmsqbq54pd4f14gcz60xhbh0000gn/T//ccDHQbco.s:3      *ABS*:0000003d __SP_L__
/var/folders/7l/9pmsqbq54pd4f14gcz60xhbh0000gn/T//ccDHQbco.s:4      *ABS*:0000003f __SREG__
/var/folders/7l/9pmsqbq54pd4f14gcz60xhbh0000gn/T//ccDHQbco.s:5      *ABS*:00000000 __tmp_reg__
/var/folders/7l/9pmsqbq54pd4f14gcz60xhbh0000gn/T//ccDHQbco.s:6      *ABS*:00000001 __zero_reg__
/var/folders/7l/9pmsqbq54pd4f14gcz60xhbh0000gn/T//ccDHQbco.s:11     .text:00000000 lsm303_write_reg
                            *COM*:00000010 g_buff
/var/folders/7l/9pmsqbq54pd4f14gcz60xhbh0000gn/T//ccDHQbco.s:38     .text:00000014 lsm303_read_reg
/var/folders/7l/9pmsqbq54pd4f14gcz60xhbh0000gn/T//ccDHQbco.s:87     .text:0000003e lsm303_init
/var/folders/7l/9pmsqbq54pd4f14gcz60xhbh0000gn/T//ccDHQbco.s:154    .text:00000084 lsm303_accel_data_status
/var/folders/7l/9pmsqbq54pd4f14gcz60xhbh0000gn/T//ccDHQbco.s:171    .text:0000008a lsm303_mag_data_status
/var/folders/7l/9pmsqbq54pd4f14gcz60xhbh0000gn/T//ccDHQbco.s:188    .text:00000090 lsm303_data_ready_int
/var/folders/7l/9pmsqbq54pd4f14gcz60xhbh0000gn/T//ccDHQbco.s:208    .text:00000098 lsm303_read_accel
/var/folders/7l/9pmsqbq54pd4f14gcz60xhbh0000gn/T//ccDHQbco.s:329    .text:0000011e lsm303_read_mag

UNDEFINED SYMBOLS
i2cMasterSend
i2cMasterReceive
__do_clear_bss
