GAS LISTING /var/folders/7l/9pmsqbq54pd4f14gcz60xhbh0000gn/T//ccedeTIo.s 			page 1


   1               		.file	"serialize.c"
   2               	__SP_H__ = 0x3e
   3               	__SP_L__ = 0x3d
   4               	__SREG__ = 0x3f
   5               	__tmp_reg__ = 0
   6               	__zero_reg__ = 1
   7               		.text
   8               	.Ltext0:
   9               		.cfi_sections	.debug_frame
  10               	.global	serialize_uint8
  11               		.type	serialize_uint8, @function
  12               	serialize_uint8:
  13               	.LFB0:
  14               		.file 1 "serialize.c"
   1:serialize.c   **** 
   2:serialize.c   **** /*
   3:serialize.c   ****  * serialize.c
   4:serialize.c   ****  * Source file for a library to serialize data.
   5:serialize.c   ****  *
   6:serialize.c   ****  * Author: Jonny Dyer
   7:serialize.c   ****  * Date: 4/21/18
   8:serialize.c   ****  */
   9:serialize.c   **** 
  10:serialize.c   **** #include <stdint.h>
  11:serialize.c   **** #include "serialize.h"
  12:serialize.c   **** 
  13:serialize.c   **** int16_t serialize_uint8(cBuffer *buff, uint8_t *val){
  15               		.loc 1 13 0
  16               		.cfi_startproc
  17               	.LVL0:
  18               	/* prologue: function */
  19               	/* frame size = 0 */
  20               	/* stack size = 0 */
  21               	.L__stack_usage = 0
  14:serialize.c   **** 
  15:serialize.c   ****     return bufferAddToEnd(buff, *val);
  22               		.loc 1 15 0
  23 0000 FB01      		movw r30,r22
  24 0002 6081      		ld r22,Z
  25               	.LVL1:
  26 0004 0C94 0000 		jmp bufferAddToEnd
  27               	.LVL2:
  28               		.cfi_endproc
  29               	.LFE0:
  30               		.size	serialize_uint8, .-serialize_uint8
  31               	.global	serialize_uint16
  32               		.type	serialize_uint16, @function
  33               	serialize_uint16:
  34               	.LFB1:
  16:serialize.c   **** }
  17:serialize.c   **** 
  18:serialize.c   **** int16_t serialize_uint16(cBuffer *buff, uint16_t *val){
  35               		.loc 1 18 0
  36               		.cfi_startproc
  37               	.LVL3:
  38 0008 0F93      		push r16
  39               	.LCFI0:
GAS LISTING /var/folders/7l/9pmsqbq54pd4f14gcz60xhbh0000gn/T//ccedeTIo.s 			page 2


  40               		.cfi_def_cfa_offset 3
  41               		.cfi_offset 16, -2
  42 000a 1F93      		push r17
  43               	.LCFI1:
  44               		.cfi_def_cfa_offset 4
  45               		.cfi_offset 17, -3
  46 000c CF93      		push r28
  47               	.LCFI2:
  48               		.cfi_def_cfa_offset 5
  49               		.cfi_offset 28, -4
  50 000e DF93      		push r29
  51               	.LCFI3:
  52               		.cfi_def_cfa_offset 6
  53               		.cfi_offset 29, -5
  54               	/* prologue: function */
  55               	/* frame size = 0 */
  56               	/* stack size = 4 */
  57               	.L__stack_usage = 4
  58 0010 8C01      		movw r16,r24
  59 0012 EB01      		movw r28,r22
  19:serialize.c   **** 
  20:serialize.c   ****     bufferAddToEnd(buff, (*val & 0xFF00)>>8);
  60               		.loc 1 20 0
  61 0014 6981      		ldd r22,Y+1
  62               	.LVL4:
  63 0016 0E94 0000 		call bufferAddToEnd
  64               	.LVL5:
  21:serialize.c   ****     return bufferAddToEnd(buff, (*val & 0x00FF));
  65               		.loc 1 21 0
  66 001a 6881      		ld r22,Y
  67 001c C801      		movw r24,r16
  68               	/* epilogue start */
  22:serialize.c   **** }
  69               		.loc 1 22 0
  70 001e DF91      		pop r29
  71 0020 CF91      		pop r28
  72               	.LVL6:
  73 0022 1F91      		pop r17
  74 0024 0F91      		pop r16
  75               	.LVL7:
  21:serialize.c   ****     return bufferAddToEnd(buff, (*val & 0x00FF));
  76               		.loc 1 21 0
  77 0026 0C94 0000 		jmp bufferAddToEnd
  78               	.LVL8:
  79               		.cfi_endproc
  80               	.LFE1:
  81               		.size	serialize_uint16, .-serialize_uint16
  82               	.global	serialize_uint32
  83               		.type	serialize_uint32, @function
  84               	serialize_uint32:
  85               	.LFB2:
  23:serialize.c   **** 
  24:serialize.c   **** int16_t serialize_uint32(cBuffer *buff, uint32_t *val){
  86               		.loc 1 24 0
  87               		.cfi_startproc
  88               	.LVL9:
  89 002a 0F93      		push r16
GAS LISTING /var/folders/7l/9pmsqbq54pd4f14gcz60xhbh0000gn/T//ccedeTIo.s 			page 3


  90               	.LCFI4:
  91               		.cfi_def_cfa_offset 3
  92               		.cfi_offset 16, -2
  93 002c 1F93      		push r17
  94               	.LCFI5:
  95               		.cfi_def_cfa_offset 4
  96               		.cfi_offset 17, -3
  97 002e CF93      		push r28
  98               	.LCFI6:
  99               		.cfi_def_cfa_offset 5
 100               		.cfi_offset 28, -4
 101 0030 DF93      		push r29
 102               	.LCFI7:
 103               		.cfi_def_cfa_offset 6
 104               		.cfi_offset 29, -5
 105               	/* prologue: function */
 106               	/* frame size = 0 */
 107               	/* stack size = 4 */
 108               	.L__stack_usage = 4
 109 0032 EC01      		movw r28,r24
 110 0034 8B01      		movw r16,r22
  25:serialize.c   **** 
  26:serialize.c   ****     bufferAddToEnd(buff, (*val & 0xFF000000)>>24);
 111               		.loc 1 26 0
 112 0036 FB01      		movw r30,r22
 113 0038 8081      		ld r24,Z
 114 003a 9181      		ldd r25,Z+1
 115 003c A281      		ldd r26,Z+2
 116 003e B381      		ldd r27,Z+3
 117               	.LVL10:
 118 0040 6B2F      		mov r22,r27
 119 0042 7727      		clr r23
 120 0044 8827      		clr r24
 121 0046 9927      		clr r25
 122               	.LVL11:
 123 0048 CE01      		movw r24,r28
 124 004a 0E94 0000 		call bufferAddToEnd
 125               	.LVL12:
  27:serialize.c   ****     bufferAddToEnd(buff, (*val & 0x00FF0000)>>16);
 126               		.loc 1 27 0
 127 004e F801      		movw r30,r16
 128 0050 6281      		ldd r22,Z+2
 129 0052 CE01      		movw r24,r28
 130 0054 0E94 0000 		call bufferAddToEnd
 131               	.LVL13:
  28:serialize.c   ****     bufferAddToEnd(buff, (*val & 0x0000FF00)>>8);
 132               		.loc 1 28 0
 133 0058 F801      		movw r30,r16
 134 005a 6181      		ldd r22,Z+1
 135 005c CE01      		movw r24,r28
 136 005e 0E94 0000 		call bufferAddToEnd
 137               	.LVL14:
  29:serialize.c   ****     return bufferAddToEnd(buff, (*val & 0x000000FF));
 138               		.loc 1 29 0
 139 0062 F801      		movw r30,r16
 140 0064 6081      		ld r22,Z
 141 0066 CE01      		movw r24,r28
GAS LISTING /var/folders/7l/9pmsqbq54pd4f14gcz60xhbh0000gn/T//ccedeTIo.s 			page 4


 142               	/* epilogue start */
  30:serialize.c   **** }
 143               		.loc 1 30 0
 144 0068 DF91      		pop r29
 145 006a CF91      		pop r28
 146               	.LVL15:
 147 006c 1F91      		pop r17
 148 006e 0F91      		pop r16
 149               	.LVL16:
  29:serialize.c   ****     return bufferAddToEnd(buff, (*val & 0x000000FF));
 150               		.loc 1 29 0
 151 0070 0C94 0000 		jmp bufferAddToEnd
 152               	.LVL17:
 153               		.cfi_endproc
 154               	.LFE2:
 155               		.size	serialize_uint32, .-serialize_uint32
 156               	.global	serialize_int8
 157               		.type	serialize_int8, @function
 158               	serialize_int8:
 159               	.LFB3:
  31:serialize.c   **** 
  32:serialize.c   **** int16_t serialize_int8(cBuffer *buff, int8_t *val){
 160               		.loc 1 32 0
 161               		.cfi_startproc
 162               	.LVL18:
 163               	/* prologue: function */
 164               	/* frame size = 0 */
 165               	/* stack size = 0 */
 166               	.L__stack_usage = 0
  33:serialize.c   ****     return serialize_uint8(buff, (uint8_t *)val);
 167               		.loc 1 33 0
 168 0074 0C94 0000 		jmp serialize_uint8
 169               	.LVL19:
 170               		.cfi_endproc
 171               	.LFE3:
 172               		.size	serialize_int8, .-serialize_int8
 173               	.global	serialize_int16
 174               		.type	serialize_int16, @function
 175               	serialize_int16:
 176               	.LFB4:
  34:serialize.c   **** }
  35:serialize.c   **** 
  36:serialize.c   **** int16_t serialize_int16(cBuffer *buff, int16_t *val){
 177               		.loc 1 36 0
 178               		.cfi_startproc
 179               	.LVL20:
 180               	/* prologue: function */
 181               	/* frame size = 0 */
 182               	/* stack size = 0 */
 183               	.L__stack_usage = 0
  37:serialize.c   ****     return serialize_uint16(buff, (uint16_t *)val);
 184               		.loc 1 37 0
 185 0078 0C94 0000 		jmp serialize_uint16
 186               	.LVL21:
 187               		.cfi_endproc
 188               	.LFE4:
 189               		.size	serialize_int16, .-serialize_int16
GAS LISTING /var/folders/7l/9pmsqbq54pd4f14gcz60xhbh0000gn/T//ccedeTIo.s 			page 5


 190               	.global	serialize_int32
 191               		.type	serialize_int32, @function
 192               	serialize_int32:
 193               	.LFB5:
  38:serialize.c   **** }
  39:serialize.c   **** 
  40:serialize.c   **** int16_t serialize_int32(cBuffer *buff, int32_t *val){
 194               		.loc 1 40 0
 195               		.cfi_startproc
 196               	.LVL22:
 197               	/* prologue: function */
 198               	/* frame size = 0 */
 199               	/* stack size = 0 */
 200               	.L__stack_usage = 0
  41:serialize.c   ****     return serialize_uint32(buff, (uint32_t *)val);
 201               		.loc 1 41 0
 202 007c 0C94 0000 		jmp serialize_uint32
 203               	.LVL23:
 204               		.cfi_endproc
 205               	.LFE5:
 206               		.size	serialize_int32, .-serialize_int32
 207               	.global	serialize_float32
 208               		.type	serialize_float32, @function
 209               	serialize_float32:
 210               	.LFB6:
  42:serialize.c   **** }
  43:serialize.c   **** 
  44:serialize.c   **** int16_t serialize_float32(cBuffer *buff, float *val){
 211               		.loc 1 44 0
 212               		.cfi_startproc
 213               	.LVL24:
 214               	/* prologue: function */
 215               	/* frame size = 0 */
 216               	/* stack size = 0 */
 217               	.L__stack_usage = 0
  45:serialize.c   ****     return serialize_uint32(buff, (uint32_t *)val);
 218               		.loc 1 45 0
 219 0080 0C94 0000 		jmp serialize_uint32
 220               	.LVL25:
 221               		.cfi_endproc
 222               	.LFE6:
 223               		.size	serialize_float32, .-serialize_float32
 224               	.Letext0:
 225               		.file 2 "/usr/local/CrossPack-AVR-20131216/avr/include/stdint.h"
 226               		.file 3 "../../../dev/avrlib/avrlib/buffer.h"
 227               		.section	.debug_info,"",@progbits
 228               	.Ldebug_info0:
 229 0000 2904 0000 		.long	0x429
 230 0004 0200      		.word	0x2
 231 0006 0000 0000 		.long	.Ldebug_abbrev0
 232 000a 04        		.byte	0x4
 233 000b 01        		.uleb128 0x1
 234 000c 0000 0000 		.long	.LASF28
 235 0010 01        		.byte	0x1
 236 0011 0000 0000 		.long	.LASF29
 237 0015 0000 0000 		.long	.LASF30
 238 0019 0000 0000 		.long	.Ltext0
GAS LISTING /var/folders/7l/9pmsqbq54pd4f14gcz60xhbh0000gn/T//ccedeTIo.s 			page 6


 239 001d 0000 0000 		.long	.Letext0
 240 0021 0000 0000 		.long	.Ldebug_line0
 241 0025 02        		.uleb128 0x2
 242 0026 0000 0000 		.long	.LASF0
 243 002a 02        		.byte	0x2
 244 002b 79        		.byte	0x79
 245 002c 3000 0000 		.long	0x30
 246 0030 03        		.uleb128 0x3
 247 0031 01        		.byte	0x1
 248 0032 06        		.byte	0x6
 249 0033 0000 0000 		.long	.LASF2
 250 0037 02        		.uleb128 0x2
 251 0038 0000 0000 		.long	.LASF1
 252 003c 02        		.byte	0x2
 253 003d 7A        		.byte	0x7a
 254 003e 4200 0000 		.long	0x42
 255 0042 03        		.uleb128 0x3
 256 0043 01        		.byte	0x1
 257 0044 08        		.byte	0x8
 258 0045 0000 0000 		.long	.LASF3
 259 0049 02        		.uleb128 0x2
 260 004a 0000 0000 		.long	.LASF4
 261 004e 02        		.byte	0x2
 262 004f 7B        		.byte	0x7b
 263 0050 5400 0000 		.long	0x54
 264 0054 04        		.uleb128 0x4
 265 0055 02        		.byte	0x2
 266 0056 05        		.byte	0x5
 267 0057 696E 7400 		.string	"int"
 268 005b 02        		.uleb128 0x2
 269 005c 0000 0000 		.long	.LASF5
 270 0060 02        		.byte	0x2
 271 0061 7C        		.byte	0x7c
 272 0062 6600 0000 		.long	0x66
 273 0066 03        		.uleb128 0x3
 274 0067 02        		.byte	0x2
 275 0068 07        		.byte	0x7
 276 0069 0000 0000 		.long	.LASF6
 277 006d 02        		.uleb128 0x2
 278 006e 0000 0000 		.long	.LASF7
 279 0072 02        		.byte	0x2
 280 0073 7D        		.byte	0x7d
 281 0074 7800 0000 		.long	0x78
 282 0078 03        		.uleb128 0x3
 283 0079 04        		.byte	0x4
 284 007a 05        		.byte	0x5
 285 007b 0000 0000 		.long	.LASF8
 286 007f 02        		.uleb128 0x2
 287 0080 0000 0000 		.long	.LASF9
 288 0084 02        		.byte	0x2
 289 0085 7E        		.byte	0x7e
 290 0086 8A00 0000 		.long	0x8a
 291 008a 03        		.uleb128 0x3
 292 008b 04        		.byte	0x4
 293 008c 07        		.byte	0x7
 294 008d 0000 0000 		.long	.LASF10
 295 0091 03        		.uleb128 0x3
GAS LISTING /var/folders/7l/9pmsqbq54pd4f14gcz60xhbh0000gn/T//ccedeTIo.s 			page 7


 296 0092 08        		.byte	0x8
 297 0093 05        		.byte	0x5
 298 0094 0000 0000 		.long	.LASF11
 299 0098 03        		.uleb128 0x3
 300 0099 08        		.byte	0x8
 301 009a 07        		.byte	0x7
 302 009b 0000 0000 		.long	.LASF12
 303 009f 05        		.uleb128 0x5
 304 00a0 0000 0000 		.long	.LASF31
 305 00a4 08        		.byte	0x8
 306 00a5 03        		.byte	0x3
 307 00a6 29        		.byte	0x29
 308 00a7 E400 0000 		.long	0xe4
 309 00ab 06        		.uleb128 0x6
 310 00ac 0000 0000 		.long	.LASF13
 311 00b0 03        		.byte	0x3
 312 00b1 2B        		.byte	0x2b
 313 00b2 E400 0000 		.long	0xe4
 314 00b6 02        		.byte	0x2
 315 00b7 23        		.byte	0x23
 316 00b8 00        		.uleb128 0
 317 00b9 06        		.uleb128 0x6
 318 00ba 0000 0000 		.long	.LASF14
 319 00be 03        		.byte	0x3
 320 00bf 2C        		.byte	0x2c
 321 00c0 EA00 0000 		.long	0xea
 322 00c4 02        		.byte	0x2
 323 00c5 23        		.byte	0x23
 324 00c6 02        		.uleb128 0x2
 325 00c7 06        		.uleb128 0x6
 326 00c8 0000 0000 		.long	.LASF15
 327 00cc 03        		.byte	0x3
 328 00cd 2D        		.byte	0x2d
 329 00ce EA00 0000 		.long	0xea
 330 00d2 02        		.byte	0x2
 331 00d3 23        		.byte	0x23
 332 00d4 04        		.uleb128 0x4
 333 00d5 06        		.uleb128 0x6
 334 00d6 0000 0000 		.long	.LASF16
 335 00da 03        		.byte	0x3
 336 00db 2E        		.byte	0x2e
 337 00dc EA00 0000 		.long	0xea
 338 00e0 02        		.byte	0x2
 339 00e1 23        		.byte	0x23
 340 00e2 06        		.uleb128 0x6
 341 00e3 00        		.byte	0
 342 00e4 07        		.uleb128 0x7
 343 00e5 02        		.byte	0x2
 344 00e6 4200 0000 		.long	0x42
 345 00ea 03        		.uleb128 0x3
 346 00eb 02        		.byte	0x2
 347 00ec 07        		.byte	0x7
 348 00ed 0000 0000 		.long	.LASF17
 349 00f1 02        		.uleb128 0x2
 350 00f2 0000 0000 		.long	.LASF18
 351 00f6 03        		.byte	0x3
 352 00f7 2F        		.byte	0x2f
GAS LISTING /var/folders/7l/9pmsqbq54pd4f14gcz60xhbh0000gn/T//ccedeTIo.s 			page 8


 353 00f8 9F00 0000 		.long	0x9f
 354 00fc 08        		.uleb128 0x8
 355 00fd 01        		.byte	0x1
 356 00fe 0000 0000 		.long	.LASF20
 357 0102 01        		.byte	0x1
 358 0103 0D        		.byte	0xd
 359 0104 01        		.byte	0x1
 360 0105 4900 0000 		.long	0x49
 361 0109 0000 0000 		.long	.LFB0
 362 010d 0000 0000 		.long	.LFE0
 363 0111 03        		.byte	0x3
 364 0112 92        		.byte	0x92
 365 0113 20        		.uleb128 0x20
 366 0114 02        		.sleb128 2
 367 0115 01        		.byte	0x1
 368 0116 5001 0000 		.long	0x150
 369 011a 09        		.uleb128 0x9
 370 011b 0000 0000 		.long	.LASF19
 371 011f 01        		.byte	0x1
 372 0120 0D        		.byte	0xd
 373 0121 5001 0000 		.long	0x150
 374 0125 0000 0000 		.long	.LLST0
 375 0129 0A        		.uleb128 0xa
 376 012a 7661 6C00 		.string	"val"
 377 012e 01        		.byte	0x1
 378 012f 0D        		.byte	0xd
 379 0130 5601 0000 		.long	0x156
 380 0134 0000 0000 		.long	.LLST1
 381 0138 0B        		.uleb128 0xb
 382 0139 0000 0000 		.long	.LVL2
 383 013d 01        		.byte	0x1
 384 013e 1304 0000 		.long	0x413
 385 0142 0C        		.uleb128 0xc
 386 0143 06        		.byte	0x6
 387 0144 68        		.byte	0x68
 388 0145 93        		.byte	0x93
 389 0146 01        		.uleb128 0x1
 390 0147 69        		.byte	0x69
 391 0148 93        		.byte	0x93
 392 0149 01        		.uleb128 0x1
 393 014a 03        		.byte	0x3
 394 014b F3        		.byte	0xf3
 395 014c 01        		.uleb128 0x1
 396 014d 68        		.byte	0x68
 397 014e 00        		.byte	0
 398 014f 00        		.byte	0
 399 0150 07        		.uleb128 0x7
 400 0151 02        		.byte	0x2
 401 0152 F100 0000 		.long	0xf1
 402 0156 07        		.uleb128 0x7
 403 0157 02        		.byte	0x2
 404 0158 3700 0000 		.long	0x37
 405 015c 0D        		.uleb128 0xd
 406 015d 01        		.byte	0x1
 407 015e 0000 0000 		.long	.LASF21
 408 0162 01        		.byte	0x1
 409 0163 12        		.byte	0x12
GAS LISTING /var/folders/7l/9pmsqbq54pd4f14gcz60xhbh0000gn/T//ccedeTIo.s 			page 9


 410 0164 01        		.byte	0x1
 411 0165 4900 0000 		.long	0x49
 412 0169 0000 0000 		.long	.LFB1
 413 016d 0000 0000 		.long	.LFE1
 414 0171 0000 0000 		.long	.LLST2
 415 0175 01        		.byte	0x1
 416 0176 C901 0000 		.long	0x1c9
 417 017a 09        		.uleb128 0x9
 418 017b 0000 0000 		.long	.LASF19
 419 017f 01        		.byte	0x1
 420 0180 12        		.byte	0x12
 421 0181 5001 0000 		.long	0x150
 422 0185 0000 0000 		.long	.LLST3
 423 0189 0A        		.uleb128 0xa
 424 018a 7661 6C00 		.string	"val"
 425 018e 01        		.byte	0x1
 426 018f 12        		.byte	0x12
 427 0190 C901 0000 		.long	0x1c9
 428 0194 0000 0000 		.long	.LLST4
 429 0198 0E        		.uleb128 0xe
 430 0199 0000 0000 		.long	.LVL5
 431 019d 1304 0000 		.long	0x413
 432 01a1 B101 0000 		.long	0x1b1
 433 01a5 0C        		.uleb128 0xc
 434 01a6 06        		.byte	0x6
 435 01a7 68        		.byte	0x68
 436 01a8 93        		.byte	0x93
 437 01a9 01        		.uleb128 0x1
 438 01aa 69        		.byte	0x69
 439 01ab 93        		.byte	0x93
 440 01ac 01        		.uleb128 0x1
 441 01ad 02        		.byte	0x2
 442 01ae 80        		.byte	0x80
 443 01af 00        		.sleb128 0
 444 01b0 00        		.byte	0
 445 01b1 0B        		.uleb128 0xb
 446 01b2 0000 0000 		.long	.LVL8
 447 01b6 01        		.byte	0x1
 448 01b7 1304 0000 		.long	0x413
 449 01bb 0C        		.uleb128 0xc
 450 01bc 06        		.byte	0x6
 451 01bd 68        		.byte	0x68
 452 01be 93        		.byte	0x93
 453 01bf 01        		.uleb128 0x1
 454 01c0 69        		.byte	0x69
 455 01c1 93        		.byte	0x93
 456 01c2 01        		.uleb128 0x1
 457 01c3 03        		.byte	0x3
 458 01c4 F3        		.byte	0xf3
 459 01c5 01        		.uleb128 0x1
 460 01c6 68        		.byte	0x68
 461 01c7 00        		.byte	0
 462 01c8 00        		.byte	0
 463 01c9 07        		.uleb128 0x7
 464 01ca 02        		.byte	0x2
 465 01cb 5B00 0000 		.long	0x5b
 466 01cf 0D        		.uleb128 0xd
GAS LISTING /var/folders/7l/9pmsqbq54pd4f14gcz60xhbh0000gn/T//ccedeTIo.s 			page 10


 467 01d0 01        		.byte	0x1
 468 01d1 0000 0000 		.long	.LASF22
 469 01d5 01        		.byte	0x1
 470 01d6 18        		.byte	0x18
 471 01d7 01        		.byte	0x1
 472 01d8 4900 0000 		.long	0x49
 473 01dc 0000 0000 		.long	.LFB2
 474 01e0 0000 0000 		.long	.LFE2
 475 01e4 0000 0000 		.long	.LLST5
 476 01e8 01        		.byte	0x1
 477 01e9 6E02 0000 		.long	0x26e
 478 01ed 09        		.uleb128 0x9
 479 01ee 0000 0000 		.long	.LASF19
 480 01f2 01        		.byte	0x1
 481 01f3 18        		.byte	0x18
 482 01f4 5001 0000 		.long	0x150
 483 01f8 0000 0000 		.long	.LLST6
 484 01fc 0A        		.uleb128 0xa
 485 01fd 7661 6C00 		.string	"val"
 486 0201 01        		.byte	0x1
 487 0202 18        		.byte	0x18
 488 0203 6E02 0000 		.long	0x26e
 489 0207 0000 0000 		.long	.LLST7
 490 020b 0E        		.uleb128 0xe
 491 020c 0000 0000 		.long	.LVL12
 492 0210 1304 0000 		.long	0x413
 493 0214 2402 0000 		.long	0x224
 494 0218 0C        		.uleb128 0xc
 495 0219 06        		.byte	0x6
 496 021a 68        		.byte	0x68
 497 021b 93        		.byte	0x93
 498 021c 01        		.uleb128 0x1
 499 021d 69        		.byte	0x69
 500 021e 93        		.byte	0x93
 501 021f 01        		.uleb128 0x1
 502 0220 02        		.byte	0x2
 503 0221 8C        		.byte	0x8c
 504 0222 00        		.sleb128 0
 505 0223 00        		.byte	0
 506 0224 0E        		.uleb128 0xe
 507 0225 0000 0000 		.long	.LVL13
 508 0229 1304 0000 		.long	0x413
 509 022d 3D02 0000 		.long	0x23d
 510 0231 0C        		.uleb128 0xc
 511 0232 06        		.byte	0x6
 512 0233 68        		.byte	0x68
 513 0234 93        		.byte	0x93
 514 0235 01        		.uleb128 0x1
 515 0236 69        		.byte	0x69
 516 0237 93        		.byte	0x93
 517 0238 01        		.uleb128 0x1
 518 0239 02        		.byte	0x2
 519 023a 8C        		.byte	0x8c
 520 023b 00        		.sleb128 0
 521 023c 00        		.byte	0
 522 023d 0E        		.uleb128 0xe
 523 023e 0000 0000 		.long	.LVL14
GAS LISTING /var/folders/7l/9pmsqbq54pd4f14gcz60xhbh0000gn/T//ccedeTIo.s 			page 11


 524 0242 1304 0000 		.long	0x413
 525 0246 5602 0000 		.long	0x256
 526 024a 0C        		.uleb128 0xc
 527 024b 06        		.byte	0x6
 528 024c 68        		.byte	0x68
 529 024d 93        		.byte	0x93
 530 024e 01        		.uleb128 0x1
 531 024f 69        		.byte	0x69
 532 0250 93        		.byte	0x93
 533 0251 01        		.uleb128 0x1
 534 0252 02        		.byte	0x2
 535 0253 8C        		.byte	0x8c
 536 0254 00        		.sleb128 0
 537 0255 00        		.byte	0
 538 0256 0B        		.uleb128 0xb
 539 0257 0000 0000 		.long	.LVL17
 540 025b 01        		.byte	0x1
 541 025c 1304 0000 		.long	0x413
 542 0260 0C        		.uleb128 0xc
 543 0261 06        		.byte	0x6
 544 0262 68        		.byte	0x68
 545 0263 93        		.byte	0x93
 546 0264 01        		.uleb128 0x1
 547 0265 69        		.byte	0x69
 548 0266 93        		.byte	0x93
 549 0267 01        		.uleb128 0x1
 550 0268 03        		.byte	0x3
 551 0269 F3        		.byte	0xf3
 552 026a 01        		.uleb128 0x1
 553 026b 68        		.byte	0x68
 554 026c 00        		.byte	0
 555 026d 00        		.byte	0
 556 026e 07        		.uleb128 0x7
 557 026f 02        		.byte	0x2
 558 0270 7F00 0000 		.long	0x7f
 559 0274 08        		.uleb128 0x8
 560 0275 01        		.byte	0x1
 561 0276 0000 0000 		.long	.LASF23
 562 027a 01        		.byte	0x1
 563 027b 20        		.byte	0x20
 564 027c 01        		.byte	0x1
 565 027d 4900 0000 		.long	0x49
 566 0281 0000 0000 		.long	.LFB3
 567 0285 0000 0000 		.long	.LFE3
 568 0289 03        		.byte	0x3
 569 028a 92        		.byte	0x92
 570 028b 20        		.uleb128 0x20
 571 028c 02        		.sleb128 2
 572 028d 01        		.byte	0x1
 573 028e D402 0000 		.long	0x2d4
 574 0292 09        		.uleb128 0x9
 575 0293 0000 0000 		.long	.LASF19
 576 0297 01        		.byte	0x1
 577 0298 20        		.byte	0x20
 578 0299 5001 0000 		.long	0x150
 579 029d 0000 0000 		.long	.LLST8
 580 02a1 0A        		.uleb128 0xa
GAS LISTING /var/folders/7l/9pmsqbq54pd4f14gcz60xhbh0000gn/T//ccedeTIo.s 			page 12


 581 02a2 7661 6C00 		.string	"val"
 582 02a6 01        		.byte	0x1
 583 02a7 20        		.byte	0x20
 584 02a8 D402 0000 		.long	0x2d4
 585 02ac 0000 0000 		.long	.LLST9
 586 02b0 0B        		.uleb128 0xb
 587 02b1 0000 0000 		.long	.LVL19
 588 02b5 01        		.byte	0x1
 589 02b6 FC00 0000 		.long	0xfc
 590 02ba 0C        		.uleb128 0xc
 591 02bb 06        		.byte	0x6
 592 02bc 68        		.byte	0x68
 593 02bd 93        		.byte	0x93
 594 02be 01        		.uleb128 0x1
 595 02bf 69        		.byte	0x69
 596 02c0 93        		.byte	0x93
 597 02c1 01        		.uleb128 0x1
 598 02c2 03        		.byte	0x3
 599 02c3 F3        		.byte	0xf3
 600 02c4 01        		.uleb128 0x1
 601 02c5 68        		.byte	0x68
 602 02c6 0C        		.uleb128 0xc
 603 02c7 06        		.byte	0x6
 604 02c8 66        		.byte	0x66
 605 02c9 93        		.byte	0x93
 606 02ca 01        		.uleb128 0x1
 607 02cb 67        		.byte	0x67
 608 02cc 93        		.byte	0x93
 609 02cd 01        		.uleb128 0x1
 610 02ce 03        		.byte	0x3
 611 02cf F3        		.byte	0xf3
 612 02d0 01        		.uleb128 0x1
 613 02d1 66        		.byte	0x66
 614 02d2 00        		.byte	0
 615 02d3 00        		.byte	0
 616 02d4 07        		.uleb128 0x7
 617 02d5 02        		.byte	0x2
 618 02d6 2500 0000 		.long	0x25
 619 02da 08        		.uleb128 0x8
 620 02db 01        		.byte	0x1
 621 02dc 0000 0000 		.long	.LASF24
 622 02e0 01        		.byte	0x1
 623 02e1 24        		.byte	0x24
 624 02e2 01        		.byte	0x1
 625 02e3 4900 0000 		.long	0x49
 626 02e7 0000 0000 		.long	.LFB4
 627 02eb 0000 0000 		.long	.LFE4
 628 02ef 03        		.byte	0x3
 629 02f0 92        		.byte	0x92
 630 02f1 20        		.uleb128 0x20
 631 02f2 02        		.sleb128 2
 632 02f3 01        		.byte	0x1
 633 02f4 3A03 0000 		.long	0x33a
 634 02f8 09        		.uleb128 0x9
 635 02f9 0000 0000 		.long	.LASF19
 636 02fd 01        		.byte	0x1
 637 02fe 24        		.byte	0x24
GAS LISTING /var/folders/7l/9pmsqbq54pd4f14gcz60xhbh0000gn/T//ccedeTIo.s 			page 13


 638 02ff 5001 0000 		.long	0x150
 639 0303 0000 0000 		.long	.LLST10
 640 0307 0A        		.uleb128 0xa
 641 0308 7661 6C00 		.string	"val"
 642 030c 01        		.byte	0x1
 643 030d 24        		.byte	0x24
 644 030e 3A03 0000 		.long	0x33a
 645 0312 0000 0000 		.long	.LLST11
 646 0316 0B        		.uleb128 0xb
 647 0317 0000 0000 		.long	.LVL21
 648 031b 01        		.byte	0x1
 649 031c 5C01 0000 		.long	0x15c
 650 0320 0C        		.uleb128 0xc
 651 0321 06        		.byte	0x6
 652 0322 68        		.byte	0x68
 653 0323 93        		.byte	0x93
 654 0324 01        		.uleb128 0x1
 655 0325 69        		.byte	0x69
 656 0326 93        		.byte	0x93
 657 0327 01        		.uleb128 0x1
 658 0328 03        		.byte	0x3
 659 0329 F3        		.byte	0xf3
 660 032a 01        		.uleb128 0x1
 661 032b 68        		.byte	0x68
 662 032c 0C        		.uleb128 0xc
 663 032d 06        		.byte	0x6
 664 032e 66        		.byte	0x66
 665 032f 93        		.byte	0x93
 666 0330 01        		.uleb128 0x1
 667 0331 67        		.byte	0x67
 668 0332 93        		.byte	0x93
 669 0333 01        		.uleb128 0x1
 670 0334 03        		.byte	0x3
 671 0335 F3        		.byte	0xf3
 672 0336 01        		.uleb128 0x1
 673 0337 66        		.byte	0x66
 674 0338 00        		.byte	0
 675 0339 00        		.byte	0
 676 033a 07        		.uleb128 0x7
 677 033b 02        		.byte	0x2
 678 033c 4900 0000 		.long	0x49
 679 0340 08        		.uleb128 0x8
 680 0341 01        		.byte	0x1
 681 0342 0000 0000 		.long	.LASF25
 682 0346 01        		.byte	0x1
 683 0347 28        		.byte	0x28
 684 0348 01        		.byte	0x1
 685 0349 4900 0000 		.long	0x49
 686 034d 0000 0000 		.long	.LFB5
 687 0351 0000 0000 		.long	.LFE5
 688 0355 03        		.byte	0x3
 689 0356 92        		.byte	0x92
 690 0357 20        		.uleb128 0x20
 691 0358 02        		.sleb128 2
 692 0359 01        		.byte	0x1
 693 035a A003 0000 		.long	0x3a0
 694 035e 09        		.uleb128 0x9
GAS LISTING /var/folders/7l/9pmsqbq54pd4f14gcz60xhbh0000gn/T//ccedeTIo.s 			page 14


 695 035f 0000 0000 		.long	.LASF19
 696 0363 01        		.byte	0x1
 697 0364 28        		.byte	0x28
 698 0365 5001 0000 		.long	0x150
 699 0369 0000 0000 		.long	.LLST12
 700 036d 0A        		.uleb128 0xa
 701 036e 7661 6C00 		.string	"val"
 702 0372 01        		.byte	0x1
 703 0373 28        		.byte	0x28
 704 0374 A003 0000 		.long	0x3a0
 705 0378 0000 0000 		.long	.LLST13
 706 037c 0B        		.uleb128 0xb
 707 037d 0000 0000 		.long	.LVL23
 708 0381 01        		.byte	0x1
 709 0382 CF01 0000 		.long	0x1cf
 710 0386 0C        		.uleb128 0xc
 711 0387 06        		.byte	0x6
 712 0388 68        		.byte	0x68
 713 0389 93        		.byte	0x93
 714 038a 01        		.uleb128 0x1
 715 038b 69        		.byte	0x69
 716 038c 93        		.byte	0x93
 717 038d 01        		.uleb128 0x1
 718 038e 03        		.byte	0x3
 719 038f F3        		.byte	0xf3
 720 0390 01        		.uleb128 0x1
 721 0391 68        		.byte	0x68
 722 0392 0C        		.uleb128 0xc
 723 0393 06        		.byte	0x6
 724 0394 66        		.byte	0x66
 725 0395 93        		.byte	0x93
 726 0396 01        		.uleb128 0x1
 727 0397 67        		.byte	0x67
 728 0398 93        		.byte	0x93
 729 0399 01        		.uleb128 0x1
 730 039a 03        		.byte	0x3
 731 039b F3        		.byte	0xf3
 732 039c 01        		.uleb128 0x1
 733 039d 66        		.byte	0x66
 734 039e 00        		.byte	0
 735 039f 00        		.byte	0
 736 03a0 07        		.uleb128 0x7
 737 03a1 02        		.byte	0x2
 738 03a2 6D00 0000 		.long	0x6d
 739 03a6 08        		.uleb128 0x8
 740 03a7 01        		.byte	0x1
 741 03a8 0000 0000 		.long	.LASF26
 742 03ac 01        		.byte	0x1
 743 03ad 2C        		.byte	0x2c
 744 03ae 01        		.byte	0x1
 745 03af 4900 0000 		.long	0x49
 746 03b3 0000 0000 		.long	.LFB6
 747 03b7 0000 0000 		.long	.LFE6
 748 03bb 03        		.byte	0x3
 749 03bc 92        		.byte	0x92
 750 03bd 20        		.uleb128 0x20
 751 03be 02        		.sleb128 2
GAS LISTING /var/folders/7l/9pmsqbq54pd4f14gcz60xhbh0000gn/T//ccedeTIo.s 			page 15


 752 03bf 01        		.byte	0x1
 753 03c0 0604 0000 		.long	0x406
 754 03c4 09        		.uleb128 0x9
 755 03c5 0000 0000 		.long	.LASF19
 756 03c9 01        		.byte	0x1
 757 03ca 2C        		.byte	0x2c
 758 03cb 5001 0000 		.long	0x150
 759 03cf 0000 0000 		.long	.LLST14
 760 03d3 0A        		.uleb128 0xa
 761 03d4 7661 6C00 		.string	"val"
 762 03d8 01        		.byte	0x1
 763 03d9 2C        		.byte	0x2c
 764 03da 0604 0000 		.long	0x406
 765 03de 0000 0000 		.long	.LLST15
 766 03e2 0B        		.uleb128 0xb
 767 03e3 0000 0000 		.long	.LVL25
 768 03e7 01        		.byte	0x1
 769 03e8 CF01 0000 		.long	0x1cf
 770 03ec 0C        		.uleb128 0xc
 771 03ed 06        		.byte	0x6
 772 03ee 68        		.byte	0x68
 773 03ef 93        		.byte	0x93
 774 03f0 01        		.uleb128 0x1
 775 03f1 69        		.byte	0x69
 776 03f2 93        		.byte	0x93
 777 03f3 01        		.uleb128 0x1
 778 03f4 03        		.byte	0x3
 779 03f5 F3        		.byte	0xf3
 780 03f6 01        		.uleb128 0x1
 781 03f7 68        		.byte	0x68
 782 03f8 0C        		.uleb128 0xc
 783 03f9 06        		.byte	0x6
 784 03fa 66        		.byte	0x66
 785 03fb 93        		.byte	0x93
 786 03fc 01        		.uleb128 0x1
 787 03fd 67        		.byte	0x67
 788 03fe 93        		.byte	0x93
 789 03ff 01        		.uleb128 0x1
 790 0400 03        		.byte	0x3
 791 0401 F3        		.byte	0xf3
 792 0402 01        		.uleb128 0x1
 793 0403 66        		.byte	0x66
 794 0404 00        		.byte	0
 795 0405 00        		.byte	0
 796 0406 07        		.uleb128 0x7
 797 0407 02        		.byte	0x2
 798 0408 0C04 0000 		.long	0x40c
 799 040c 03        		.uleb128 0x3
 800 040d 04        		.byte	0x4
 801 040e 04        		.byte	0x4
 802 040f 0000 0000 		.long	.LASF27
 803 0413 0F        		.uleb128 0xf
 804 0414 01        		.byte	0x1
 805 0415 0000 0000 		.long	.LASF32
 806 0419 03        		.byte	0x3
 807 041a 41        		.byte	0x41
 808 041b 01        		.byte	0x1
GAS LISTING /var/folders/7l/9pmsqbq54pd4f14gcz60xhbh0000gn/T//ccedeTIo.s 			page 16


 809 041c 5400 0000 		.long	0x54
 810 0420 01        		.byte	0x1
 811 0421 10        		.uleb128 0x10
 812 0422 5001 0000 		.long	0x150
 813 0426 10        		.uleb128 0x10
 814 0427 4200 0000 		.long	0x42
 815 042b 00        		.byte	0
 816 042c 00        		.byte	0
 817               		.section	.debug_abbrev,"",@progbits
 818               	.Ldebug_abbrev0:
 819 0000 01        		.uleb128 0x1
 820 0001 11        		.uleb128 0x11
 821 0002 01        		.byte	0x1
 822 0003 25        		.uleb128 0x25
 823 0004 0E        		.uleb128 0xe
 824 0005 13        		.uleb128 0x13
 825 0006 0B        		.uleb128 0xb
 826 0007 03        		.uleb128 0x3
 827 0008 0E        		.uleb128 0xe
 828 0009 1B        		.uleb128 0x1b
 829 000a 0E        		.uleb128 0xe
 830 000b 11        		.uleb128 0x11
 831 000c 01        		.uleb128 0x1
 832 000d 12        		.uleb128 0x12
 833 000e 01        		.uleb128 0x1
 834 000f 10        		.uleb128 0x10
 835 0010 06        		.uleb128 0x6
 836 0011 00        		.byte	0
 837 0012 00        		.byte	0
 838 0013 02        		.uleb128 0x2
 839 0014 16        		.uleb128 0x16
 840 0015 00        		.byte	0
 841 0016 03        		.uleb128 0x3
 842 0017 0E        		.uleb128 0xe
 843 0018 3A        		.uleb128 0x3a
 844 0019 0B        		.uleb128 0xb
 845 001a 3B        		.uleb128 0x3b
 846 001b 0B        		.uleb128 0xb
 847 001c 49        		.uleb128 0x49
 848 001d 13        		.uleb128 0x13
 849 001e 00        		.byte	0
 850 001f 00        		.byte	0
 851 0020 03        		.uleb128 0x3
 852 0021 24        		.uleb128 0x24
 853 0022 00        		.byte	0
 854 0023 0B        		.uleb128 0xb
 855 0024 0B        		.uleb128 0xb
 856 0025 3E        		.uleb128 0x3e
 857 0026 0B        		.uleb128 0xb
 858 0027 03        		.uleb128 0x3
 859 0028 0E        		.uleb128 0xe
 860 0029 00        		.byte	0
 861 002a 00        		.byte	0
 862 002b 04        		.uleb128 0x4
 863 002c 24        		.uleb128 0x24
 864 002d 00        		.byte	0
 865 002e 0B        		.uleb128 0xb
GAS LISTING /var/folders/7l/9pmsqbq54pd4f14gcz60xhbh0000gn/T//ccedeTIo.s 			page 17


 866 002f 0B        		.uleb128 0xb
 867 0030 3E        		.uleb128 0x3e
 868 0031 0B        		.uleb128 0xb
 869 0032 03        		.uleb128 0x3
 870 0033 08        		.uleb128 0x8
 871 0034 00        		.byte	0
 872 0035 00        		.byte	0
 873 0036 05        		.uleb128 0x5
 874 0037 13        		.uleb128 0x13
 875 0038 01        		.byte	0x1
 876 0039 03        		.uleb128 0x3
 877 003a 0E        		.uleb128 0xe
 878 003b 0B        		.uleb128 0xb
 879 003c 0B        		.uleb128 0xb
 880 003d 3A        		.uleb128 0x3a
 881 003e 0B        		.uleb128 0xb
 882 003f 3B        		.uleb128 0x3b
 883 0040 0B        		.uleb128 0xb
 884 0041 01        		.uleb128 0x1
 885 0042 13        		.uleb128 0x13
 886 0043 00        		.byte	0
 887 0044 00        		.byte	0
 888 0045 06        		.uleb128 0x6
 889 0046 0D        		.uleb128 0xd
 890 0047 00        		.byte	0
 891 0048 03        		.uleb128 0x3
 892 0049 0E        		.uleb128 0xe
 893 004a 3A        		.uleb128 0x3a
 894 004b 0B        		.uleb128 0xb
 895 004c 3B        		.uleb128 0x3b
 896 004d 0B        		.uleb128 0xb
 897 004e 49        		.uleb128 0x49
 898 004f 13        		.uleb128 0x13
 899 0050 38        		.uleb128 0x38
 900 0051 0A        		.uleb128 0xa
 901 0052 00        		.byte	0
 902 0053 00        		.byte	0
 903 0054 07        		.uleb128 0x7
 904 0055 0F        		.uleb128 0xf
 905 0056 00        		.byte	0
 906 0057 0B        		.uleb128 0xb
 907 0058 0B        		.uleb128 0xb
 908 0059 49        		.uleb128 0x49
 909 005a 13        		.uleb128 0x13
 910 005b 00        		.byte	0
 911 005c 00        		.byte	0
 912 005d 08        		.uleb128 0x8
 913 005e 2E        		.uleb128 0x2e
 914 005f 01        		.byte	0x1
 915 0060 3F        		.uleb128 0x3f
 916 0061 0C        		.uleb128 0xc
 917 0062 03        		.uleb128 0x3
 918 0063 0E        		.uleb128 0xe
 919 0064 3A        		.uleb128 0x3a
 920 0065 0B        		.uleb128 0xb
 921 0066 3B        		.uleb128 0x3b
 922 0067 0B        		.uleb128 0xb
GAS LISTING /var/folders/7l/9pmsqbq54pd4f14gcz60xhbh0000gn/T//ccedeTIo.s 			page 18


 923 0068 27        		.uleb128 0x27
 924 0069 0C        		.uleb128 0xc
 925 006a 49        		.uleb128 0x49
 926 006b 13        		.uleb128 0x13
 927 006c 11        		.uleb128 0x11
 928 006d 01        		.uleb128 0x1
 929 006e 12        		.uleb128 0x12
 930 006f 01        		.uleb128 0x1
 931 0070 40        		.uleb128 0x40
 932 0071 0A        		.uleb128 0xa
 933 0072 9742      		.uleb128 0x2117
 934 0074 0C        		.uleb128 0xc
 935 0075 01        		.uleb128 0x1
 936 0076 13        		.uleb128 0x13
 937 0077 00        		.byte	0
 938 0078 00        		.byte	0
 939 0079 09        		.uleb128 0x9
 940 007a 05        		.uleb128 0x5
 941 007b 00        		.byte	0
 942 007c 03        		.uleb128 0x3
 943 007d 0E        		.uleb128 0xe
 944 007e 3A        		.uleb128 0x3a
 945 007f 0B        		.uleb128 0xb
 946 0080 3B        		.uleb128 0x3b
 947 0081 0B        		.uleb128 0xb
 948 0082 49        		.uleb128 0x49
 949 0083 13        		.uleb128 0x13
 950 0084 02        		.uleb128 0x2
 951 0085 06        		.uleb128 0x6
 952 0086 00        		.byte	0
 953 0087 00        		.byte	0
 954 0088 0A        		.uleb128 0xa
 955 0089 05        		.uleb128 0x5
 956 008a 00        		.byte	0
 957 008b 03        		.uleb128 0x3
 958 008c 08        		.uleb128 0x8
 959 008d 3A        		.uleb128 0x3a
 960 008e 0B        		.uleb128 0xb
 961 008f 3B        		.uleb128 0x3b
 962 0090 0B        		.uleb128 0xb
 963 0091 49        		.uleb128 0x49
 964 0092 13        		.uleb128 0x13
 965 0093 02        		.uleb128 0x2
 966 0094 06        		.uleb128 0x6
 967 0095 00        		.byte	0
 968 0096 00        		.byte	0
 969 0097 0B        		.uleb128 0xb
 970 0098 8982 01   		.uleb128 0x4109
 971 009b 01        		.byte	0x1
 972 009c 11        		.uleb128 0x11
 973 009d 01        		.uleb128 0x1
 974 009e 9542      		.uleb128 0x2115
 975 00a0 0C        		.uleb128 0xc
 976 00a1 31        		.uleb128 0x31
 977 00a2 13        		.uleb128 0x13
 978 00a3 00        		.byte	0
 979 00a4 00        		.byte	0
GAS LISTING /var/folders/7l/9pmsqbq54pd4f14gcz60xhbh0000gn/T//ccedeTIo.s 			page 19


 980 00a5 0C        		.uleb128 0xc
 981 00a6 8A82 01   		.uleb128 0x410a
 982 00a9 00        		.byte	0
 983 00aa 02        		.uleb128 0x2
 984 00ab 0A        		.uleb128 0xa
 985 00ac 9142      		.uleb128 0x2111
 986 00ae 0A        		.uleb128 0xa
 987 00af 00        		.byte	0
 988 00b0 00        		.byte	0
 989 00b1 0D        		.uleb128 0xd
 990 00b2 2E        		.uleb128 0x2e
 991 00b3 01        		.byte	0x1
 992 00b4 3F        		.uleb128 0x3f
 993 00b5 0C        		.uleb128 0xc
 994 00b6 03        		.uleb128 0x3
 995 00b7 0E        		.uleb128 0xe
 996 00b8 3A        		.uleb128 0x3a
 997 00b9 0B        		.uleb128 0xb
 998 00ba 3B        		.uleb128 0x3b
 999 00bb 0B        		.uleb128 0xb
 1000 00bc 27        		.uleb128 0x27
 1001 00bd 0C        		.uleb128 0xc
 1002 00be 49        		.uleb128 0x49
 1003 00bf 13        		.uleb128 0x13
 1004 00c0 11        		.uleb128 0x11
 1005 00c1 01        		.uleb128 0x1
 1006 00c2 12        		.uleb128 0x12
 1007 00c3 01        		.uleb128 0x1
 1008 00c4 40        		.uleb128 0x40
 1009 00c5 06        		.uleb128 0x6
 1010 00c6 9742      		.uleb128 0x2117
 1011 00c8 0C        		.uleb128 0xc
 1012 00c9 01        		.uleb128 0x1
 1013 00ca 13        		.uleb128 0x13
 1014 00cb 00        		.byte	0
 1015 00cc 00        		.byte	0
 1016 00cd 0E        		.uleb128 0xe
 1017 00ce 8982 01   		.uleb128 0x4109
 1018 00d1 01        		.byte	0x1
 1019 00d2 11        		.uleb128 0x11
 1020 00d3 01        		.uleb128 0x1
 1021 00d4 31        		.uleb128 0x31
 1022 00d5 13        		.uleb128 0x13
 1023 00d6 01        		.uleb128 0x1
 1024 00d7 13        		.uleb128 0x13
 1025 00d8 00        		.byte	0
 1026 00d9 00        		.byte	0
 1027 00da 0F        		.uleb128 0xf
 1028 00db 2E        		.uleb128 0x2e
 1029 00dc 01        		.byte	0x1
 1030 00dd 3F        		.uleb128 0x3f
 1031 00de 0C        		.uleb128 0xc
 1032 00df 03        		.uleb128 0x3
 1033 00e0 0E        		.uleb128 0xe
 1034 00e1 3A        		.uleb128 0x3a
 1035 00e2 0B        		.uleb128 0xb
 1036 00e3 3B        		.uleb128 0x3b
GAS LISTING /var/folders/7l/9pmsqbq54pd4f14gcz60xhbh0000gn/T//ccedeTIo.s 			page 20


 1037 00e4 0B        		.uleb128 0xb
 1038 00e5 27        		.uleb128 0x27
 1039 00e6 0C        		.uleb128 0xc
 1040 00e7 49        		.uleb128 0x49
 1041 00e8 13        		.uleb128 0x13
 1042 00e9 3C        		.uleb128 0x3c
 1043 00ea 0C        		.uleb128 0xc
 1044 00eb 00        		.byte	0
 1045 00ec 00        		.byte	0
 1046 00ed 10        		.uleb128 0x10
 1047 00ee 05        		.uleb128 0x5
 1048 00ef 00        		.byte	0
 1049 00f0 49        		.uleb128 0x49
 1050 00f1 13        		.uleb128 0x13
 1051 00f2 00        		.byte	0
 1052 00f3 00        		.byte	0
 1053 00f4 00        		.byte	0
 1054               		.section	.debug_loc,"",@progbits
 1055               	.Ldebug_loc0:
 1056               	.LLST0:
 1057 0000 0000 0000 		.long	.LVL0-.Ltext0
 1058 0004 0700 0000 		.long	.LVL2-1-.Ltext0
 1059 0008 0600      		.word	0x6
 1060 000a 68        		.byte	0x68
 1061 000b 93        		.byte	0x93
 1062 000c 01        		.uleb128 0x1
 1063 000d 69        		.byte	0x69
 1064 000e 93        		.byte	0x93
 1065 000f 01        		.uleb128 0x1
 1066 0010 0700 0000 		.long	.LVL2-1-.Ltext0
 1067 0014 0800 0000 		.long	.LFE0-.Ltext0
 1068 0018 0400      		.word	0x4
 1069 001a F3        		.byte	0xf3
 1070 001b 01        		.uleb128 0x1
 1071 001c 68        		.byte	0x68
 1072 001d 9F        		.byte	0x9f
 1073 001e 0000 0000 		.long	0
 1074 0022 0000 0000 		.long	0
 1075               	.LLST1:
 1076 0026 0000 0000 		.long	.LVL0-.Ltext0
 1077 002a 0400 0000 		.long	.LVL1-.Ltext0
 1078 002e 0600      		.word	0x6
 1079 0030 66        		.byte	0x66
 1080 0031 93        		.byte	0x93
 1081 0032 01        		.uleb128 0x1
 1082 0033 67        		.byte	0x67
 1083 0034 93        		.byte	0x93
 1084 0035 01        		.uleb128 0x1
 1085 0036 0400 0000 		.long	.LVL1-.Ltext0
 1086 003a 0700 0000 		.long	.LVL2-1-.Ltext0
 1087 003e 0600      		.word	0x6
 1088 0040 6E        		.byte	0x6e
 1089 0041 93        		.byte	0x93
 1090 0042 01        		.uleb128 0x1
 1091 0043 6F        		.byte	0x6f
 1092 0044 93        		.byte	0x93
 1093 0045 01        		.uleb128 0x1
GAS LISTING /var/folders/7l/9pmsqbq54pd4f14gcz60xhbh0000gn/T//ccedeTIo.s 			page 21


 1094 0046 0700 0000 		.long	.LVL2-1-.Ltext0
 1095 004a 0800 0000 		.long	.LFE0-.Ltext0
 1096 004e 0400      		.word	0x4
 1097 0050 F3        		.byte	0xf3
 1098 0051 01        		.uleb128 0x1
 1099 0052 66        		.byte	0x66
 1100 0053 9F        		.byte	0x9f
 1101 0054 0000 0000 		.long	0
 1102 0058 0000 0000 		.long	0
 1103               	.LLST2:
 1104 005c 0800 0000 		.long	.LFB1-.Ltext0
 1105 0060 0A00 0000 		.long	.LCFI0-.Ltext0
 1106 0064 0300      		.word	0x3
 1107 0066 92        		.byte	0x92
 1108 0067 20        		.uleb128 0x20
 1109 0068 02        		.sleb128 2
 1110 0069 0A00 0000 		.long	.LCFI0-.Ltext0
 1111 006d 0C00 0000 		.long	.LCFI1-.Ltext0
 1112 0071 0300      		.word	0x3
 1113 0073 92        		.byte	0x92
 1114 0074 20        		.uleb128 0x20
 1115 0075 03        		.sleb128 3
 1116 0076 0C00 0000 		.long	.LCFI1-.Ltext0
 1117 007a 0E00 0000 		.long	.LCFI2-.Ltext0
 1118 007e 0300      		.word	0x3
 1119 0080 92        		.byte	0x92
 1120 0081 20        		.uleb128 0x20
 1121 0082 04        		.sleb128 4
 1122 0083 0E00 0000 		.long	.LCFI2-.Ltext0
 1123 0087 1000 0000 		.long	.LCFI3-.Ltext0
 1124 008b 0300      		.word	0x3
 1125 008d 92        		.byte	0x92
 1126 008e 20        		.uleb128 0x20
 1127 008f 05        		.sleb128 5
 1128 0090 1000 0000 		.long	.LCFI3-.Ltext0
 1129 0094 2A00 0000 		.long	.LFE1-.Ltext0
 1130 0098 0300      		.word	0x3
 1131 009a 92        		.byte	0x92
 1132 009b 20        		.uleb128 0x20
 1133 009c 06        		.sleb128 6
 1134 009d 0000 0000 		.long	0
 1135 00a1 0000 0000 		.long	0
 1136               	.LLST3:
 1137 00a5 0800 0000 		.long	.LVL3-.Ltext0
 1138 00a9 1900 0000 		.long	.LVL5-1-.Ltext0
 1139 00ad 0600      		.word	0x6
 1140 00af 68        		.byte	0x68
 1141 00b0 93        		.byte	0x93
 1142 00b1 01        		.uleb128 0x1
 1143 00b2 69        		.byte	0x69
 1144 00b3 93        		.byte	0x93
 1145 00b4 01        		.uleb128 0x1
 1146 00b5 1900 0000 		.long	.LVL5-1-.Ltext0
 1147 00b9 2600 0000 		.long	.LVL7-.Ltext0
 1148 00bd 0600      		.word	0x6
 1149 00bf 60        		.byte	0x60
 1150 00c0 93        		.byte	0x93
GAS LISTING /var/folders/7l/9pmsqbq54pd4f14gcz60xhbh0000gn/T//ccedeTIo.s 			page 22


 1151 00c1 01        		.uleb128 0x1
 1152 00c2 61        		.byte	0x61
 1153 00c3 93        		.byte	0x93
 1154 00c4 01        		.uleb128 0x1
 1155 00c5 2600 0000 		.long	.LVL7-.Ltext0
 1156 00c9 2900 0000 		.long	.LVL8-1-.Ltext0
 1157 00cd 0600      		.word	0x6
 1158 00cf 68        		.byte	0x68
 1159 00d0 93        		.byte	0x93
 1160 00d1 01        		.uleb128 0x1
 1161 00d2 69        		.byte	0x69
 1162 00d3 93        		.byte	0x93
 1163 00d4 01        		.uleb128 0x1
 1164 00d5 2900 0000 		.long	.LVL8-1-.Ltext0
 1165 00d9 2A00 0000 		.long	.LFE1-.Ltext0
 1166 00dd 0400      		.word	0x4
 1167 00df F3        		.byte	0xf3
 1168 00e0 01        		.uleb128 0x1
 1169 00e1 68        		.byte	0x68
 1170 00e2 9F        		.byte	0x9f
 1171 00e3 0000 0000 		.long	0
 1172 00e7 0000 0000 		.long	0
 1173               	.LLST4:
 1174 00eb 0800 0000 		.long	.LVL3-.Ltext0
 1175 00ef 1600 0000 		.long	.LVL4-.Ltext0
 1176 00f3 0600      		.word	0x6
 1177 00f5 66        		.byte	0x66
 1178 00f6 93        		.byte	0x93
 1179 00f7 01        		.uleb128 0x1
 1180 00f8 67        		.byte	0x67
 1181 00f9 93        		.byte	0x93
 1182 00fa 01        		.uleb128 0x1
 1183 00fb 1600 0000 		.long	.LVL4-.Ltext0
 1184 00ff 2200 0000 		.long	.LVL6-.Ltext0
 1185 0103 0600      		.word	0x6
 1186 0105 6C        		.byte	0x6c
 1187 0106 93        		.byte	0x93
 1188 0107 01        		.uleb128 0x1
 1189 0108 6D        		.byte	0x6d
 1190 0109 93        		.byte	0x93
 1191 010a 01        		.uleb128 0x1
 1192 010b 2200 0000 		.long	.LVL6-.Ltext0
 1193 010f 2A00 0000 		.long	.LFE1-.Ltext0
 1194 0113 0400      		.word	0x4
 1195 0115 F3        		.byte	0xf3
 1196 0116 01        		.uleb128 0x1
 1197 0117 66        		.byte	0x66
 1198 0118 9F        		.byte	0x9f
 1199 0119 0000 0000 		.long	0
 1200 011d 0000 0000 		.long	0
 1201               	.LLST5:
 1202 0121 2A00 0000 		.long	.LFB2-.Ltext0
 1203 0125 2C00 0000 		.long	.LCFI4-.Ltext0
 1204 0129 0300      		.word	0x3
 1205 012b 92        		.byte	0x92
 1206 012c 20        		.uleb128 0x20
 1207 012d 02        		.sleb128 2
GAS LISTING /var/folders/7l/9pmsqbq54pd4f14gcz60xhbh0000gn/T//ccedeTIo.s 			page 23


 1208 012e 2C00 0000 		.long	.LCFI4-.Ltext0
 1209 0132 2E00 0000 		.long	.LCFI5-.Ltext0
 1210 0136 0300      		.word	0x3
 1211 0138 92        		.byte	0x92
 1212 0139 20        		.uleb128 0x20
 1213 013a 03        		.sleb128 3
 1214 013b 2E00 0000 		.long	.LCFI5-.Ltext0
 1215 013f 3000 0000 		.long	.LCFI6-.Ltext0
 1216 0143 0300      		.word	0x3
 1217 0145 92        		.byte	0x92
 1218 0146 20        		.uleb128 0x20
 1219 0147 04        		.sleb128 4
 1220 0148 3000 0000 		.long	.LCFI6-.Ltext0
 1221 014c 3200 0000 		.long	.LCFI7-.Ltext0
 1222 0150 0300      		.word	0x3
 1223 0152 92        		.byte	0x92
 1224 0153 20        		.uleb128 0x20
 1225 0154 05        		.sleb128 5
 1226 0155 3200 0000 		.long	.LCFI7-.Ltext0
 1227 0159 7400 0000 		.long	.LFE2-.Ltext0
 1228 015d 0300      		.word	0x3
 1229 015f 92        		.byte	0x92
 1230 0160 20        		.uleb128 0x20
 1231 0161 06        		.sleb128 6
 1232 0162 0000 0000 		.long	0
 1233 0166 0000 0000 		.long	0
 1234               	.LLST6:
 1235 016a 2A00 0000 		.long	.LVL9-.Ltext0
 1236 016e 4000 0000 		.long	.LVL10-.Ltext0
 1237 0172 0600      		.word	0x6
 1238 0174 68        		.byte	0x68
 1239 0175 93        		.byte	0x93
 1240 0176 01        		.uleb128 0x1
 1241 0177 69        		.byte	0x69
 1242 0178 93        		.byte	0x93
 1243 0179 01        		.uleb128 0x1
 1244 017a 4000 0000 		.long	.LVL10-.Ltext0
 1245 017e 6C00 0000 		.long	.LVL15-.Ltext0
 1246 0182 0600      		.word	0x6
 1247 0184 6C        		.byte	0x6c
 1248 0185 93        		.byte	0x93
 1249 0186 01        		.uleb128 0x1
 1250 0187 6D        		.byte	0x6d
 1251 0188 93        		.byte	0x93
 1252 0189 01        		.uleb128 0x1
 1253 018a 6C00 0000 		.long	.LVL15-.Ltext0
 1254 018e 7300 0000 		.long	.LVL17-1-.Ltext0
 1255 0192 0600      		.word	0x6
 1256 0194 68        		.byte	0x68
 1257 0195 93        		.byte	0x93
 1258 0196 01        		.uleb128 0x1
 1259 0197 69        		.byte	0x69
 1260 0198 93        		.byte	0x93
 1261 0199 01        		.uleb128 0x1
 1262 019a 7300 0000 		.long	.LVL17-1-.Ltext0
 1263 019e 7400 0000 		.long	.LFE2-.Ltext0
 1264 01a2 0400      		.word	0x4
GAS LISTING /var/folders/7l/9pmsqbq54pd4f14gcz60xhbh0000gn/T//ccedeTIo.s 			page 24


 1265 01a4 F3        		.byte	0xf3
 1266 01a5 01        		.uleb128 0x1
 1267 01a6 68        		.byte	0x68
 1268 01a7 9F        		.byte	0x9f
 1269 01a8 0000 0000 		.long	0
 1270 01ac 0000 0000 		.long	0
 1271               	.LLST7:
 1272 01b0 2A00 0000 		.long	.LVL9-.Ltext0
 1273 01b4 4800 0000 		.long	.LVL11-.Ltext0
 1274 01b8 0600      		.word	0x6
 1275 01ba 66        		.byte	0x66
 1276 01bb 93        		.byte	0x93
 1277 01bc 01        		.uleb128 0x1
 1278 01bd 67        		.byte	0x67
 1279 01be 93        		.byte	0x93
 1280 01bf 01        		.uleb128 0x1
 1281 01c0 4800 0000 		.long	.LVL11-.Ltext0
 1282 01c4 7000 0000 		.long	.LVL16-.Ltext0
 1283 01c8 0600      		.word	0x6
 1284 01ca 60        		.byte	0x60
 1285 01cb 93        		.byte	0x93
 1286 01cc 01        		.uleb128 0x1
 1287 01cd 61        		.byte	0x61
 1288 01ce 93        		.byte	0x93
 1289 01cf 01        		.uleb128 0x1
 1290 01d0 7000 0000 		.long	.LVL16-.Ltext0
 1291 01d4 7300 0000 		.long	.LVL17-1-.Ltext0
 1292 01d8 0600      		.word	0x6
 1293 01da 6E        		.byte	0x6e
 1294 01db 93        		.byte	0x93
 1295 01dc 01        		.uleb128 0x1
 1296 01dd 6F        		.byte	0x6f
 1297 01de 93        		.byte	0x93
 1298 01df 01        		.uleb128 0x1
 1299 01e0 7300 0000 		.long	.LVL17-1-.Ltext0
 1300 01e4 7400 0000 		.long	.LFE2-.Ltext0
 1301 01e8 0400      		.word	0x4
 1302 01ea F3        		.byte	0xf3
 1303 01eb 01        		.uleb128 0x1
 1304 01ec 66        		.byte	0x66
 1305 01ed 9F        		.byte	0x9f
 1306 01ee 0000 0000 		.long	0
 1307 01f2 0000 0000 		.long	0
 1308               	.LLST8:
 1309 01f6 7400 0000 		.long	.LVL18-.Ltext0
 1310 01fa 7700 0000 		.long	.LVL19-1-.Ltext0
 1311 01fe 0600      		.word	0x6
 1312 0200 68        		.byte	0x68
 1313 0201 93        		.byte	0x93
 1314 0202 01        		.uleb128 0x1
 1315 0203 69        		.byte	0x69
 1316 0204 93        		.byte	0x93
 1317 0205 01        		.uleb128 0x1
 1318 0206 7700 0000 		.long	.LVL19-1-.Ltext0
 1319 020a 7800 0000 		.long	.LFE3-.Ltext0
 1320 020e 0400      		.word	0x4
 1321 0210 F3        		.byte	0xf3
GAS LISTING /var/folders/7l/9pmsqbq54pd4f14gcz60xhbh0000gn/T//ccedeTIo.s 			page 25


 1322 0211 01        		.uleb128 0x1
 1323 0212 68        		.byte	0x68
 1324 0213 9F        		.byte	0x9f
 1325 0214 0000 0000 		.long	0
 1326 0218 0000 0000 		.long	0
 1327               	.LLST9:
 1328 021c 7400 0000 		.long	.LVL18-.Ltext0
 1329 0220 7700 0000 		.long	.LVL19-1-.Ltext0
 1330 0224 0600      		.word	0x6
 1331 0226 66        		.byte	0x66
 1332 0227 93        		.byte	0x93
 1333 0228 01        		.uleb128 0x1
 1334 0229 67        		.byte	0x67
 1335 022a 93        		.byte	0x93
 1336 022b 01        		.uleb128 0x1
 1337 022c 7700 0000 		.long	.LVL19-1-.Ltext0
 1338 0230 7800 0000 		.long	.LFE3-.Ltext0
 1339 0234 0400      		.word	0x4
 1340 0236 F3        		.byte	0xf3
 1341 0237 01        		.uleb128 0x1
 1342 0238 66        		.byte	0x66
 1343 0239 9F        		.byte	0x9f
 1344 023a 0000 0000 		.long	0
 1345 023e 0000 0000 		.long	0
 1346               	.LLST10:
 1347 0242 7800 0000 		.long	.LVL20-.Ltext0
 1348 0246 7B00 0000 		.long	.LVL21-1-.Ltext0
 1349 024a 0600      		.word	0x6
 1350 024c 68        		.byte	0x68
 1351 024d 93        		.byte	0x93
 1352 024e 01        		.uleb128 0x1
 1353 024f 69        		.byte	0x69
 1354 0250 93        		.byte	0x93
 1355 0251 01        		.uleb128 0x1
 1356 0252 7B00 0000 		.long	.LVL21-1-.Ltext0
 1357 0256 7C00 0000 		.long	.LFE4-.Ltext0
 1358 025a 0400      		.word	0x4
 1359 025c F3        		.byte	0xf3
 1360 025d 01        		.uleb128 0x1
 1361 025e 68        		.byte	0x68
 1362 025f 9F        		.byte	0x9f
 1363 0260 0000 0000 		.long	0
 1364 0264 0000 0000 		.long	0
 1365               	.LLST11:
 1366 0268 7800 0000 		.long	.LVL20-.Ltext0
 1367 026c 7B00 0000 		.long	.LVL21-1-.Ltext0
 1368 0270 0600      		.word	0x6
 1369 0272 66        		.byte	0x66
 1370 0273 93        		.byte	0x93
 1371 0274 01        		.uleb128 0x1
 1372 0275 67        		.byte	0x67
 1373 0276 93        		.byte	0x93
 1374 0277 01        		.uleb128 0x1
 1375 0278 7B00 0000 		.long	.LVL21-1-.Ltext0
 1376 027c 7C00 0000 		.long	.LFE4-.Ltext0
 1377 0280 0400      		.word	0x4
 1378 0282 F3        		.byte	0xf3
GAS LISTING /var/folders/7l/9pmsqbq54pd4f14gcz60xhbh0000gn/T//ccedeTIo.s 			page 26


 1379 0283 01        		.uleb128 0x1
 1380 0284 66        		.byte	0x66
 1381 0285 9F        		.byte	0x9f
 1382 0286 0000 0000 		.long	0
 1383 028a 0000 0000 		.long	0
 1384               	.LLST12:
 1385 028e 7C00 0000 		.long	.LVL22-.Ltext0
 1386 0292 7F00 0000 		.long	.LVL23-1-.Ltext0
 1387 0296 0600      		.word	0x6
 1388 0298 68        		.byte	0x68
 1389 0299 93        		.byte	0x93
 1390 029a 01        		.uleb128 0x1
 1391 029b 69        		.byte	0x69
 1392 029c 93        		.byte	0x93
 1393 029d 01        		.uleb128 0x1
 1394 029e 7F00 0000 		.long	.LVL23-1-.Ltext0
 1395 02a2 8000 0000 		.long	.LFE5-.Ltext0
 1396 02a6 0400      		.word	0x4
 1397 02a8 F3        		.byte	0xf3
 1398 02a9 01        		.uleb128 0x1
 1399 02aa 68        		.byte	0x68
 1400 02ab 9F        		.byte	0x9f
 1401 02ac 0000 0000 		.long	0
 1402 02b0 0000 0000 		.long	0
 1403               	.LLST13:
 1404 02b4 7C00 0000 		.long	.LVL22-.Ltext0
 1405 02b8 7F00 0000 		.long	.LVL23-1-.Ltext0
 1406 02bc 0600      		.word	0x6
 1407 02be 66        		.byte	0x66
 1408 02bf 93        		.byte	0x93
 1409 02c0 01        		.uleb128 0x1
 1410 02c1 67        		.byte	0x67
 1411 02c2 93        		.byte	0x93
 1412 02c3 01        		.uleb128 0x1
 1413 02c4 7F00 0000 		.long	.LVL23-1-.Ltext0
 1414 02c8 8000 0000 		.long	.LFE5-.Ltext0
 1415 02cc 0400      		.word	0x4
 1416 02ce F3        		.byte	0xf3
 1417 02cf 01        		.uleb128 0x1
 1418 02d0 66        		.byte	0x66
 1419 02d1 9F        		.byte	0x9f
 1420 02d2 0000 0000 		.long	0
 1421 02d6 0000 0000 		.long	0
 1422               	.LLST14:
 1423 02da 8000 0000 		.long	.LVL24-.Ltext0
 1424 02de 8300 0000 		.long	.LVL25-1-.Ltext0
 1425 02e2 0600      		.word	0x6
 1426 02e4 68        		.byte	0x68
 1427 02e5 93        		.byte	0x93
 1428 02e6 01        		.uleb128 0x1
 1429 02e7 69        		.byte	0x69
 1430 02e8 93        		.byte	0x93
 1431 02e9 01        		.uleb128 0x1
 1432 02ea 8300 0000 		.long	.LVL25-1-.Ltext0
 1433 02ee 8400 0000 		.long	.LFE6-.Ltext0
 1434 02f2 0400      		.word	0x4
 1435 02f4 F3        		.byte	0xf3
GAS LISTING /var/folders/7l/9pmsqbq54pd4f14gcz60xhbh0000gn/T//ccedeTIo.s 			page 27


 1436 02f5 01        		.uleb128 0x1
 1437 02f6 68        		.byte	0x68
 1438 02f7 9F        		.byte	0x9f
 1439 02f8 0000 0000 		.long	0
 1440 02fc 0000 0000 		.long	0
 1441               	.LLST15:
 1442 0300 8000 0000 		.long	.LVL24-.Ltext0
 1443 0304 8300 0000 		.long	.LVL25-1-.Ltext0
 1444 0308 0600      		.word	0x6
 1445 030a 66        		.byte	0x66
 1446 030b 93        		.byte	0x93
 1447 030c 01        		.uleb128 0x1
 1448 030d 67        		.byte	0x67
 1449 030e 93        		.byte	0x93
 1450 030f 01        		.uleb128 0x1
 1451 0310 8300 0000 		.long	.LVL25-1-.Ltext0
 1452 0314 8400 0000 		.long	.LFE6-.Ltext0
 1453 0318 0400      		.word	0x4
 1454 031a F3        		.byte	0xf3
 1455 031b 01        		.uleb128 0x1
 1456 031c 66        		.byte	0x66
 1457 031d 9F        		.byte	0x9f
 1458 031e 0000 0000 		.long	0
 1459 0322 0000 0000 		.long	0
 1460               		.section	.debug_aranges,"",@progbits
 1461 0000 1C00 0000 		.long	0x1c
 1462 0004 0200      		.word	0x2
 1463 0006 0000 0000 		.long	.Ldebug_info0
 1464 000a 04        		.byte	0x4
 1465 000b 00        		.byte	0
 1466 000c 0000      		.word	0
 1467 000e 0000      		.word	0
 1468 0010 0000 0000 		.long	.Ltext0
 1469 0014 8400 0000 		.long	.Letext0-.Ltext0
 1470 0018 0000 0000 		.long	0
 1471 001c 0000 0000 		.long	0
 1472               		.section	.debug_line,"",@progbits
 1473               	.Ldebug_line0:
 1474 0000 AA00 0000 		.section	.debug_str,"MS",@progbits,1
 1474      0200 8000 
 1474      0000 0201 
 1474      FB0E 0A00 
 1474      0101 0101 
 1475               	.LASF24:
 1476 0000 7365 7269 		.string	"serialize_int16"
 1476      616C 697A 
 1476      655F 696E 
 1476      7431 3600 
 1477               	.LASF25:
 1478 0010 7365 7269 		.string	"serialize_int32"
 1478      616C 697A 
 1478      655F 696E 
 1478      7433 3200 
 1479               	.LASF0:
 1480 0020 696E 7438 		.string	"int8_t"
 1480      5F74 00
 1481               	.LASF32:
GAS LISTING /var/folders/7l/9pmsqbq54pd4f14gcz60xhbh0000gn/T//ccedeTIo.s 			page 28


 1482 0027 6275 6666 		.string	"bufferAddToEnd"
 1482      6572 4164 
 1482      6454 6F45 
 1482      6E64 00
 1483               	.LASF27:
 1484 0036 666C 6F61 		.string	"float"
 1484      7400 
 1485               	.LASF3:
 1486 003c 756E 7369 		.string	"unsigned char"
 1486      676E 6564 
 1486      2063 6861 
 1486      7200 
 1487               	.LASF20:
 1488 004a 7365 7269 		.string	"serialize_uint8"
 1488      616C 697A 
 1488      655F 7569 
 1488      6E74 3800 
 1489               	.LASF29:
 1490 005a 7365 7269 		.string	"serialize.c"
 1490      616C 697A 
 1490      652E 6300 
 1491               	.LASF10:
 1492 0066 6C6F 6E67 		.string	"long unsigned int"
 1492      2075 6E73 
 1492      6967 6E65 
 1492      6420 696E 
 1492      7400 
 1493               	.LASF17:
 1494 0078 7368 6F72 		.string	"short unsigned int"
 1494      7420 756E 
 1494      7369 676E 
 1494      6564 2069 
 1494      6E74 00
 1495               	.LASF13:
 1496 008b 6461 7461 		.string	"dataptr"
 1496      7074 7200 
 1497               	.LASF30:
 1498 0093 2F55 7365 		.string	"/Users/jonny/Documents/KiCadProjects/rocket_ejection/firmware"
 1498      7273 2F6A 
 1498      6F6E 6E79 
 1498      2F44 6F63 
 1498      756D 656E 
 1499               	.LASF18:
 1500 00d1 6342 7566 		.string	"cBuffer"
 1500      6665 7200 
 1501               	.LASF6:
 1502 00d9 756E 7369 		.string	"unsigned int"
 1502      676E 6564 
 1502      2069 6E74 
 1502      00
 1503               	.LASF26:
 1504 00e6 7365 7269 		.string	"serialize_float32"
 1504      616C 697A 
 1504      655F 666C 
 1504      6F61 7433 
 1504      3200 
 1505               	.LASF12:
GAS LISTING /var/folders/7l/9pmsqbq54pd4f14gcz60xhbh0000gn/T//ccedeTIo.s 			page 29


 1506 00f8 6C6F 6E67 		.string	"long long unsigned int"
 1506      206C 6F6E 
 1506      6720 756E 
 1506      7369 676E 
 1506      6564 2069 
 1507               	.LASF1:
 1508 010f 7569 6E74 		.string	"uint8_t"
 1508      385F 7400 
 1509               	.LASF4:
 1510 0117 696E 7431 		.string	"int16_t"
 1510      365F 7400 
 1511               	.LASF7:
 1512 011f 696E 7433 		.string	"int32_t"
 1512      325F 7400 
 1513               	.LASF15:
 1514 0127 6461 7461 		.string	"datalength"
 1514      6C65 6E67 
 1514      7468 00
 1515               	.LASF11:
 1516 0132 6C6F 6E67 		.string	"long long int"
 1516      206C 6F6E 
 1516      6720 696E 
 1516      7400 
 1517               	.LASF23:
 1518 0140 7365 7269 		.string	"serialize_int8"
 1518      616C 697A 
 1518      655F 696E 
 1518      7438 00
 1519               	.LASF21:
 1520 014f 7365 7269 		.string	"serialize_uint16"
 1520      616C 697A 
 1520      655F 7569 
 1520      6E74 3136 
 1520      00
 1521               	.LASF22:
 1522 0160 7365 7269 		.string	"serialize_uint32"
 1522      616C 697A 
 1522      655F 7569 
 1522      6E74 3332 
 1522      00
 1523               	.LASF28:
 1524 0171 474E 5520 		.string	"GNU C 4.8.1 -mmcu=atmega328p -g -Os"
 1524      4320 342E 
 1524      382E 3120 
 1524      2D6D 6D63 
 1524      753D 6174 
 1525               	.LASF5:
 1526 0195 7569 6E74 		.string	"uint16_t"
 1526      3136 5F74 
 1526      00
 1527               	.LASF9:
 1528 019e 7569 6E74 		.string	"uint32_t"
 1528      3332 5F74 
 1528      00
 1529               	.LASF8:
 1530 01a7 6C6F 6E67 		.string	"long int"
 1530      2069 6E74 
GAS LISTING /var/folders/7l/9pmsqbq54pd4f14gcz60xhbh0000gn/T//ccedeTIo.s 			page 30


 1530      00
 1531               	.LASF16:
 1532 01b0 6461 7461 		.string	"dataindex"
 1532      696E 6465 
 1532      7800 
 1533               	.LASF19:
 1534 01ba 6275 6666 		.string	"buff"
 1534      00
 1535               	.LASF2:
 1536 01bf 7369 676E 		.string	"signed char"
 1536      6564 2063 
 1536      6861 7200 
 1537               	.LASF14:
 1538 01cb 7369 7A65 		.string	"size"
 1538      00
 1539               	.LASF31:
 1540 01d0 6342 7566 		.string	"cBuffer_s"
 1540      6665 725F 
 1540      7300 
 1541               		.ident	"GCC: (GNU) 4.8.1"
GAS LISTING /var/folders/7l/9pmsqbq54pd4f14gcz60xhbh0000gn/T//ccedeTIo.s 			page 31


DEFINED SYMBOLS
                            *ABS*:00000000 serialize.c
/var/folders/7l/9pmsqbq54pd4f14gcz60xhbh0000gn/T//ccedeTIo.s:2      *ABS*:0000003e __SP_H__
/var/folders/7l/9pmsqbq54pd4f14gcz60xhbh0000gn/T//ccedeTIo.s:3      *ABS*:0000003d __SP_L__
/var/folders/7l/9pmsqbq54pd4f14gcz60xhbh0000gn/T//ccedeTIo.s:4      *ABS*:0000003f __SREG__
/var/folders/7l/9pmsqbq54pd4f14gcz60xhbh0000gn/T//ccedeTIo.s:5      *ABS*:00000000 __tmp_reg__
/var/folders/7l/9pmsqbq54pd4f14gcz60xhbh0000gn/T//ccedeTIo.s:6      *ABS*:00000001 __zero_reg__
/var/folders/7l/9pmsqbq54pd4f14gcz60xhbh0000gn/T//ccedeTIo.s:12     .text:00000000 serialize_uint8
/var/folders/7l/9pmsqbq54pd4f14gcz60xhbh0000gn/T//ccedeTIo.s:33     .text:00000008 serialize_uint16
/var/folders/7l/9pmsqbq54pd4f14gcz60xhbh0000gn/T//ccedeTIo.s:84     .text:0000002a serialize_uint32
/var/folders/7l/9pmsqbq54pd4f14gcz60xhbh0000gn/T//ccedeTIo.s:158    .text:00000074 serialize_int8
/var/folders/7l/9pmsqbq54pd4f14gcz60xhbh0000gn/T//ccedeTIo.s:175    .text:00000078 serialize_int16
/var/folders/7l/9pmsqbq54pd4f14gcz60xhbh0000gn/T//ccedeTIo.s:192    .text:0000007c serialize_int32
/var/folders/7l/9pmsqbq54pd4f14gcz60xhbh0000gn/T//ccedeTIo.s:209    .text:00000080 serialize_float32

UNDEFINED SYMBOLS
bufferAddToEnd
